<?xml version="1.0" encoding="UTF-8"?>
<testsuite xmlns:xsi="http://www.w3.org/2001/XMLSchema-instance" xsi:noNamespaceSchemaLocation="https://maven.apache.org/surefire/maven-surefire-plugin/xsd/surefire-test-report-3.0.xsd" version="3.0" name="org.acme.security.webauthn.test.WebAuthnResourceTest" time="7.524" tests="2" errors="0" skipped="0" failures="0">
  <properties>
    <property name="java.specification.version" value="20"/>
    <property name="sun.jnu.encoding" value="UTF-8"/>
    <property name="test.url" value="http://localhost:8081"/>
    <property name="java.class.path" value="/Users/enricoconte/code/quarkus/quarkus-quickstarts/security-webauthn-quickstart/target/test-classes:/Users/enricoconte/code/quarkus/quarkus-quickstarts/security-webauthn-quickstart/target/classes:/Users/enricoconte/.m2/repository/io/quarkus/quarkus-resteasy-reactive/3.3.3/quarkus-resteasy-reactive-3.3.3.jar:/Users/enricoconte/.m2/repository/io/quarkus/quarkus-resteasy-reactive-common/3.3.3/quarkus-resteasy-reactive-common-3.3.3.jar:/Users/enricoconte/.m2/repository/io/quarkus/resteasy/reactive/resteasy-reactive-common/3.3.3/resteasy-reactive-common-3.3.3.jar:/Users/enricoconte/.m2/repository/io/quarkus/resteasy/reactive/resteasy-reactive-common-types/3.3.3/resteasy-reactive-common-types-3.3.3.jar:/Users/enricoconte/.m2/repository/org/reactivestreams/reactive-streams/1.0.4/reactive-streams-1.0.4.jar:/Users/enricoconte/.m2/repository/io/smallrye/reactive/mutiny-zero-flow-adapters/1.0.0/mutiny-zero-flow-adapters-1.0.0.jar:/Users/enricoconte/.m2/repository/io/quarkus/quarkus-mutiny/3.3.3/quarkus-mutiny-3.3.3.jar:/Users/enricoconte/.m2/repository/io/quarkus/quarkus-smallrye-context-propagation/3.3.3/quarkus-smallrye-context-propagation-3.3.3.jar:/Users/enricoconte/.m2/repository/io/smallrye/smallrye-context-propagation/2.1.0/smallrye-context-propagation-2.1.0.jar:/Users/enricoconte/.m2/repository/io/smallrye/smallrye-context-propagation-api/2.1.0/smallrye-context-propagation-api-2.1.0.jar:/Users/enricoconte/.m2/repository/io/smallrye/smallrye-context-propagation-storage/2.1.0/smallrye-context-propagation-storage-2.1.0.jar:/Users/enricoconte/.m2/repository/io/smallrye/reactive/mutiny-smallrye-context-propagation/2.3.1/mutiny-smallrye-context-propagation-2.3.1.jar:/Users/enricoconte/.m2/repository/io/quarkus/resteasy/reactive/resteasy-reactive-vertx/3.3.3/resteasy-reactive-vertx-3.3.3.jar:/Users/enricoconte/.m2/repository/io/vertx/vertx-web/4.4.4/vertx-web-4.4.4.jar:/Users/enricoconte/.m2/repository/io/vertx/vertx-web-common/4.4.4/vertx-web-common-4.4.4.jar:/Users/enricoconte/.m2/repository/io/vertx/vertx-bridge-common/4.4.4/vertx-bridge-common-4.4.4.jar:/Users/enricoconte/.m2/repository/io/smallrye/reactive/smallrye-mutiny-vertx-core/3.5.0/smallrye-mutiny-vertx-core-3.5.0.jar:/Users/enricoconte/.m2/repository/io/smallrye/reactive/smallrye-mutiny-vertx-runtime/3.5.0/smallrye-mutiny-vertx-runtime-3.5.0.jar:/Users/enricoconte/.m2/repository/io/smallrye/reactive/vertx-mutiny-generator/3.5.0/vertx-mutiny-generator-3.5.0.jar:/Users/enricoconte/.m2/repository/io/vertx/vertx-codegen/4.4.4/vertx-codegen-4.4.4.jar:/Users/enricoconte/.m2/repository/io/quarkus/resteasy/reactive/resteasy-reactive/3.3.3/resteasy-reactive-3.3.3.jar:/Users/enricoconte/.m2/repository/jakarta/enterprise/jakarta.enterprise.cdi-api/4.0.1/jakarta.enterprise.cdi-api-4.0.1.jar:/Users/enricoconte/.m2/repository/jakarta/enterprise/jakarta.enterprise.lang-model/4.0.1/jakarta.enterprise.lang-model-4.0.1.jar:/Users/enricoconte/.m2/repository/jakarta/el/jakarta.el-api/5.0.1/jakarta.el-api-5.0.1.jar:/Users/enricoconte/.m2/repository/jakarta/annotation/jakarta.annotation-api/2.1.1/jakarta.annotation-api-2.1.1.jar:/Users/enricoconte/.m2/repository/org/jboss/logging/commons-logging-jboss-logging/1.0.0.Final/commons-logging-jboss-logging-1.0.0.Final.jar:/Users/enricoconte/.m2/repository/jakarta/xml/bind/jakarta.xml.bind-api/4.0.0/jakarta.xml.bind-api-4.0.0.jar:/Users/enricoconte/.m2/repository/jakarta/activation/jakarta.activation-api/2.1.2/jakarta.activation-api-2.1.2.jar:/Users/enricoconte/.m2/repository/org/jboss/logging/jboss-logging/3.5.1.Final/jboss-logging-3.5.1.Final.jar:/Users/enricoconte/.m2/repository/io/quarkus/quarkus-vertx-http/3.3.3/quarkus-vertx-http-3.3.3.jar:/Users/enricoconte/.m2/repository/io/quarkus/quarkus-security-runtime-spi/3.3.3/quarkus-security-runtime-spi-3.3.3.jar:/Users/enricoconte/.m2/repository/io/smallrye/common/smallrye-common-vertx-context/2.1.0/smallrye-common-vertx-context-2.1.0.jar:/Users/enricoconte/.m2/repository/io/smallrye/common/smallrye-common-constraint/2.1.0/smallrye-common-constraint-2.1.0.jar:/Users/enricoconte/.m2/repository/io/quarkus/quarkus-vertx-http-dev-console-runtime-spi/3.3.3/quarkus-vertx-http-dev-console-runtime-spi-3.3.3.jar:/Users/enricoconte/.m2/repository/io/quarkus/security/quarkus-security/2.0.2.Final/quarkus-security-2.0.2.Final.jar:/Users/enricoconte/.m2/repository/io/smallrye/reactive/smallrye-mutiny-vertx-web/3.5.0/smallrye-mutiny-vertx-web-3.5.0.jar:/Users/enricoconte/.m2/repository/io/smallrye/reactive/smallrye-mutiny-vertx-web-common/3.5.0/smallrye-mutiny-vertx-web-common-3.5.0.jar:/Users/enricoconte/.m2/repository/io/smallrye/reactive/smallrye-mutiny-vertx-auth-common/3.5.0/smallrye-mutiny-vertx-auth-common-3.5.0.jar:/Users/enricoconte/.m2/repository/io/smallrye/reactive/smallrye-mutiny-vertx-bridge-common/3.5.0/smallrye-mutiny-vertx-bridge-common-3.5.0.jar:/Users/enricoconte/.m2/repository/io/smallrye/reactive/smallrye-mutiny-vertx-uri-template/3.5.0/smallrye-mutiny-vertx-uri-template-3.5.0.jar:/Users/enricoconte/.m2/repository/io/vertx/vertx-uri-template/4.4.4/vertx-uri-template-4.4.4.jar:/Users/enricoconte/.m2/repository/io/github/crac/org-crac/0.1.3/org-crac-0.1.3.jar:/Users/enricoconte/.m2/repository/io/quarkus/quarkus-jsonp/3.3.3/quarkus-jsonp-3.3.3.jar:/Users/enricoconte/.m2/repository/org/eclipse/parsson/parsson/1.1.2/parsson-1.1.2.jar:/Users/enricoconte/.m2/repository/jakarta/json/jakarta.json-api/2.1.2/jakarta.json-api-2.1.2.jar:/Users/enricoconte/.m2/repository/io/quarkus/quarkus-virtual-threads/3.3.3/quarkus-virtual-threads-3.3.3.jar:/Users/enricoconte/.m2/repository/io/quarkus/quarkus-security-webauthn/3.3.3/quarkus-security-webauthn-3.3.3.jar:/Users/enricoconte/.m2/repository/jakarta/ws/rs/jakarta.ws.rs-api/3.1.0/jakarta.ws.rs-api-3.1.0.jar:/Users/enricoconte/.m2/repository/io/quarkus/quarkus-core/3.3.3/quarkus-core-3.3.3.jar:/Users/enricoconte/.m2/repository/jakarta/inject/jakarta.inject-api/2.0.1/jakarta.inject-api-2.0.1.jar:/Users/enricoconte/.m2/repository/io/smallrye/common/smallrye-common-os/2.1.0/smallrye-common-os-2.1.0.jar:/Users/enricoconte/.m2/repository/io/quarkus/quarkus-ide-launcher/3.3.3/quarkus-ide-launcher-3.3.3.jar:/Users/enricoconte/.m2/repository/io/quarkus/quarkus-development-mode-spi/3.3.3/quarkus-development-mode-spi-3.3.3.jar:/Users/enricoconte/.m2/repository/io/smallrye/config/smallrye-config/3.3.4/smallrye-config-3.3.4.jar:/Users/enricoconte/.m2/repository/io/smallrye/config/smallrye-config-core/3.3.4/smallrye-config-core-3.3.4.jar:/Users/enricoconte/.m2/repository/org/eclipse/microprofile/config/microprofile-config-api/3.0.3/microprofile-config-api-3.0.3.jar:/Users/enricoconte/.m2/repository/io/smallrye/common/smallrye-common-expression/2.1.0/smallrye-common-expression-2.1.0.jar:/Users/enricoconte/.m2/repository/io/smallrye/common/smallrye-common-function/2.1.0/smallrye-common-function-2.1.0.jar:/Users/enricoconte/.m2/repository/io/smallrye/common/smallrye-common-classloader/2.1.0/smallrye-common-classloader-2.1.0.jar:/Users/enricoconte/.m2/repository/io/smallrye/config/smallrye-config-common/3.3.4/smallrye-config-common-3.3.4.jar:/Users/enricoconte/.m2/repository/org/jboss/logmanager/jboss-logmanager-embedded/1.1.1/jboss-logmanager-embedded-1.1.1.jar:/Users/enricoconte/.m2/repository/org/jboss/logging/jboss-logging-annotations/2.2.1.Final/jboss-logging-annotations-2.2.1.Final.jar:/Users/enricoconte/.m2/repository/org/jboss/threads/jboss-threads/3.5.0.Final/jboss-threads-3.5.0.Final.jar:/Users/enricoconte/.m2/repository/org/slf4j/slf4j-api/2.0.6/slf4j-api-2.0.6.jar:/Users/enricoconte/.m2/repository/org/jboss/slf4j/slf4j-jboss-logmanager/2.0.0.Final/slf4j-jboss-logmanager-2.0.0.Final.jar:/Users/enricoconte/.m2/repository/org/wildfly/common/wildfly-common/1.5.4.Final-format-001/wildfly-common-1.5.4.Final-format-001.jar:/Users/enricoconte/.m2/repository/io/quarkus/quarkus-bootstrap-runner/3.3.3/quarkus-bootstrap-runner-3.3.3.jar:/Users/enricoconte/.m2/repository/io/quarkus/quarkus-fs-util/0.0.9/quarkus-fs-util-0.0.9.jar:/Users/enricoconte/.m2/repository/io/quarkus/quarkus-security/3.3.3/quarkus-security-3.3.3.jar:/Users/enricoconte/.m2/repository/jakarta/interceptor/jakarta.interceptor-api/2.1.0/jakarta.interceptor-api-2.1.0.jar:/Users/enricoconte/.m2/repository/io/vertx/vertx-auth-webauthn/4.4.4/vertx-auth-webauthn-4.4.4.jar:/Users/enricoconte/.m2/repository/io/vertx/vertx-auth-common/4.4.4/vertx-auth-common-4.4.4.jar:/Users/enricoconte/.m2/repository/io/vertx/vertx-core/4.4.4/vertx-core-4.4.4.jar:/Users/enricoconte/.m2/repository/io/netty/netty-common/4.1.94.Final/netty-common-4.1.94.Final.jar:/Users/enricoconte/.m2/repository/io/netty/netty-buffer/4.1.94.Final/netty-buffer-4.1.94.Final.jar:/Users/enricoconte/.m2/repository/io/netty/netty-transport/4.1.94.Final/netty-transport-4.1.94.Final.jar:/Users/enricoconte/.m2/repository/io/netty/netty-handler/4.1.94.Final/netty-handler-4.1.94.Final.jar:/Users/enricoconte/.m2/repository/io/netty/netty-transport-native-unix-common/4.1.94.Final/netty-transport-native-unix-common-4.1.94.Final.jar:/Users/enricoconte/.m2/repository/io/netty/netty-handler-proxy/4.1.94.Final/netty-handler-proxy-4.1.94.Final.jar:/Users/enricoconte/.m2/repository/io/netty/netty-codec-socks/4.1.94.Final/netty-codec-socks-4.1.94.Final.jar:/Users/enricoconte/.m2/repository/io/netty/netty-codec-http/4.1.94.Final/netty-codec-http-4.1.94.Final.jar:/Users/enricoconte/.m2/repository/io/netty/netty-codec-http2/4.1.94.Final/netty-codec-http2-4.1.94.Final.jar:/Users/enricoconte/.m2/repository/io/netty/netty-resolver/4.1.94.Final/netty-resolver-4.1.94.Final.jar:/Users/enricoconte/.m2/repository/io/netty/netty-resolver-dns/4.1.94.Final/netty-resolver-dns-4.1.94.Final.jar:/Users/enricoconte/.m2/repository/io/netty/netty-codec-dns/4.1.94.Final/netty-codec-dns-4.1.94.Final.jar:/Users/enricoconte/.m2/repository/io/quarkus/quarkus-test-security-webauthn/3.3.3/quarkus-test-security-webauthn-3.3.3.jar:/Users/enricoconte/.m2/repository/com/fasterxml/jackson/dataformat/jackson-dataformat-cbor/2.15.2/jackson-dataformat-cbor-2.15.2.jar:/Users/enricoconte/.m2/repository/com/fasterxml/jackson/core/jackson-databind/2.15.2/jackson-databind-2.15.2.jar:/Users/enricoconte/.m2/repository/com/fasterxml/jackson/core/jackson-annotations/2.15.2/jackson-annotations-2.15.2.jar:/Users/enricoconte/.m2/repository/com/fasterxml/jackson/core/jackson-core/2.15.2/jackson-core-2.15.2.jar:/Users/enricoconte/.m2/repository/org/junit/jupiter/junit-jupiter/5.9.3/junit-jupiter-5.9.3.jar:/Users/enricoconte/.m2/repository/org/junit/jupiter/junit-jupiter-api/5.9.3/junit-jupiter-api-5.9.3.jar:/Users/enricoconte/.m2/repository/org/opentest4j/opentest4j/1.2.0/opentest4j-1.2.0.jar:/Users/enricoconte/.m2/repository/org/junit/platform/junit-platform-commons/1.9.3/junit-platform-commons-1.9.3.jar:/Users/enricoconte/.m2/repository/org/apiguardian/apiguardian-api/1.1.2/apiguardian-api-1.1.2.jar:/Users/enricoconte/.m2/repository/org/junit/jupiter/junit-jupiter-params/5.9.3/junit-jupiter-params-5.9.3.jar:/Users/enricoconte/.m2/repository/org/junit/jupiter/junit-jupiter-engine/5.9.3/junit-jupiter-engine-5.9.3.jar:/Users/enricoconte/.m2/repository/org/junit/platform/junit-platform-engine/1.9.3/junit-platform-engine-1.9.3.jar:/Users/enricoconte/.m2/repository/io/quarkus/quarkus-reactive-pg-client/3.3.3/quarkus-reactive-pg-client-3.3.3.jar:/Users/enricoconte/.m2/repository/io/quarkus/quarkus-reactive-datasource/3.3.3/quarkus-reactive-datasource-3.3.3.jar:/Users/enricoconte/.m2/repository/io/quarkus/quarkus-datasource/3.3.3/quarkus-datasource-3.3.3.jar:/Users/enricoconte/.m2/repository/io/quarkus/quarkus-datasource-common/3.3.3/quarkus-datasource-common-3.3.3.jar:/Users/enricoconte/.m2/repository/io/vertx/vertx-sql-client/4.4.4/vertx-sql-client-4.4.4.jar:/Users/enricoconte/.m2/repository/io/quarkus/quarkus-vertx/3.3.3/quarkus-vertx-3.3.3.jar:/Users/enricoconte/.m2/repository/io/quarkus/quarkus-netty/3.3.3/quarkus-netty-3.3.3.jar:/Users/enricoconte/.m2/repository/io/netty/netty-codec/4.1.94.Final/netty-codec-4.1.94.Final.jar:/Users/enricoconte/.m2/repository/com/aayushatharva/brotli4j/brotli4j/1.12.0/brotli4j-1.12.0.jar:/Users/enricoconte/.m2/repository/com/aayushatharva/brotli4j/service/1.12.0/service-1.12.0.jar:/Users/enricoconte/.m2/repository/com/aayushatharva/brotli4j/native-osx-aarch64/1.12.0/native-osx-aarch64-1.12.0.jar:/Users/enricoconte/.m2/repository/io/netty/netty-codec-haproxy/4.1.94.Final/netty-codec-haproxy-4.1.94.Final.jar:/Users/enricoconte/.m2/repository/io/quarkus/quarkus-vertx-latebound-mdc-provider/3.3.3/quarkus-vertx-latebound-mdc-provider-3.3.3.jar:/Users/enricoconte/.m2/repository/io/smallrye/smallrye-fault-tolerance-vertx/6.2.6/smallrye-fault-tolerance-vertx-6.2.6.jar:/Users/enricoconte/.m2/repository/io/vertx/vertx-pg-client/4.4.4/vertx-pg-client-4.4.4.jar:/Users/enricoconte/.m2/repository/com/ongres/scram/client/2.1/client-2.1.jar:/Users/enricoconte/.m2/repository/com/ongres/scram/common/2.1/common-2.1.jar:/Users/enricoconte/.m2/repository/com/ongres/stringprep/saslprep/1.1/saslprep-1.1.jar:/Users/enricoconte/.m2/repository/com/ongres/stringprep/stringprep/1.1/stringprep-1.1.jar:/Users/enricoconte/.m2/repository/io/smallrye/reactive/smallrye-mutiny-vertx-pg-client/3.5.0/smallrye-mutiny-vertx-pg-client-3.5.0.jar:/Users/enricoconte/.m2/repository/io/smallrye/reactive/smallrye-mutiny-vertx-sql-client/3.5.0/smallrye-mutiny-vertx-sql-client-3.5.0.jar:/Users/enricoconte/.m2/repository/io/quarkus/quarkus-credentials/3.3.3/quarkus-credentials-3.3.3.jar:/Users/enricoconte/.m2/repository/io/quarkus/quarkus-hibernate-reactive-panache/3.3.3/quarkus-hibernate-reactive-panache-3.3.3.jar:/Users/enricoconte/.m2/repository/io/quarkus/quarkus-hibernate-reactive/3.3.3/quarkus-hibernate-reactive-3.3.3.jar:/Users/enricoconte/.m2/repository/io/quarkus/quarkus-hibernate-orm/3.3.3/quarkus-hibernate-orm-3.3.3.jar:/Users/enricoconte/.m2/repository/org/hibernate/orm/hibernate-core/6.2.7.Final/hibernate-core-6.2.7.Final.jar:/Users/enricoconte/.m2/repository/com/fasterxml/classmate/1.5.1/classmate-1.5.1.jar:/Users/enricoconte/.m2/repository/org/antlr/antlr4-runtime/4.10.1/antlr4-runtime-4.10.1.jar:/Users/enricoconte/.m2/repository/net/bytebuddy/byte-buddy/1.12.18/byte-buddy-1.12.18.jar:/Users/enricoconte/.m2/repository/org/hibernate/common/hibernate-commons-annotations/6.0.6.Final/hibernate-commons-annotations-6.0.6.Final.jar:/Users/enricoconte/.m2/repository/org/hibernate/orm/hibernate-graalvm/6.2.7.Final/hibernate-graalvm-6.2.7.Final.jar:/Users/enricoconte/.m2/repository/org/glassfish/jaxb/jaxb-runtime/4.0.3/jaxb-runtime-4.0.3.jar:/Users/enricoconte/.m2/repository/org/glassfish/jaxb/jaxb-core/4.0.3/jaxb-core-4.0.3.jar:/Users/enricoconte/.m2/repository/org/eclipse/angus/angus-activation/2.0.1/angus-activation-2.0.1.jar:/Users/enricoconte/.m2/repository/org/glassfish/jaxb/txw2/4.0.3/txw2-4.0.3.jar:/Users/enricoconte/.m2/repository/com/sun/istack/istack-commons-runtime/4.1.2/istack-commons-runtime-4.1.2.jar:/Users/enricoconte/.m2/repository/jakarta/persistence/jakarta.persistence-api/3.1.0/jakarta.persistence-api-3.1.0.jar:/Users/enricoconte/.m2/repository/org/hibernate/quarkus-local-cache/0.2.1/quarkus-local-cache-0.2.1.jar:/Users/enricoconte/.m2/repository/io/quarkus/quarkus-caffeine/3.3.3/quarkus-caffeine-3.3.3.jar:/Users/enricoconte/.m2/repository/com/github/ben-manes/caffeine/caffeine/3.1.5/caffeine-3.1.5.jar:/Users/enricoconte/.m2/repository/com/google/errorprone/error_prone_annotations/2.20.0/error_prone_annotations-2.20.0.jar:/Users/enricoconte/.m2/repository/org/hibernate/reactive/hibernate-reactive-core/2.0.4.Final/hibernate-reactive-core-2.0.4.Final.jar:/Users/enricoconte/.m2/repository/io/quarkus/quarkus-hibernate-reactive-panache-common/3.3.3/quarkus-hibernate-reactive-panache-common-3.3.3.jar:/Users/enricoconte/.m2/repository/io/quarkus/quarkus-panache-common/3.3.3/quarkus-panache-common-3.3.3.jar:/Users/enricoconte/.m2/repository/io/quarkus/quarkus-panache-hibernate-common/3.3.3/quarkus-panache-hibernate-common-3.3.3.jar:/Users/enricoconte/.m2/repository/io/smallrye/common/smallrye-common-annotation/2.1.0/smallrye-common-annotation-2.1.0.jar:/Users/enricoconte/.m2/repository/io/quarkus/quarkus-arc/3.3.3/quarkus-arc-3.3.3.jar:/Users/enricoconte/.m2/repository/io/quarkus/arc/arc/3.3.3/arc-3.3.3.jar:/Users/enricoconte/.m2/repository/jakarta/transaction/jakarta.transaction-api/2.0.1/jakarta.transaction-api-2.0.1.jar:/Users/enricoconte/.m2/repository/io/smallrye/reactive/mutiny/2.3.1/mutiny-2.3.1.jar:/Users/enricoconte/.m2/repository/org/eclipse/microprofile/context-propagation/microprofile-context-propagation-api/1.3/microprofile-context-propagation-api-1.3.jar:/Users/enricoconte/.m2/repository/io/quarkus/quarkus-junit5/3.3.3/quarkus-junit5-3.3.3.jar:/Users/enricoconte/.m2/repository/io/quarkus/quarkus-bootstrap-core/3.3.3/quarkus-bootstrap-core-3.3.3.jar:/Users/enricoconte/.m2/repository/io/quarkus/quarkus-bootstrap-app-model/3.3.3/quarkus-bootstrap-app-model-3.3.3.jar:/Users/enricoconte/.m2/repository/io/smallrye/common/smallrye-common-io/2.1.0/smallrye-common-io-2.1.0.jar:/Users/enricoconte/.m2/repository/org/eclipse/sisu/org.eclipse.sisu.inject/0.3.5/org.eclipse.sisu.inject-0.3.5.jar:/Users/enricoconte/.m2/repository/io/quarkus/quarkus-test-common/3.3.3/quarkus-test-common-3.3.3.jar:/Users/enricoconte/.m2/repository/io/quarkus/quarkus-core-deployment/3.3.3/quarkus-core-deployment-3.3.3.jar:/Users/enricoconte/.m2/repository/org/aesh/readline/2.4/readline-2.4.jar:/Users/enricoconte/.m2/repository/org/fusesource/jansi/jansi/2.4.0/jansi-2.4.0.jar:/Users/enricoconte/.m2/repository/org/aesh/aesh/2.7/aesh-2.7.jar:/Users/enricoconte/.m2/repository/io/quarkus/gizmo/gizmo/1.6.1.Final/gizmo-1.6.1.Final.jar:/Users/enricoconte/.m2/repository/org/ow2/asm/asm-util/9.5/asm-util-9.5.jar:/Users/enricoconte/.m2/repository/org/ow2/asm/asm-analysis/9.5/asm-analysis-9.5.jar:/Users/enricoconte/.m2/repository/org/ow2/asm/asm/9.5/asm-9.5.jar:/Users/enricoconte/.m2/repository/org/ow2/asm/asm-commons/9.5/asm-commons-9.5.jar:/Users/enricoconte/.m2/repository/org/ow2/asm/asm-tree/9.5/asm-tree-9.5.jar:/Users/enricoconte/.m2/repository/io/quarkus/quarkus-class-change-agent/3.3.3/quarkus-class-change-agent-3.3.3.jar:/Users/enricoconte/.m2/repository/io/quarkus/quarkus-devtools-utilities/3.3.3/quarkus-devtools-utilities-3.3.3.jar:/Users/enricoconte/.m2/repository/io/quarkus/quarkus-builder/3.3.3/quarkus-builder-3.3.3.jar:/Users/enricoconte/.m2/repository/org/graalvm/sdk/graal-sdk/23.0.1/graal-sdk-23.0.1.jar:/Users/enricoconte/.m2/repository/org/junit/platform/junit-platform-launcher/1.9.3/junit-platform-launcher-1.9.3.jar:/Users/enricoconte/.m2/repository/io/quarkus/quarkus-bootstrap-maven-resolver/3.3.3/quarkus-bootstrap-maven-resolver-3.3.3.jar:/Users/enricoconte/.m2/repository/io/smallrye/beanbag/smallrye-beanbag-maven/1.3.2/smallrye-beanbag-maven-1.3.2.jar:/Users/enricoconte/.m2/repository/io/smallrye/beanbag/smallrye-beanbag-sisu/1.3.2/smallrye-beanbag-sisu-1.3.2.jar:/Users/enricoconte/.m2/repository/io/smallrye/beanbag/smallrye-beanbag/1.3.2/smallrye-beanbag-1.3.2.jar:/Users/enricoconte/.m2/repository/javax/inject/javax.inject/1/javax.inject-1.jar:/Users/enricoconte/.m2/repository/org/apache/maven/maven-artifact/3.9.3/maven-artifact-3.9.3.jar:/Users/enricoconte/.m2/repository/org/apache/maven/maven-builder-support/3.9.3/maven-builder-support-3.9.3.jar:/Users/enricoconte/.m2/repository/org/apache/maven/maven-model/3.9.3/maven-model-3.9.3.jar:/Users/enricoconte/.m2/repository/org/apache/maven/maven-model-builder/3.9.3/maven-model-builder-3.9.3.jar:/Users/enricoconte/.m2/repository/org/apache/maven/maven-repository-metadata/3.9.3/maven-repository-metadata-3.9.3.jar:/Users/enricoconte/.m2/repository/org/apache/maven/maven-settings/3.9.3/maven-settings-3.9.3.jar:/Users/enricoconte/.m2/repository/org/apache/maven/resolver/maven-resolver-api/1.9.13/maven-resolver-api-1.9.13.jar:/Users/enricoconte/.m2/repository/org/apache/maven/resolver/maven-resolver-impl/1.9.13/maven-resolver-impl-1.9.13.jar:/Users/enricoconte/.m2/repository/org/apache/maven/resolver/maven-resolver-named-locks/1.9.13/maven-resolver-named-locks-1.9.13.jar:/Users/enricoconte/.m2/repository/org/apache/maven/resolver/maven-resolver-spi/1.9.13/maven-resolver-spi-1.9.13.jar:/Users/enricoconte/.m2/repository/org/apache/maven/resolver/maven-resolver-util/1.9.13/maven-resolver-util-1.9.13.jar:/Users/enricoconte/.m2/repository/org/apache/maven/resolver/maven-resolver-transport-http/1.9.10/maven-resolver-transport-http-1.9.10.jar:/Users/enricoconte/.m2/repository/org/apache/maven/wagon/wagon-provider-api/3.5.3/wagon-provider-api-3.5.3.jar:/Users/enricoconte/.m2/repository/org/apache/maven/wagon/wagon-http-shared/3.5.3/wagon-http-shared-3.5.3.jar:/Users/enricoconte/.m2/repository/org/codehaus/plexus/plexus-interpolation/1.26/plexus-interpolation-1.26.jar:/Users/enricoconte/.m2/repository/org/codehaus/plexus/plexus-utils/3.5.1/plexus-utils-3.5.1.jar:/Users/enricoconte/.m2/repository/org/codehaus/plexus/plexus-xml/4.0.0/plexus-xml-4.0.0.jar:/Users/enricoconte/.m2/repository/org/apache/maven/maven-xml-impl/4.0.0-alpha-5/maven-xml-impl-4.0.0-alpha-5.jar:/Users/enricoconte/.m2/repository/org/apache/maven/maven-api-xml/4.0.0-alpha-5/maven-api-xml-4.0.0-alpha-5.jar:/Users/enricoconte/.m2/repository/org/apache/maven/maven-api-meta/4.0.0-alpha-5/maven-api-meta-4.0.0-alpha-5.jar:/Users/enricoconte/.m2/repository/org/codehaus/plexus/plexus-cipher/2.0/plexus-cipher-2.0.jar:/Users/enricoconte/.m2/repository/org/codehaus/plexus/plexus-sec-dispatcher/2.0/plexus-sec-dispatcher-2.0.jar:/Users/enricoconte/.m2/repository/org/apache/maven/maven-embedder/3.9.3/maven-embedder-3.9.3.jar:/Users/enricoconte/.m2/repository/org/apache/maven/maven-core/3.9.3/maven-core-3.9.3.jar:/Users/enricoconte/.m2/repository/org/codehaus/plexus/plexus-component-annotations/2.1.0/plexus-component-annotations-2.1.0.jar:/Users/enricoconte/.m2/repository/org/apache/maven/maven-plugin-api/3.9.3/maven-plugin-api-3.9.3.jar:/Users/enricoconte/.m2/repository/org/apache/maven/shared/maven-shared-utils/3.3.4/maven-shared-utils-3.3.4.jar:/Users/enricoconte/.m2/repository/com/google/inject/guice/5.1.0/guice-5.1.0.jar:/Users/enricoconte/.m2/repository/aopalliance/aopalliance/1.0/aopalliance-1.0.jar:/Users/enricoconte/.m2/repository/com/google/guava/guava/32.1.1-jre/guava-32.1.1-jre.jar:/Users/enricoconte/.m2/repository/com/google/guava/failureaccess/1.0.1/failureaccess-1.0.1.jar:/Users/enricoconte/.m2/repository/javax/annotation/javax.annotation-api/1.3.2/javax.annotation-api-1.3.2.jar:/Users/enricoconte/.m2/repository/org/codehaus/plexus/plexus-classworlds/2.6.0/plexus-classworlds-2.6.0.jar:/Users/enricoconte/.m2/repository/commons-cli/commons-cli/1.5.0/commons-cli-1.5.0.jar:/Users/enricoconte/.m2/repository/org/eclipse/sisu/org.eclipse.sisu.plexus/0.3.5/org.eclipse.sisu.plexus-0.3.5.jar:/Users/enricoconte/.m2/repository/org/apache/maven/maven-settings-builder/3.9.3/maven-settings-builder-3.9.3.jar:/Users/enricoconte/.m2/repository/org/apache/maven/maven-resolver-provider/3.9.3/maven-resolver-provider-3.9.3.jar:/Users/enricoconte/.m2/repository/org/apache/maven/resolver/maven-resolver-connector-basic/1.9.13/maven-resolver-connector-basic-1.9.13.jar:/Users/enricoconte/.m2/repository/org/apache/maven/resolver/maven-resolver-transport-wagon/1.9.13/maven-resolver-transport-wagon-1.9.13.jar:/Users/enricoconte/.m2/repository/org/apache/maven/wagon/wagon-http/3.5.3/wagon-http-3.5.3.jar:/Users/enricoconte/.m2/repository/org/apache/maven/wagon/wagon-file/3.5.3/wagon-file-3.5.3.jar:/Users/enricoconte/.m2/repository/io/quarkus/quarkus-bootstrap-gradle-resolver/3.3.3/quarkus-bootstrap-gradle-resolver-3.3.3.jar:/Users/enricoconte/.m2/repository/io/smallrye/jandex/3.1.2/jandex-3.1.2.jar:/Users/enricoconte/.m2/repository/commons-io/commons-io/2.13.0/commons-io-2.13.0.jar:/Users/enricoconte/.m2/repository/io/quarkus/quarkus-junit5-properties/3.3.3/quarkus-junit5-properties-3.3.3.jar:/Users/enricoconte/.m2/repository/com/thoughtworks/xstream/xstream/1.4.20/xstream-1.4.20.jar:/Users/enricoconte/.m2/repository/io/github/x-stream/mxparser/1.2.2/mxparser-1.2.2.jar:/Users/enricoconte/.m2/repository/xmlpull/xmlpull/1.1.3.1/xmlpull-1.1.3.1.jar:/Users/enricoconte/.m2/repository/io/rest-assured/rest-assured/5.3.0/rest-assured-5.3.0.jar:/Users/enricoconte/.m2/repository/org/apache/groovy/groovy/4.0.6/groovy-4.0.6.jar:/Users/enricoconte/.m2/repository/org/apache/groovy/groovy-xml/4.0.6/groovy-xml-4.0.6.jar:/Users/enricoconte/.m2/repository/org/apache/httpcomponents/httpclient/4.5.14/httpclient-4.5.14.jar:/Users/enricoconte/.m2/repository/org/apache/httpcomponents/httpcore/4.4.16/httpcore-4.4.16.jar:/Users/enricoconte/.m2/repository/commons-codec/commons-codec/1.16.0/commons-codec-1.16.0.jar:/Users/enricoconte/.m2/repository/org/apache/httpcomponents/httpmime/4.5.14/httpmime-4.5.14.jar:/Users/enricoconte/.m2/repository/org/hamcrest/hamcrest/2.1/hamcrest-2.1.jar:/Users/enricoconte/.m2/repository/org/ccil/cowan/tagsoup/tagsoup/1.2.1/tagsoup-1.2.1.jar:/Users/enricoconte/.m2/repository/io/rest-assured/json-path/5.3.0/json-path-5.3.0.jar:/Users/enricoconte/.m2/repository/org/apache/groovy/groovy-json/4.0.6/groovy-json-4.0.6.jar:/Users/enricoconte/.m2/repository/io/rest-assured/rest-assured-common/5.3.0/rest-assured-common-5.3.0.jar:/Users/enricoconte/.m2/repository/io/rest-assured/xml-path/5.3.0/xml-path-5.3.0.jar:/Users/enricoconte/.m2/repository/org/apache/commons/commons-lang3/3.12.0/commons-lang3-3.12.0.jar:"/>
    <property name="java.vm.vendor" value="GraalVM Community"/>
    <property name="sun.arch.data.model" value="64"/>
    <property name="java.vendor.url" value="https://www.graalvm.org/"/>
    <property name="user.timezone" value="Europe/Rome"/>
    <property name="logging.initial-configurator.min-level" value="500"/>
    <property name="os.name" value="Mac OS X"/>
    <property name="java.vm.specification.version" value="20"/>
    <property name="sun.java.launcher" value="SUN_STANDARD"/>
    <property name="user.country" value="IT"/>
    <property name="groovy.use.classvalue" value="false"/>
    <property name="sun.boot.library.path" value="/Users/enricoconte/Library/Java/JavaVirtualMachines/graalvm-community-openjdk-20.0.1+9.1/Contents/Home/lib"/>
    <property name="sun.java.command" value="/Users/enricoconte/code/quarkus/quarkus-quickstarts/security-webauthn-quickstart/target/surefire/surefirebooter-20230920155604052_3.jar /Users/enricoconte/code/quarkus/quarkus-quickstarts/security-webauthn-quickstart/target/surefire 2023-09-20T15-56-03_996-jvmRun1 surefire-20230920155604052_1tmp surefire_0-20230920155604052_2tmp"/>
    <property name="http.nonProxyHosts" value="local|*.local|169.254/16|*.169.254/16"/>
    <property name="jdk.debug" value="release"/>
    <property name="maven.home" value="/usr/local/Cellar/maven/3.9.4/libexec"/>
    <property name="surefire.test.class.path" value="/Users/enricoconte/code/quarkus/quarkus-quickstarts/security-webauthn-quickstart/target/test-classes:/Users/enricoconte/code/quarkus/quarkus-quickstarts/security-webauthn-quickstart/target/classes:/Users/enricoconte/.m2/repository/io/quarkus/quarkus-resteasy-reactive/3.3.3/quarkus-resteasy-reactive-3.3.3.jar:/Users/enricoconte/.m2/repository/io/quarkus/quarkus-resteasy-reactive-common/3.3.3/quarkus-resteasy-reactive-common-3.3.3.jar:/Users/enricoconte/.m2/repository/io/quarkus/resteasy/reactive/resteasy-reactive-common/3.3.3/resteasy-reactive-common-3.3.3.jar:/Users/enricoconte/.m2/repository/io/quarkus/resteasy/reactive/resteasy-reactive-common-types/3.3.3/resteasy-reactive-common-types-3.3.3.jar:/Users/enricoconte/.m2/repository/org/reactivestreams/reactive-streams/1.0.4/reactive-streams-1.0.4.jar:/Users/enricoconte/.m2/repository/io/smallrye/reactive/mutiny-zero-flow-adapters/1.0.0/mutiny-zero-flow-adapters-1.0.0.jar:/Users/enricoconte/.m2/repository/io/quarkus/quarkus-mutiny/3.3.3/quarkus-mutiny-3.3.3.jar:/Users/enricoconte/.m2/repository/io/quarkus/quarkus-smallrye-context-propagation/3.3.3/quarkus-smallrye-context-propagation-3.3.3.jar:/Users/enricoconte/.m2/repository/io/smallrye/smallrye-context-propagation/2.1.0/smallrye-context-propagation-2.1.0.jar:/Users/enricoconte/.m2/repository/io/smallrye/smallrye-context-propagation-api/2.1.0/smallrye-context-propagation-api-2.1.0.jar:/Users/enricoconte/.m2/repository/io/smallrye/smallrye-context-propagation-storage/2.1.0/smallrye-context-propagation-storage-2.1.0.jar:/Users/enricoconte/.m2/repository/io/smallrye/reactive/mutiny-smallrye-context-propagation/2.3.1/mutiny-smallrye-context-propagation-2.3.1.jar:/Users/enricoconte/.m2/repository/io/quarkus/resteasy/reactive/resteasy-reactive-vertx/3.3.3/resteasy-reactive-vertx-3.3.3.jar:/Users/enricoconte/.m2/repository/io/vertx/vertx-web/4.4.4/vertx-web-4.4.4.jar:/Users/enricoconte/.m2/repository/io/vertx/vertx-web-common/4.4.4/vertx-web-common-4.4.4.jar:/Users/enricoconte/.m2/repository/io/vertx/vertx-bridge-common/4.4.4/vertx-bridge-common-4.4.4.jar:/Users/enricoconte/.m2/repository/io/smallrye/reactive/smallrye-mutiny-vertx-core/3.5.0/smallrye-mutiny-vertx-core-3.5.0.jar:/Users/enricoconte/.m2/repository/io/smallrye/reactive/smallrye-mutiny-vertx-runtime/3.5.0/smallrye-mutiny-vertx-runtime-3.5.0.jar:/Users/enricoconte/.m2/repository/io/smallrye/reactive/vertx-mutiny-generator/3.5.0/vertx-mutiny-generator-3.5.0.jar:/Users/enricoconte/.m2/repository/io/vertx/vertx-codegen/4.4.4/vertx-codegen-4.4.4.jar:/Users/enricoconte/.m2/repository/io/quarkus/resteasy/reactive/resteasy-reactive/3.3.3/resteasy-reactive-3.3.3.jar:/Users/enricoconte/.m2/repository/jakarta/enterprise/jakarta.enterprise.cdi-api/4.0.1/jakarta.enterprise.cdi-api-4.0.1.jar:/Users/enricoconte/.m2/repository/jakarta/enterprise/jakarta.enterprise.lang-model/4.0.1/jakarta.enterprise.lang-model-4.0.1.jar:/Users/enricoconte/.m2/repository/jakarta/el/jakarta.el-api/5.0.1/jakarta.el-api-5.0.1.jar:/Users/enricoconte/.m2/repository/jakarta/annotation/jakarta.annotation-api/2.1.1/jakarta.annotation-api-2.1.1.jar:/Users/enricoconte/.m2/repository/org/jboss/logging/commons-logging-jboss-logging/1.0.0.Final/commons-logging-jboss-logging-1.0.0.Final.jar:/Users/enricoconte/.m2/repository/jakarta/xml/bind/jakarta.xml.bind-api/4.0.0/jakarta.xml.bind-api-4.0.0.jar:/Users/enricoconte/.m2/repository/jakarta/activation/jakarta.activation-api/2.1.2/jakarta.activation-api-2.1.2.jar:/Users/enricoconte/.m2/repository/org/jboss/logging/jboss-logging/3.5.1.Final/jboss-logging-3.5.1.Final.jar:/Users/enricoconte/.m2/repository/io/quarkus/quarkus-vertx-http/3.3.3/quarkus-vertx-http-3.3.3.jar:/Users/enricoconte/.m2/repository/io/quarkus/quarkus-security-runtime-spi/3.3.3/quarkus-security-runtime-spi-3.3.3.jar:/Users/enricoconte/.m2/repository/io/smallrye/common/smallrye-common-vertx-context/2.1.0/smallrye-common-vertx-context-2.1.0.jar:/Users/enricoconte/.m2/repository/io/smallrye/common/smallrye-common-constraint/2.1.0/smallrye-common-constraint-2.1.0.jar:/Users/enricoconte/.m2/repository/io/quarkus/quarkus-vertx-http-dev-console-runtime-spi/3.3.3/quarkus-vertx-http-dev-console-runtime-spi-3.3.3.jar:/Users/enricoconte/.m2/repository/io/quarkus/security/quarkus-security/2.0.2.Final/quarkus-security-2.0.2.Final.jar:/Users/enricoconte/.m2/repository/io/smallrye/reactive/smallrye-mutiny-vertx-web/3.5.0/smallrye-mutiny-vertx-web-3.5.0.jar:/Users/enricoconte/.m2/repository/io/smallrye/reactive/smallrye-mutiny-vertx-web-common/3.5.0/smallrye-mutiny-vertx-web-common-3.5.0.jar:/Users/enricoconte/.m2/repository/io/smallrye/reactive/smallrye-mutiny-vertx-auth-common/3.5.0/smallrye-mutiny-vertx-auth-common-3.5.0.jar:/Users/enricoconte/.m2/repository/io/smallrye/reactive/smallrye-mutiny-vertx-bridge-common/3.5.0/smallrye-mutiny-vertx-bridge-common-3.5.0.jar:/Users/enricoconte/.m2/repository/io/smallrye/reactive/smallrye-mutiny-vertx-uri-template/3.5.0/smallrye-mutiny-vertx-uri-template-3.5.0.jar:/Users/enricoconte/.m2/repository/io/vertx/vertx-uri-template/4.4.4/vertx-uri-template-4.4.4.jar:/Users/enricoconte/.m2/repository/io/github/crac/org-crac/0.1.3/org-crac-0.1.3.jar:/Users/enricoconte/.m2/repository/io/quarkus/quarkus-jsonp/3.3.3/quarkus-jsonp-3.3.3.jar:/Users/enricoconte/.m2/repository/org/eclipse/parsson/parsson/1.1.2/parsson-1.1.2.jar:/Users/enricoconte/.m2/repository/jakarta/json/jakarta.json-api/2.1.2/jakarta.json-api-2.1.2.jar:/Users/enricoconte/.m2/repository/io/quarkus/quarkus-virtual-threads/3.3.3/quarkus-virtual-threads-3.3.3.jar:/Users/enricoconte/.m2/repository/io/quarkus/quarkus-security-webauthn/3.3.3/quarkus-security-webauthn-3.3.3.jar:/Users/enricoconte/.m2/repository/jakarta/ws/rs/jakarta.ws.rs-api/3.1.0/jakarta.ws.rs-api-3.1.0.jar:/Users/enricoconte/.m2/repository/io/quarkus/quarkus-core/3.3.3/quarkus-core-3.3.3.jar:/Users/enricoconte/.m2/repository/jakarta/inject/jakarta.inject-api/2.0.1/jakarta.inject-api-2.0.1.jar:/Users/enricoconte/.m2/repository/io/smallrye/common/smallrye-common-os/2.1.0/smallrye-common-os-2.1.0.jar:/Users/enricoconte/.m2/repository/io/quarkus/quarkus-ide-launcher/3.3.3/quarkus-ide-launcher-3.3.3.jar:/Users/enricoconte/.m2/repository/io/quarkus/quarkus-development-mode-spi/3.3.3/quarkus-development-mode-spi-3.3.3.jar:/Users/enricoconte/.m2/repository/io/smallrye/config/smallrye-config/3.3.4/smallrye-config-3.3.4.jar:/Users/enricoconte/.m2/repository/io/smallrye/config/smallrye-config-core/3.3.4/smallrye-config-core-3.3.4.jar:/Users/enricoconte/.m2/repository/org/eclipse/microprofile/config/microprofile-config-api/3.0.3/microprofile-config-api-3.0.3.jar:/Users/enricoconte/.m2/repository/io/smallrye/common/smallrye-common-expression/2.1.0/smallrye-common-expression-2.1.0.jar:/Users/enricoconte/.m2/repository/io/smallrye/common/smallrye-common-function/2.1.0/smallrye-common-function-2.1.0.jar:/Users/enricoconte/.m2/repository/io/smallrye/common/smallrye-common-classloader/2.1.0/smallrye-common-classloader-2.1.0.jar:/Users/enricoconte/.m2/repository/io/smallrye/config/smallrye-config-common/3.3.4/smallrye-config-common-3.3.4.jar:/Users/enricoconte/.m2/repository/org/jboss/logmanager/jboss-logmanager-embedded/1.1.1/jboss-logmanager-embedded-1.1.1.jar:/Users/enricoconte/.m2/repository/org/jboss/logging/jboss-logging-annotations/2.2.1.Final/jboss-logging-annotations-2.2.1.Final.jar:/Users/enricoconte/.m2/repository/org/jboss/threads/jboss-threads/3.5.0.Final/jboss-threads-3.5.0.Final.jar:/Users/enricoconte/.m2/repository/org/slf4j/slf4j-api/2.0.6/slf4j-api-2.0.6.jar:/Users/enricoconte/.m2/repository/org/jboss/slf4j/slf4j-jboss-logmanager/2.0.0.Final/slf4j-jboss-logmanager-2.0.0.Final.jar:/Users/enricoconte/.m2/repository/org/wildfly/common/wildfly-common/1.5.4.Final-format-001/wildfly-common-1.5.4.Final-format-001.jar:/Users/enricoconte/.m2/repository/io/quarkus/quarkus-bootstrap-runner/3.3.3/quarkus-bootstrap-runner-3.3.3.jar:/Users/enricoconte/.m2/repository/io/quarkus/quarkus-fs-util/0.0.9/quarkus-fs-util-0.0.9.jar:/Users/enricoconte/.m2/repository/io/quarkus/quarkus-security/3.3.3/quarkus-security-3.3.3.jar:/Users/enricoconte/.m2/repository/jakarta/interceptor/jakarta.interceptor-api/2.1.0/jakarta.interceptor-api-2.1.0.jar:/Users/enricoconte/.m2/repository/io/vertx/vertx-auth-webauthn/4.4.4/vertx-auth-webauthn-4.4.4.jar:/Users/enricoconte/.m2/repository/io/vertx/vertx-auth-common/4.4.4/vertx-auth-common-4.4.4.jar:/Users/enricoconte/.m2/repository/io/vertx/vertx-core/4.4.4/vertx-core-4.4.4.jar:/Users/enricoconte/.m2/repository/io/netty/netty-common/4.1.94.Final/netty-common-4.1.94.Final.jar:/Users/enricoconte/.m2/repository/io/netty/netty-buffer/4.1.94.Final/netty-buffer-4.1.94.Final.jar:/Users/enricoconte/.m2/repository/io/netty/netty-transport/4.1.94.Final/netty-transport-4.1.94.Final.jar:/Users/enricoconte/.m2/repository/io/netty/netty-handler/4.1.94.Final/netty-handler-4.1.94.Final.jar:/Users/enricoconte/.m2/repository/io/netty/netty-transport-native-unix-common/4.1.94.Final/netty-transport-native-unix-common-4.1.94.Final.jar:/Users/enricoconte/.m2/repository/io/netty/netty-handler-proxy/4.1.94.Final/netty-handler-proxy-4.1.94.Final.jar:/Users/enricoconte/.m2/repository/io/netty/netty-codec-socks/4.1.94.Final/netty-codec-socks-4.1.94.Final.jar:/Users/enricoconte/.m2/repository/io/netty/netty-codec-http/4.1.94.Final/netty-codec-http-4.1.94.Final.jar:/Users/enricoconte/.m2/repository/io/netty/netty-codec-http2/4.1.94.Final/netty-codec-http2-4.1.94.Final.jar:/Users/enricoconte/.m2/repository/io/netty/netty-resolver/4.1.94.Final/netty-resolver-4.1.94.Final.jar:/Users/enricoconte/.m2/repository/io/netty/netty-resolver-dns/4.1.94.Final/netty-resolver-dns-4.1.94.Final.jar:/Users/enricoconte/.m2/repository/io/netty/netty-codec-dns/4.1.94.Final/netty-codec-dns-4.1.94.Final.jar:/Users/enricoconte/.m2/repository/io/quarkus/quarkus-test-security-webauthn/3.3.3/quarkus-test-security-webauthn-3.3.3.jar:/Users/enricoconte/.m2/repository/com/fasterxml/jackson/dataformat/jackson-dataformat-cbor/2.15.2/jackson-dataformat-cbor-2.15.2.jar:/Users/enricoconte/.m2/repository/com/fasterxml/jackson/core/jackson-databind/2.15.2/jackson-databind-2.15.2.jar:/Users/enricoconte/.m2/repository/com/fasterxml/jackson/core/jackson-annotations/2.15.2/jackson-annotations-2.15.2.jar:/Users/enricoconte/.m2/repository/com/fasterxml/jackson/core/jackson-core/2.15.2/jackson-core-2.15.2.jar:/Users/enricoconte/.m2/repository/org/junit/jupiter/junit-jupiter/5.9.3/junit-jupiter-5.9.3.jar:/Users/enricoconte/.m2/repository/org/junit/jupiter/junit-jupiter-api/5.9.3/junit-jupiter-api-5.9.3.jar:/Users/enricoconte/.m2/repository/org/opentest4j/opentest4j/1.2.0/opentest4j-1.2.0.jar:/Users/enricoconte/.m2/repository/org/junit/platform/junit-platform-commons/1.9.3/junit-platform-commons-1.9.3.jar:/Users/enricoconte/.m2/repository/org/apiguardian/apiguardian-api/1.1.2/apiguardian-api-1.1.2.jar:/Users/enricoconte/.m2/repository/org/junit/jupiter/junit-jupiter-params/5.9.3/junit-jupiter-params-5.9.3.jar:/Users/enricoconte/.m2/repository/org/junit/jupiter/junit-jupiter-engine/5.9.3/junit-jupiter-engine-5.9.3.jar:/Users/enricoconte/.m2/repository/org/junit/platform/junit-platform-engine/1.9.3/junit-platform-engine-1.9.3.jar:/Users/enricoconte/.m2/repository/io/quarkus/quarkus-reactive-pg-client/3.3.3/quarkus-reactive-pg-client-3.3.3.jar:/Users/enricoconte/.m2/repository/io/quarkus/quarkus-reactive-datasource/3.3.3/quarkus-reactive-datasource-3.3.3.jar:/Users/enricoconte/.m2/repository/io/quarkus/quarkus-datasource/3.3.3/quarkus-datasource-3.3.3.jar:/Users/enricoconte/.m2/repository/io/quarkus/quarkus-datasource-common/3.3.3/quarkus-datasource-common-3.3.3.jar:/Users/enricoconte/.m2/repository/io/vertx/vertx-sql-client/4.4.4/vertx-sql-client-4.4.4.jar:/Users/enricoconte/.m2/repository/io/quarkus/quarkus-vertx/3.3.3/quarkus-vertx-3.3.3.jar:/Users/enricoconte/.m2/repository/io/quarkus/quarkus-netty/3.3.3/quarkus-netty-3.3.3.jar:/Users/enricoconte/.m2/repository/io/netty/netty-codec/4.1.94.Final/netty-codec-4.1.94.Final.jar:/Users/enricoconte/.m2/repository/com/aayushatharva/brotli4j/brotli4j/1.12.0/brotli4j-1.12.0.jar:/Users/enricoconte/.m2/repository/com/aayushatharva/brotli4j/service/1.12.0/service-1.12.0.jar:/Users/enricoconte/.m2/repository/com/aayushatharva/brotli4j/native-osx-aarch64/1.12.0/native-osx-aarch64-1.12.0.jar:/Users/enricoconte/.m2/repository/io/netty/netty-codec-haproxy/4.1.94.Final/netty-codec-haproxy-4.1.94.Final.jar:/Users/enricoconte/.m2/repository/io/quarkus/quarkus-vertx-latebound-mdc-provider/3.3.3/quarkus-vertx-latebound-mdc-provider-3.3.3.jar:/Users/enricoconte/.m2/repository/io/smallrye/smallrye-fault-tolerance-vertx/6.2.6/smallrye-fault-tolerance-vertx-6.2.6.jar:/Users/enricoconte/.m2/repository/io/vertx/vertx-pg-client/4.4.4/vertx-pg-client-4.4.4.jar:/Users/enricoconte/.m2/repository/com/ongres/scram/client/2.1/client-2.1.jar:/Users/enricoconte/.m2/repository/com/ongres/scram/common/2.1/common-2.1.jar:/Users/enricoconte/.m2/repository/com/ongres/stringprep/saslprep/1.1/saslprep-1.1.jar:/Users/enricoconte/.m2/repository/com/ongres/stringprep/stringprep/1.1/stringprep-1.1.jar:/Users/enricoconte/.m2/repository/io/smallrye/reactive/smallrye-mutiny-vertx-pg-client/3.5.0/smallrye-mutiny-vertx-pg-client-3.5.0.jar:/Users/enricoconte/.m2/repository/io/smallrye/reactive/smallrye-mutiny-vertx-sql-client/3.5.0/smallrye-mutiny-vertx-sql-client-3.5.0.jar:/Users/enricoconte/.m2/repository/io/quarkus/quarkus-credentials/3.3.3/quarkus-credentials-3.3.3.jar:/Users/enricoconte/.m2/repository/io/quarkus/quarkus-hibernate-reactive-panache/3.3.3/quarkus-hibernate-reactive-panache-3.3.3.jar:/Users/enricoconte/.m2/repository/io/quarkus/quarkus-hibernate-reactive/3.3.3/quarkus-hibernate-reactive-3.3.3.jar:/Users/enricoconte/.m2/repository/io/quarkus/quarkus-hibernate-orm/3.3.3/quarkus-hibernate-orm-3.3.3.jar:/Users/enricoconte/.m2/repository/org/hibernate/orm/hibernate-core/6.2.7.Final/hibernate-core-6.2.7.Final.jar:/Users/enricoconte/.m2/repository/com/fasterxml/classmate/1.5.1/classmate-1.5.1.jar:/Users/enricoconte/.m2/repository/org/antlr/antlr4-runtime/4.10.1/antlr4-runtime-4.10.1.jar:/Users/enricoconte/.m2/repository/net/bytebuddy/byte-buddy/1.12.18/byte-buddy-1.12.18.jar:/Users/enricoconte/.m2/repository/org/hibernate/common/hibernate-commons-annotations/6.0.6.Final/hibernate-commons-annotations-6.0.6.Final.jar:/Users/enricoconte/.m2/repository/org/hibernate/orm/hibernate-graalvm/6.2.7.Final/hibernate-graalvm-6.2.7.Final.jar:/Users/enricoconte/.m2/repository/org/glassfish/jaxb/jaxb-runtime/4.0.3/jaxb-runtime-4.0.3.jar:/Users/enricoconte/.m2/repository/org/glassfish/jaxb/jaxb-core/4.0.3/jaxb-core-4.0.3.jar:/Users/enricoconte/.m2/repository/org/eclipse/angus/angus-activation/2.0.1/angus-activation-2.0.1.jar:/Users/enricoconte/.m2/repository/org/glassfish/jaxb/txw2/4.0.3/txw2-4.0.3.jar:/Users/enricoconte/.m2/repository/com/sun/istack/istack-commons-runtime/4.1.2/istack-commons-runtime-4.1.2.jar:/Users/enricoconte/.m2/repository/jakarta/persistence/jakarta.persistence-api/3.1.0/jakarta.persistence-api-3.1.0.jar:/Users/enricoconte/.m2/repository/org/hibernate/quarkus-local-cache/0.2.1/quarkus-local-cache-0.2.1.jar:/Users/enricoconte/.m2/repository/io/quarkus/quarkus-caffeine/3.3.3/quarkus-caffeine-3.3.3.jar:/Users/enricoconte/.m2/repository/com/github/ben-manes/caffeine/caffeine/3.1.5/caffeine-3.1.5.jar:/Users/enricoconte/.m2/repository/com/google/errorprone/error_prone_annotations/2.20.0/error_prone_annotations-2.20.0.jar:/Users/enricoconte/.m2/repository/org/hibernate/reactive/hibernate-reactive-core/2.0.4.Final/hibernate-reactive-core-2.0.4.Final.jar:/Users/enricoconte/.m2/repository/io/quarkus/quarkus-hibernate-reactive-panache-common/3.3.3/quarkus-hibernate-reactive-panache-common-3.3.3.jar:/Users/enricoconte/.m2/repository/io/quarkus/quarkus-panache-common/3.3.3/quarkus-panache-common-3.3.3.jar:/Users/enricoconte/.m2/repository/io/quarkus/quarkus-panache-hibernate-common/3.3.3/quarkus-panache-hibernate-common-3.3.3.jar:/Users/enricoconte/.m2/repository/io/smallrye/common/smallrye-common-annotation/2.1.0/smallrye-common-annotation-2.1.0.jar:/Users/enricoconte/.m2/repository/io/quarkus/quarkus-arc/3.3.3/quarkus-arc-3.3.3.jar:/Users/enricoconte/.m2/repository/io/quarkus/arc/arc/3.3.3/arc-3.3.3.jar:/Users/enricoconte/.m2/repository/jakarta/transaction/jakarta.transaction-api/2.0.1/jakarta.transaction-api-2.0.1.jar:/Users/enricoconte/.m2/repository/io/smallrye/reactive/mutiny/2.3.1/mutiny-2.3.1.jar:/Users/enricoconte/.m2/repository/org/eclipse/microprofile/context-propagation/microprofile-context-propagation-api/1.3/microprofile-context-propagation-api-1.3.jar:/Users/enricoconte/.m2/repository/io/quarkus/quarkus-junit5/3.3.3/quarkus-junit5-3.3.3.jar:/Users/enricoconte/.m2/repository/io/quarkus/quarkus-bootstrap-core/3.3.3/quarkus-bootstrap-core-3.3.3.jar:/Users/enricoconte/.m2/repository/io/quarkus/quarkus-bootstrap-app-model/3.3.3/quarkus-bootstrap-app-model-3.3.3.jar:/Users/enricoconte/.m2/repository/io/smallrye/common/smallrye-common-io/2.1.0/smallrye-common-io-2.1.0.jar:/Users/enricoconte/.m2/repository/org/eclipse/sisu/org.eclipse.sisu.inject/0.3.5/org.eclipse.sisu.inject-0.3.5.jar:/Users/enricoconte/.m2/repository/io/quarkus/quarkus-test-common/3.3.3/quarkus-test-common-3.3.3.jar:/Users/enricoconte/.m2/repository/io/quarkus/quarkus-core-deployment/3.3.3/quarkus-core-deployment-3.3.3.jar:/Users/enricoconte/.m2/repository/org/aesh/readline/2.4/readline-2.4.jar:/Users/enricoconte/.m2/repository/org/fusesource/jansi/jansi/2.4.0/jansi-2.4.0.jar:/Users/enricoconte/.m2/repository/org/aesh/aesh/2.7/aesh-2.7.jar:/Users/enricoconte/.m2/repository/io/quarkus/gizmo/gizmo/1.6.1.Final/gizmo-1.6.1.Final.jar:/Users/enricoconte/.m2/repository/org/ow2/asm/asm-util/9.5/asm-util-9.5.jar:/Users/enricoconte/.m2/repository/org/ow2/asm/asm-analysis/9.5/asm-analysis-9.5.jar:/Users/enricoconte/.m2/repository/org/ow2/asm/asm/9.5/asm-9.5.jar:/Users/enricoconte/.m2/repository/org/ow2/asm/asm-commons/9.5/asm-commons-9.5.jar:/Users/enricoconte/.m2/repository/org/ow2/asm/asm-tree/9.5/asm-tree-9.5.jar:/Users/enricoconte/.m2/repository/io/quarkus/quarkus-class-change-agent/3.3.3/quarkus-class-change-agent-3.3.3.jar:/Users/enricoconte/.m2/repository/io/quarkus/quarkus-devtools-utilities/3.3.3/quarkus-devtools-utilities-3.3.3.jar:/Users/enricoconte/.m2/repository/io/quarkus/quarkus-builder/3.3.3/quarkus-builder-3.3.3.jar:/Users/enricoconte/.m2/repository/org/graalvm/sdk/graal-sdk/23.0.1/graal-sdk-23.0.1.jar:/Users/enricoconte/.m2/repository/org/junit/platform/junit-platform-launcher/1.9.3/junit-platform-launcher-1.9.3.jar:/Users/enricoconte/.m2/repository/io/quarkus/quarkus-bootstrap-maven-resolver/3.3.3/quarkus-bootstrap-maven-resolver-3.3.3.jar:/Users/enricoconte/.m2/repository/io/smallrye/beanbag/smallrye-beanbag-maven/1.3.2/smallrye-beanbag-maven-1.3.2.jar:/Users/enricoconte/.m2/repository/io/smallrye/beanbag/smallrye-beanbag-sisu/1.3.2/smallrye-beanbag-sisu-1.3.2.jar:/Users/enricoconte/.m2/repository/io/smallrye/beanbag/smallrye-beanbag/1.3.2/smallrye-beanbag-1.3.2.jar:/Users/enricoconte/.m2/repository/javax/inject/javax.inject/1/javax.inject-1.jar:/Users/enricoconte/.m2/repository/org/apache/maven/maven-artifact/3.9.3/maven-artifact-3.9.3.jar:/Users/enricoconte/.m2/repository/org/apache/maven/maven-builder-support/3.9.3/maven-builder-support-3.9.3.jar:/Users/enricoconte/.m2/repository/org/apache/maven/maven-model/3.9.3/maven-model-3.9.3.jar:/Users/enricoconte/.m2/repository/org/apache/maven/maven-model-builder/3.9.3/maven-model-builder-3.9.3.jar:/Users/enricoconte/.m2/repository/org/apache/maven/maven-repository-metadata/3.9.3/maven-repository-metadata-3.9.3.jar:/Users/enricoconte/.m2/repository/org/apache/maven/maven-settings/3.9.3/maven-settings-3.9.3.jar:/Users/enricoconte/.m2/repository/org/apache/maven/resolver/maven-resolver-api/1.9.13/maven-resolver-api-1.9.13.jar:/Users/enricoconte/.m2/repository/org/apache/maven/resolver/maven-resolver-impl/1.9.13/maven-resolver-impl-1.9.13.jar:/Users/enricoconte/.m2/repository/org/apache/maven/resolver/maven-resolver-named-locks/1.9.13/maven-resolver-named-locks-1.9.13.jar:/Users/enricoconte/.m2/repository/org/apache/maven/resolver/maven-resolver-spi/1.9.13/maven-resolver-spi-1.9.13.jar:/Users/enricoconte/.m2/repository/org/apache/maven/resolver/maven-resolver-util/1.9.13/maven-resolver-util-1.9.13.jar:/Users/enricoconte/.m2/repository/org/apache/maven/resolver/maven-resolver-transport-http/1.9.10/maven-resolver-transport-http-1.9.10.jar:/Users/enricoconte/.m2/repository/org/apache/maven/wagon/wagon-provider-api/3.5.3/wagon-provider-api-3.5.3.jar:/Users/enricoconte/.m2/repository/org/apache/maven/wagon/wagon-http-shared/3.5.3/wagon-http-shared-3.5.3.jar:/Users/enricoconte/.m2/repository/org/codehaus/plexus/plexus-interpolation/1.26/plexus-interpolation-1.26.jar:/Users/enricoconte/.m2/repository/org/codehaus/plexus/plexus-utils/3.5.1/plexus-utils-3.5.1.jar:/Users/enricoconte/.m2/repository/org/codehaus/plexus/plexus-xml/4.0.0/plexus-xml-4.0.0.jar:/Users/enricoconte/.m2/repository/org/apache/maven/maven-xml-impl/4.0.0-alpha-5/maven-xml-impl-4.0.0-alpha-5.jar:/Users/enricoconte/.m2/repository/org/apache/maven/maven-api-xml/4.0.0-alpha-5/maven-api-xml-4.0.0-alpha-5.jar:/Users/enricoconte/.m2/repository/org/apache/maven/maven-api-meta/4.0.0-alpha-5/maven-api-meta-4.0.0-alpha-5.jar:/Users/enricoconte/.m2/repository/org/codehaus/plexus/plexus-cipher/2.0/plexus-cipher-2.0.jar:/Users/enricoconte/.m2/repository/org/codehaus/plexus/plexus-sec-dispatcher/2.0/plexus-sec-dispatcher-2.0.jar:/Users/enricoconte/.m2/repository/org/apache/maven/maven-embedder/3.9.3/maven-embedder-3.9.3.jar:/Users/enricoconte/.m2/repository/org/apache/maven/maven-core/3.9.3/maven-core-3.9.3.jar:/Users/enricoconte/.m2/repository/org/codehaus/plexus/plexus-component-annotations/2.1.0/plexus-component-annotations-2.1.0.jar:/Users/enricoconte/.m2/repository/org/apache/maven/maven-plugin-api/3.9.3/maven-plugin-api-3.9.3.jar:/Users/enricoconte/.m2/repository/org/apache/maven/shared/maven-shared-utils/3.3.4/maven-shared-utils-3.3.4.jar:/Users/enricoconte/.m2/repository/com/google/inject/guice/5.1.0/guice-5.1.0.jar:/Users/enricoconte/.m2/repository/aopalliance/aopalliance/1.0/aopalliance-1.0.jar:/Users/enricoconte/.m2/repository/com/google/guava/guava/32.1.1-jre/guava-32.1.1-jre.jar:/Users/enricoconte/.m2/repository/com/google/guava/failureaccess/1.0.1/failureaccess-1.0.1.jar:/Users/enricoconte/.m2/repository/javax/annotation/javax.annotation-api/1.3.2/javax.annotation-api-1.3.2.jar:/Users/enricoconte/.m2/repository/org/codehaus/plexus/plexus-classworlds/2.6.0/plexus-classworlds-2.6.0.jar:/Users/enricoconte/.m2/repository/commons-cli/commons-cli/1.5.0/commons-cli-1.5.0.jar:/Users/enricoconte/.m2/repository/org/eclipse/sisu/org.eclipse.sisu.plexus/0.3.5/org.eclipse.sisu.plexus-0.3.5.jar:/Users/enricoconte/.m2/repository/org/apache/maven/maven-settings-builder/3.9.3/maven-settings-builder-3.9.3.jar:/Users/enricoconte/.m2/repository/org/apache/maven/maven-resolver-provider/3.9.3/maven-resolver-provider-3.9.3.jar:/Users/enricoconte/.m2/repository/org/apache/maven/resolver/maven-resolver-connector-basic/1.9.13/maven-resolver-connector-basic-1.9.13.jar:/Users/enricoconte/.m2/repository/org/apache/maven/resolver/maven-resolver-transport-wagon/1.9.13/maven-resolver-transport-wagon-1.9.13.jar:/Users/enricoconte/.m2/repository/org/apache/maven/wagon/wagon-http/3.5.3/wagon-http-3.5.3.jar:/Users/enricoconte/.m2/repository/org/apache/maven/wagon/wagon-file/3.5.3/wagon-file-3.5.3.jar:/Users/enricoconte/.m2/repository/io/quarkus/quarkus-bootstrap-gradle-resolver/3.3.3/quarkus-bootstrap-gradle-resolver-3.3.3.jar:/Users/enricoconte/.m2/repository/io/smallrye/jandex/3.1.2/jandex-3.1.2.jar:/Users/enricoconte/.m2/repository/commons-io/commons-io/2.13.0/commons-io-2.13.0.jar:/Users/enricoconte/.m2/repository/io/quarkus/quarkus-junit5-properties/3.3.3/quarkus-junit5-properties-3.3.3.jar:/Users/enricoconte/.m2/repository/com/thoughtworks/xstream/xstream/1.4.20/xstream-1.4.20.jar:/Users/enricoconte/.m2/repository/io/github/x-stream/mxparser/1.2.2/mxparser-1.2.2.jar:/Users/enricoconte/.m2/repository/xmlpull/xmlpull/1.1.3.1/xmlpull-1.1.3.1.jar:/Users/enricoconte/.m2/repository/io/rest-assured/rest-assured/5.3.0/rest-assured-5.3.0.jar:/Users/enricoconte/.m2/repository/org/apache/groovy/groovy/4.0.6/groovy-4.0.6.jar:/Users/enricoconte/.m2/repository/org/apache/groovy/groovy-xml/4.0.6/groovy-xml-4.0.6.jar:/Users/enricoconte/.m2/repository/org/apache/httpcomponents/httpclient/4.5.14/httpclient-4.5.14.jar:/Users/enricoconte/.m2/repository/org/apache/httpcomponents/httpcore/4.4.16/httpcore-4.4.16.jar:/Users/enricoconte/.m2/repository/commons-codec/commons-codec/1.16.0/commons-codec-1.16.0.jar:/Users/enricoconte/.m2/repository/org/apache/httpcomponents/httpmime/4.5.14/httpmime-4.5.14.jar:/Users/enricoconte/.m2/repository/org/hamcrest/hamcrest/2.1/hamcrest-2.1.jar:/Users/enricoconte/.m2/repository/org/ccil/cowan/tagsoup/tagsoup/1.2.1/tagsoup-1.2.1.jar:/Users/enricoconte/.m2/repository/io/rest-assured/json-path/5.3.0/json-path-5.3.0.jar:/Users/enricoconte/.m2/repository/org/apache/groovy/groovy-json/4.0.6/groovy-json-4.0.6.jar:/Users/enricoconte/.m2/repository/io/rest-assured/rest-assured-common/5.3.0/rest-assured-common-5.3.0.jar:/Users/enricoconte/.m2/repository/io/rest-assured/xml-path/5.3.0/xml-path-5.3.0.jar:/Users/enricoconte/.m2/repository/org/apache/commons/commons-lang3/3.12.0/commons-lang3-3.12.0.jar:"/>
    <property name="sun.cpu.endian" value="little"/>
    <property name="vertx.disableWebsockets" value="true"/>
    <property name="user.home" value="/Users/enricoconte"/>
    <property name="user.language" value="en"/>
    <property name="jboss.log-version" value="false"/>
    <property name="java.specification.vendor" value="Oracle Corporation"/>
    <property name="io.netty.allocator.maxOrder" value="3"/>
    <property name="java.version.date" value="2023-04-18"/>
    <property name="java.home" value="/Users/enricoconte/Library/Java/JavaVirtualMachines/graalvm-community-openjdk-20.0.1+9.1/Contents/Home"/>
    <property name="file.separator" value="/"/>
    <property name="basedir" value="/Users/enricoconte/code/quarkus/quarkus-quickstarts/security-webauthn-quickstart"/>
    <property name="java.vm.compressedOopsMode" value="Zero based"/>
    <property name="jdk.internal.vm.ci.enabled" value="true"/>
    <property name="line.separator" value="&#10;"/>
    <property name="java.vm.specification.vendor" value="Oracle Corporation"/>
    <property name="java.specification.name" value="Java Platform API Specification"/>
    <property name="apple.awt.application.name" value="ForkedBooter"/>
    <property name="surefire.real.class.path" value="/Users/enricoconte/code/quarkus/quarkus-quickstarts/security-webauthn-quickstart/target/surefire/surefirebooter-20230920155604052_3.jar"/>
    <property name="sun.management.compiler" value="HotSpot 64-Bit Tiered Compilers"/>
    <property name="ftp.nonProxyHosts" value="local|*.local|169.254/16|*.169.254/16"/>
    <property name="java.runtime.version" value="20.0.1+9-jvmci-23.0-b12"/>
    <property name="user.name" value="enricoconte"/>
    <property name="stdout.encoding" value="UTF-8"/>
    <property name="path.separator" value=":"/>
    <property name="os.version" value="13.5.2"/>
    <property name="java.runtime.name" value="OpenJDK Runtime Environment"/>
    <property name="file.encoding" value="UTF-8"/>
    <property name="java.vm.name" value="OpenJDK 64-Bit Server VM"/>
    <property name="java.vendor.version" value="GraalVM CE 20.0.1+9.1"/>
    <property name="localRepository" value="/Users/enricoconte/.m2/repository"/>
    <property name="java.vendor.url.bug" value="https://github.com/oracle/graal/issues"/>
    <property name="java.io.tmpdir" value="/var/folders/1r/31737wgd32922yq0jms0qfxc0000gn/T/"/>
    <property name="quarkus.log.file.path" value="target/quarkus.log"/>
    <property name="java.version" value="20.0.1"/>
    <property name="java.util.concurrent.ForkJoinPool.common.threadFactory" value="io.quarkus.bootstrap.forkjoin.QuarkusForkJoinWorkerThreadFactory"/>
    <property name="user.dir" value="/Users/enricoconte/code/quarkus/quarkus-quickstarts/security-webauthn-quickstart"/>
    <property name="os.arch" value="aarch64"/>
    <property name="java.vm.specification.name" value="Java Virtual Machine Specification"/>
    <property name="vertx.disableDnsResolver" value="true"/>
    <property name="native.encoding" value="UTF-8"/>
    <property name="java.util.logging.manager" value="org.jboss.logmanager.LogManager"/>
    <property name="java.library.path" value="/Users/enricoconte/Library/Java/Extensions:/Library/Java/Extensions:/Network/Library/Java/Extensions:/System/Library/Java/Extensions:/usr/lib/java:."/>
    <property name="java.vm.info" value="mixed mode, sharing"/>
    <property name="stderr.encoding" value="UTF-8"/>
    <property name="java.vendor" value="GraalVM Community"/>
    <property name="vertx.disableTCCL" value="true"/>
    <property name="java.vm.version" value="20.0.1+9-jvmci-23.0-b12"/>
    <property name="sun.io.unicode.encoding" value="UnicodeBig"/>
    <property name="io.netty.machineId" value="29:9f:83:51:fd:15:9f:30"/>
    <property name="socksNonProxyHosts" value="local|*.local|169.254/16|*.169.254/16"/>
    <property name="java.class.version" value="64.0"/>
  </properties>
  <testcase name="testWebAuthnUser" classname="org.acme.security.webauthn.test.WebAuthnResourceTest" time="1.728">
    <system-out><![CDATA[2023-09-20 15:56:05,864 INFO  [org.tes.doc.DockerClientProviderStrategy] (build-22) Loaded org.testcontainers.dockerclient.UnixSocketClientProviderStrategy from ~/.testcontainers.properties, will try it first
2023-09-20 15:56:06,078 INFO  [org.tes.doc.DockerClientProviderStrategy] (build-22) Found Docker environment with local Unix socket (unix:///var/run/docker.sock)
2023-09-20 15:56:06,079 INFO  [org.tes.DockerClientFactory] (build-22) Docker host IP address is localhost
2023-09-20 15:56:06,092 INFO  [org.tes.DockerClientFactory] (build-22) Connected to docker: 
  Server Version: 24.0.6
  API Version: 1.43
  Operating System: Docker Desktop
  Total Memory: 8944 MB
2023-09-20 15:56:06,099 INFO  [org.tes.uti.ImageNameSubstitutor] (build-22) Image name substitution will be performed by: DefaultImageNameSubstitutor (composite of 'ConfigurationFileImageNameSubstitutor' and 'PrefixingImageNameSubstitutor')
2023-09-20 15:56:06,101 INFO  [org.tes.DockerClientFactory] (build-22) Checking the system...
2023-09-20 15:56:06,101 INFO  [org.tes.DockerClientFactory] (build-22) ✔︎ Docker server version should be at least 1.6.0
2023-09-20 15:56:06,186 INFO  [tc.doc.io/postgres:14] (build-22) Creating container for image: docker.io/postgres:14
2023-09-20 15:56:06,733 INFO  [org.tes.uti.RegistryAuthLocator] (build-22) Credential helper/store (docker-credential-desktop) does not have credentials for docker.io
2023-09-20 15:56:06,741 WARN  [tc.doc.io/postgres:14] (build-22) Reuse was requested but the environment does not support the reuse of containers
To enable reuse of containers, you must set 'testcontainers.reuse.enable=true' in a file located at /Users/enricoconte/.testcontainers.properties
2023-09-20 15:56:06,741 INFO  [tc.tes.5.1] (build-22) Creating container for image: testcontainers/ryuk:0.5.1
2023-09-20 15:56:06,993 INFO  [org.tes.uti.RegistryAuthLocator] (build-22) Credential helper/store (docker-credential-desktop) does not have credentials for https://index.docker.io/v1/
2023-09-20 15:56:07,061 INFO  [tc.tes.5.1] (build-22) Container testcontainers/ryuk:0.5.1 is starting: c23ea50b2508e127c425080ed5fc0481a76bb07b7990ea62be900d0cb9d44ad4
2023-09-20 15:56:07,377 INFO  [tc.tes.5.1] (build-22) Container testcontainers/ryuk:0.5.1 started in PT0.635963S
2023-09-20 15:56:07,413 INFO  [tc.doc.io/postgres:14] (build-22) Container docker.io/postgres:14 is starting: 0e597458fe969bfab1d869b9609376d8f1a3c96ea1c22dae7c378de0b9589f20
2023-09-20 15:56:08,644 INFO  [tc.doc.io/postgres:14] (build-22) Container docker.io/postgres:14 started in PT2.527629S
2023-09-20 15:56:08,645 INFO  [tc.doc.io/postgres:14] (build-22) Container is started (JDBC URL: jdbc:postgresql://localhost:63718/quarkus?loggerLevel=OFF)
2023-09-20 15:56:08,645 INFO  [io.qua.dev.pos.dep.PostgresqlDevServicesProcessor] (build-22) Dev Services for PostgreSQL started.
2023-09-20 15:56:08,646 INFO  [io.qua.dat.dep.dev.DevServicesDatasourceProcessor] (build-22) Dev Services for default datasource (postgresql) started - container ID is 0e597458fe96
2023-09-20 15:56:09,484 INFO  [org.hib.rea.pro.imp.ReactiveIntegrator] (JPA Startup Thread) HR000001: Hibernate Reactive
2023-09-20 15:56:09,869 WARN  [io.ver.sql.imp.SocketConnectionBase] (vert.x-eventloop-thread-0) Backend notice: severity='NOTICE', code='00000', message='relation "webauthncertificate" does not exist, skipping', detail='null', hint='null', position='null', internalPosition='null', internalQuery='null', where='null', file='utility.c', line='1323', routine='ProcessUtilitySlow', schema='null', table='null', column='null', dataType='null', constraint='null'
2023-09-20 15:56:09,871 WARN  [io.ver.sql.imp.SocketConnectionBase] (vert.x-eventloop-thread-0) Backend notice: severity='NOTICE', code='00000', message='relation "webauthncredential" does not exist, skipping', detail='null', hint='null', position='null', internalPosition='null', internalQuery='null', where='null', file='utility.c', line='1323', routine='ProcessUtilitySlow', schema='null', table='null', column='null', dataType='null', constraint='null'
2023-09-20 15:56:09,872 WARN  [io.ver.sql.imp.SocketConnectionBase] (vert.x-eventloop-thread-0) Backend notice: severity='NOTICE', code='00000', message='table "user_table" does not exist, skipping', detail='null', hint='null', position='null', internalPosition='null', internalQuery='null', where='null', file='tablecmds.c', line='1272', routine='DropErrorMsgNonExistent', schema='null', table='null', column='null', dataType='null', constraint='null'
2023-09-20 15:56:09,873 WARN  [io.ver.sql.imp.SocketConnectionBase] (vert.x-eventloop-thread-0) Backend notice: severity='NOTICE', code='00000', message='table "webauthncertificate" does not exist, skipping', detail='null', hint='null', position='null', internalPosition='null', internalQuery='null', where='null', file='tablecmds.c', line='1272', routine='DropErrorMsgNonExistent', schema='null', table='null', column='null', dataType='null', constraint='null'
2023-09-20 15:56:09,875 WARN  [io.ver.sql.imp.SocketConnectionBase] (vert.x-eventloop-thread-0) Backend notice: severity='NOTICE', code='00000', message='table "webauthncredential" does not exist, skipping', detail='null', hint='null', position='null', internalPosition='null', internalQuery='null', where='null', file='tablecmds.c', line='1272', routine='DropErrorMsgNonExistent', schema='null', table='null', column='null', dataType='null', constraint='null'
2023-09-20 15:56:09,876 WARN  [io.ver.sql.imp.SocketConnectionBase] (vert.x-eventloop-thread-0) Backend notice: severity='NOTICE', code='00000', message='sequence "user_table_seq" does not exist, skipping', detail='null', hint='null', position='null', internalPosition='null', internalQuery='null', where='null', file='tablecmds.c', line='1272', routine='DropErrorMsgNonExistent', schema='null', table='null', column='null', dataType='null', constraint='null'
2023-09-20 15:56:09,877 WARN  [io.ver.sql.imp.SocketConnectionBase] (vert.x-eventloop-thread-0) Backend notice: severity='NOTICE', code='00000', message='sequence "webauthncertificate_seq" does not exist, skipping', detail='null', hint='null', position='null', internalPosition='null', internalQuery='null', where='null', file='tablecmds.c', line='1272', routine='DropErrorMsgNonExistent', schema='null', table='null', column='null', dataType='null', constraint='null'
2023-09-20 15:56:09,879 WARN  [io.ver.sql.imp.SocketConnectionBase] (vert.x-eventloop-thread-0) Backend notice: severity='NOTICE', code='00000', message='sequence "webauthncredential_seq" does not exist, skipping', detail='null', hint='null', position='null', internalPosition='null', internalQuery='null', where='null', file='tablecmds.c', line='1272', routine='DropErrorMsgNonExistent', schema='null', table='null', column='null', dataType='null', constraint='null'
2023-09-20 15:56:09,887 WARN  [io.ver.sql.imp.SocketConnectionBase] (vert.x-eventloop-thread-0) Backend notice: severity='NOTICE', code='00000', message='relation "webauthncertificate" does not exist, skipping', detail='null', hint='null', position='null', internalPosition='null', internalQuery='null', where='null', file='utility.c', line='1323', routine='ProcessUtilitySlow', schema='null', table='null', column='null', dataType='null', constraint='null'
2023-09-20 15:56:09,889 WARN  [io.ver.sql.imp.SocketConnectionBase] (vert.x-eventloop-thread-0) Backend notice: severity='NOTICE', code='00000', message='relation "webauthncredential" does not exist, skipping', detail='null', hint='null', position='null', internalPosition='null', internalQuery='null', where='null', file='utility.c', line='1323', routine='ProcessUtilitySlow', schema='null', table='null', column='null', dataType='null', constraint='null'
2023-09-20 15:56:09,890 WARN  [io.ver.sql.imp.SocketConnectionBase] (vert.x-eventloop-thread-0) Backend notice: severity='NOTICE', code='00000', message='table "user_table" does not exist, skipping', detail='null', hint='null', position='null', internalPosition='null', internalQuery='null', where='null', file='tablecmds.c', line='1272', routine='DropErrorMsgNonExistent', schema='null', table='null', column='null', dataType='null', constraint='null'
2023-09-20 15:56:09,891 WARN  [io.ver.sql.imp.SocketConnectionBase] (vert.x-eventloop-thread-0) Backend notice: severity='NOTICE', code='00000', message='table "webauthncertificate" does not exist, skipping', detail='null', hint='null', position='null', internalPosition='null', internalQuery='null', where='null', file='tablecmds.c', line='1272', routine='DropErrorMsgNonExistent', schema='null', table='null', column='null', dataType='null', constraint='null'
2023-09-20 15:56:09,892 WARN  [io.ver.sql.imp.SocketConnectionBase] (vert.x-eventloop-thread-0) Backend notice: severity='NOTICE', code='00000', message='table "webauthncredential" does not exist, skipping', detail='null', hint='null', position='null', internalPosition='null', internalQuery='null', where='null', file='tablecmds.c', line='1272', routine='DropErrorMsgNonExistent', schema='null', table='null', column='null', dataType='null', constraint='null'
2023-09-20 15:56:09,893 WARN  [io.ver.sql.imp.SocketConnectionBase] (vert.x-eventloop-thread-0) Backend notice: severity='NOTICE', code='00000', message='sequence "user_table_seq" does not exist, skipping', detail='null', hint='null', position='null', internalPosition='null', internalQuery='null', where='null', file='tablecmds.c', line='1272', routine='DropErrorMsgNonExistent', schema='null', table='null', column='null', dataType='null', constraint='null'
2023-09-20 15:56:09,895 WARN  [io.ver.sql.imp.SocketConnectionBase] (vert.x-eventloop-thread-0) Backend notice: severity='NOTICE', code='00000', message='sequence "webauthncertificate_seq" does not exist, skipping', detail='null', hint='null', position='null', internalPosition='null', internalQuery='null', where='null', file='tablecmds.c', line='1272', routine='DropErrorMsgNonExistent', schema='null', table='null', column='null', dataType='null', constraint='null'
2023-09-20 15:56:09,897 WARN  [io.ver.sql.imp.SocketConnectionBase] (vert.x-eventloop-thread-0) Backend notice: severity='NOTICE', code='00000', message='sequence "webauthncredential_seq" does not exist, skipping', detail='null', hint='null', position='null', internalPosition='null', internalQuery='null', where='null', file='tablecmds.c', line='1272', routine='DropErrorMsgNonExistent', schema='null', table='null', column='null', dataType='null', constraint='null'
2023-09-20 15:56:09,924 WARN  [io.qua.sec.web.WebAuthnRecorder] (main) Encryption key was not specified for persistent WebAuthn auth, using temporary key S/yX44rsTvFTtv/fqoEFRtzWqD5L70pT2Z9CeZCLY5s=
2023-09-20 15:56:09,947 INFO  [io.quarkus] (main) security-webauthn-quickstart 1.0.0-SNAPSHOT on JVM (powered by Quarkus 3.3.3) started in 4.919s. Listening on: http://localhost:8081
2023-09-20 15:56:09,947 INFO  [io.quarkus] (main) Profile test activated. 
2023-09-20 15:56:09,948 INFO  [io.quarkus] (main) Installed features: [cdi, hibernate-orm, hibernate-reactive, hibernate-reactive-panache, reactive-pg-client, resteasy-reactive, security, security-webauthn, smallrye-context-propagation, vertx]
2023-09-20 15:56:11,022 INFO  [io.ver.ext.aut.web.WebAuthn] (vert.x-eventloop-thread-1) User was either verified or present during credentials creation
2023-09-20 15:56:11,258 INFO  [io.ver.ext.aut.web.WebAuthn] (vert.x-eventloop-thread-2) User was either verified or present during credentials creation
2023-09-20 15:56:11,441 INFO  [io.ver.ext.aut.web.WebAuthn] (vert.x-eventloop-thread-1) User was either verified or present during credentials creation
2023-09-20 15:56:11,574 INFO  [io.ver.ext.aut.web.WebAuthn] (vert.x-eventloop-thread-2) User was either verified or present during credentials creation
]]></system-out>
  </testcase>
  <testcase name="testWebAuthnAdmin" classname="org.acme.security.webauthn.test.WebAuthnResourceTest" time="0.381">
    <system-out><![CDATA[2023-09-20 15:56:11,782 INFO  [io.ver.ext.aut.web.WebAuthn] (vert.x-eventloop-thread-1) User was either verified or present during credentials creation
2023-09-20 15:56:11,942 INFO  [io.ver.ext.aut.web.WebAuthn] (vert.x-eventloop-thread-2) User was either verified or present during credentials creation
]]></system-out>
  </testcase>
</testsuite>