<?xml version="1.0" encoding="UTF-8"?>
<testsuite xmlns:xsi="http://www.w3.org/2001/XMLSchema-instance" xsi:noNamespaceSchemaLocation="https://maven.apache.org/surefire/maven-surefire-plugin/xsd/surefire-test-report-3.0.xsd" version="3.0" name="org.acme.security.openid.connect.web.authentication.CodeFlowTest" time="25.428" tests="3" errors="0" skipped="0" failures="0">
  <properties>
    <property name="java.specification.version" value="20"/>
    <property name="sun.jnu.encoding" value="UTF-8"/>
    <property name="test.url" value="http://localhost:8081"/>
    <property name="java.class.path" value="/Users/enricoconte/code/quarkus/quarkus-quickstarts/security-openid-connect-web-authentication-quickstart/target/test-classes:/Users/enricoconte/code/quarkus/quarkus-quickstarts/security-openid-connect-web-authentication-quickstart/target/classes:/Users/enricoconte/.m2/repository/io/quarkus/quarkus-oidc/3.3.3/quarkus-oidc-3.3.3.jar:/Users/enricoconte/.m2/repository/io/quarkus/quarkus-core/3.3.3/quarkus-core-3.3.3.jar:/Users/enricoconte/.m2/repository/jakarta/enterprise/jakarta.enterprise.cdi-api/4.0.1/jakarta.enterprise.cdi-api-4.0.1.jar:/Users/enricoconte/.m2/repository/jakarta/enterprise/jakarta.enterprise.lang-model/4.0.1/jakarta.enterprise.lang-model-4.0.1.jar:/Users/enricoconte/.m2/repository/jakarta/el/jakarta.el-api/5.0.1/jakarta.el-api-5.0.1.jar:/Users/enricoconte/.m2/repository/jakarta/inject/jakarta.inject-api/2.0.1/jakarta.inject-api-2.0.1.jar:/Users/enricoconte/.m2/repository/io/smallrye/common/smallrye-common-os/2.1.0/smallrye-common-os-2.1.0.jar:/Users/enricoconte/.m2/repository/io/quarkus/quarkus-ide-launcher/3.3.3/quarkus-ide-launcher-3.3.3.jar:/Users/enricoconte/.m2/repository/io/quarkus/quarkus-development-mode-spi/3.3.3/quarkus-development-mode-spi-3.3.3.jar:/Users/enricoconte/.m2/repository/io/smallrye/config/smallrye-config/3.3.4/smallrye-config-3.3.4.jar:/Users/enricoconte/.m2/repository/io/smallrye/config/smallrye-config-core/3.3.4/smallrye-config-core-3.3.4.jar:/Users/enricoconte/.m2/repository/io/smallrye/common/smallrye-common-expression/2.1.0/smallrye-common-expression-2.1.0.jar:/Users/enricoconte/.m2/repository/io/smallrye/common/smallrye-common-function/2.1.0/smallrye-common-function-2.1.0.jar:/Users/enricoconte/.m2/repository/io/smallrye/common/smallrye-common-classloader/2.1.0/smallrye-common-classloader-2.1.0.jar:/Users/enricoconte/.m2/repository/io/smallrye/config/smallrye-config-common/3.3.4/smallrye-config-common-3.3.4.jar:/Users/enricoconte/.m2/repository/org/jboss/logging/jboss-logging/3.5.1.Final/jboss-logging-3.5.1.Final.jar:/Users/enricoconte/.m2/repository/org/jboss/logmanager/jboss-logmanager-embedded/1.1.1/jboss-logmanager-embedded-1.1.1.jar:/Users/enricoconte/.m2/repository/org/jboss/logging/jboss-logging-annotations/2.2.1.Final/jboss-logging-annotations-2.2.1.Final.jar:/Users/enricoconte/.m2/repository/org/jboss/threads/jboss-threads/3.5.0.Final/jboss-threads-3.5.0.Final.jar:/Users/enricoconte/.m2/repository/org/slf4j/slf4j-api/2.0.6/slf4j-api-2.0.6.jar:/Users/enricoconte/.m2/repository/org/jboss/slf4j/slf4j-jboss-logmanager/2.0.0.Final/slf4j-jboss-logmanager-2.0.0.Final.jar:/Users/enricoconte/.m2/repository/org/wildfly/common/wildfly-common/1.5.4.Final-format-001/wildfly-common-1.5.4.Final-format-001.jar:/Users/enricoconte/.m2/repository/io/quarkus/quarkus-bootstrap-runner/3.3.3/quarkus-bootstrap-runner-3.3.3.jar:/Users/enricoconte/.m2/repository/io/quarkus/quarkus-fs-util/0.0.9/quarkus-fs-util-0.0.9.jar:/Users/enricoconte/.m2/repository/io/quarkus/quarkus-vertx/3.3.3/quarkus-vertx-3.3.3.jar:/Users/enricoconte/.m2/repository/io/quarkus/quarkus-netty/3.3.3/quarkus-netty-3.3.3.jar:/Users/enricoconte/.m2/repository/io/netty/netty-codec/4.1.94.Final/netty-codec-4.1.94.Final.jar:/Users/enricoconte/.m2/repository/io/netty/netty-common/4.1.94.Final/netty-common-4.1.94.Final.jar:/Users/enricoconte/.m2/repository/io/netty/netty-codec-http/4.1.94.Final/netty-codec-http-4.1.94.Final.jar:/Users/enricoconte/.m2/repository/io/netty/netty-codec-http2/4.1.94.Final/netty-codec-http2-4.1.94.Final.jar:/Users/enricoconte/.m2/repository/io/netty/netty-handler/4.1.94.Final/netty-handler-4.1.94.Final.jar:/Users/enricoconte/.m2/repository/io/netty/netty-resolver/4.1.94.Final/netty-resolver-4.1.94.Final.jar:/Users/enricoconte/.m2/repository/io/netty/netty-transport-native-unix-common/4.1.94.Final/netty-transport-native-unix-common-4.1.94.Final.jar:/Users/enricoconte/.m2/repository/com/aayushatharva/brotli4j/brotli4j/1.12.0/brotli4j-1.12.0.jar:/Users/enricoconte/.m2/repository/com/aayushatharva/brotli4j/service/1.12.0/service-1.12.0.jar:/Users/enricoconte/.m2/repository/com/aayushatharva/brotli4j/native-osx-aarch64/1.12.0/native-osx-aarch64-1.12.0.jar:/Users/enricoconte/.m2/repository/io/netty/netty-codec-haproxy/4.1.94.Final/netty-codec-haproxy-4.1.94.Final.jar:/Users/enricoconte/.m2/repository/io/netty/netty-buffer/4.1.94.Final/netty-buffer-4.1.94.Final.jar:/Users/enricoconte/.m2/repository/io/netty/netty-transport/4.1.94.Final/netty-transport-4.1.94.Final.jar:/Users/enricoconte/.m2/repository/io/smallrye/common/smallrye-common-annotation/2.1.0/smallrye-common-annotation-2.1.0.jar:/Users/enricoconte/.m2/repository/io/smallrye/common/smallrye-common-vertx-context/2.1.0/smallrye-common-vertx-context-2.1.0.jar:/Users/enricoconte/.m2/repository/io/vertx/vertx-core/4.4.4/vertx-core-4.4.4.jar:/Users/enricoconte/.m2/repository/io/netty/netty-handler-proxy/4.1.94.Final/netty-handler-proxy-4.1.94.Final.jar:/Users/enricoconte/.m2/repository/io/netty/netty-codec-socks/4.1.94.Final/netty-codec-socks-4.1.94.Final.jar:/Users/enricoconte/.m2/repository/io/netty/netty-resolver-dns/4.1.94.Final/netty-resolver-dns-4.1.94.Final.jar:/Users/enricoconte/.m2/repository/io/netty/netty-codec-dns/4.1.94.Final/netty-codec-dns-4.1.94.Final.jar:/Users/enricoconte/.m2/repository/io/smallrye/common/smallrye-common-constraint/2.1.0/smallrye-common-constraint-2.1.0.jar:/Users/enricoconte/.m2/repository/io/quarkus/quarkus-mutiny/3.3.3/quarkus-mutiny-3.3.3.jar:/Users/enricoconte/.m2/repository/io/smallrye/reactive/mutiny/2.3.1/mutiny-2.3.1.jar:/Users/enricoconte/.m2/repository/io/quarkus/quarkus-smallrye-context-propagation/3.3.3/quarkus-smallrye-context-propagation-3.3.3.jar:/Users/enricoconte/.m2/repository/io/smallrye/smallrye-context-propagation/2.1.0/smallrye-context-propagation-2.1.0.jar:/Users/enricoconte/.m2/repository/io/smallrye/smallrye-context-propagation-api/2.1.0/smallrye-context-propagation-api-2.1.0.jar:/Users/enricoconte/.m2/repository/io/smallrye/smallrye-context-propagation-storage/2.1.0/smallrye-context-propagation-storage-2.1.0.jar:/Users/enricoconte/.m2/repository/io/smallrye/reactive/mutiny-smallrye-context-propagation/2.3.1/mutiny-smallrye-context-propagation-2.3.1.jar:/Users/enricoconte/.m2/repository/io/quarkus/quarkus-vertx-latebound-mdc-provider/3.3.3/quarkus-vertx-latebound-mdc-provider-3.3.3.jar:/Users/enricoconte/.m2/repository/io/smallrye/reactive/smallrye-mutiny-vertx-core/3.5.0/smallrye-mutiny-vertx-core-3.5.0.jar:/Users/enricoconte/.m2/repository/io/smallrye/reactive/smallrye-mutiny-vertx-runtime/3.5.0/smallrye-mutiny-vertx-runtime-3.5.0.jar:/Users/enricoconte/.m2/repository/io/smallrye/reactive/vertx-mutiny-generator/3.5.0/vertx-mutiny-generator-3.5.0.jar:/Users/enricoconte/.m2/repository/io/vertx/vertx-codegen/4.4.4/vertx-codegen-4.4.4.jar:/Users/enricoconte/.m2/repository/io/smallrye/smallrye-fault-tolerance-vertx/6.2.6/smallrye-fault-tolerance-vertx-6.2.6.jar:/Users/enricoconte/.m2/repository/io/quarkus/quarkus-vertx-http/3.3.3/quarkus-vertx-http-3.3.3.jar:/Users/enricoconte/.m2/repository/io/quarkus/quarkus-security-runtime-spi/3.3.3/quarkus-security-runtime-spi-3.3.3.jar:/Users/enricoconte/.m2/repository/io/quarkus/quarkus-credentials/3.3.3/quarkus-credentials-3.3.3.jar:/Users/enricoconte/.m2/repository/io/quarkus/quarkus-vertx-http-dev-console-runtime-spi/3.3.3/quarkus-vertx-http-dev-console-runtime-spi-3.3.3.jar:/Users/enricoconte/.m2/repository/io/quarkus/security/quarkus-security/2.0.2.Final/quarkus-security-2.0.2.Final.jar:/Users/enricoconte/.m2/repository/io/smallrye/reactive/smallrye-mutiny-vertx-web/3.5.0/smallrye-mutiny-vertx-web-3.5.0.jar:/Users/enricoconte/.m2/repository/io/smallrye/reactive/smallrye-mutiny-vertx-web-common/3.5.0/smallrye-mutiny-vertx-web-common-3.5.0.jar:/Users/enricoconte/.m2/repository/io/smallrye/reactive/smallrye-mutiny-vertx-auth-common/3.5.0/smallrye-mutiny-vertx-auth-common-3.5.0.jar:/Users/enricoconte/.m2/repository/io/smallrye/reactive/smallrye-mutiny-vertx-bridge-common/3.5.0/smallrye-mutiny-vertx-bridge-common-3.5.0.jar:/Users/enricoconte/.m2/repository/io/smallrye/reactive/smallrye-mutiny-vertx-uri-template/3.5.0/smallrye-mutiny-vertx-uri-template-3.5.0.jar:/Users/enricoconte/.m2/repository/io/vertx/vertx-uri-template/4.4.4/vertx-uri-template-4.4.4.jar:/Users/enricoconte/.m2/repository/io/vertx/vertx-web/4.4.4/vertx-web-4.4.4.jar:/Users/enricoconte/.m2/repository/io/vertx/vertx-web-common/4.4.4/vertx-web-common-4.4.4.jar:/Users/enricoconte/.m2/repository/io/vertx/vertx-auth-common/4.4.4/vertx-auth-common-4.4.4.jar:/Users/enricoconte/.m2/repository/io/vertx/vertx-bridge-common/4.4.4/vertx-bridge-common-4.4.4.jar:/Users/enricoconte/.m2/repository/io/github/crac/org-crac/0.1.3/org-crac-0.1.3.jar:/Users/enricoconte/.m2/repository/io/quarkus/quarkus-security/3.3.3/quarkus-security-3.3.3.jar:/Users/enricoconte/.m2/repository/jakarta/interceptor/jakarta.interceptor-api/2.1.0/jakarta.interceptor-api-2.1.0.jar:/Users/enricoconte/.m2/repository/io/quarkus/quarkus-jsonp/3.3.3/quarkus-jsonp-3.3.3.jar:/Users/enricoconte/.m2/repository/org/eclipse/parsson/parsson/1.1.2/parsson-1.1.2.jar:/Users/enricoconte/.m2/repository/jakarta/json/jakarta.json-api/2.1.2/jakarta.json-api-2.1.2.jar:/Users/enricoconte/.m2/repository/io/quarkus/quarkus-oidc-common/3.3.3/quarkus-oidc-common-3.3.3.jar:/Users/enricoconte/.m2/repository/io/smallrye/reactive/smallrye-mutiny-vertx-web-client/3.5.0/smallrye-mutiny-vertx-web-client-3.5.0.jar:/Users/enricoconte/.m2/repository/io/vertx/vertx-web-client/4.4.4/vertx-web-client-4.4.4.jar:/Users/enricoconte/.m2/repository/io/quarkus/quarkus-smallrye-jwt-build/3.3.3/quarkus-smallrye-jwt-build-3.3.3.jar:/Users/enricoconte/.m2/repository/io/smallrye/smallrye-jwt-build/4.3.0/smallrye-jwt-build-4.3.0.jar:/Users/enricoconte/.m2/repository/io/smallrye/smallrye-jwt/4.3.0/smallrye-jwt-4.3.0.jar:/Users/enricoconte/.m2/repository/org/eclipse/microprofile/config/microprofile-config-api/3.0.3/microprofile-config-api-3.0.3.jar:/Users/enricoconte/.m2/repository/org/eclipse/microprofile/jwt/microprofile-jwt-auth-api/2.1/microprofile-jwt-auth-api-2.1.jar:/Users/enricoconte/.m2/repository/org/bitbucket/b_c/jose4j/0.9.3/jose4j-0.9.3.jar:/Users/enricoconte/.m2/repository/io/smallrye/smallrye-jwt-common/4.3.0/smallrye-jwt-common-4.3.0.jar:/Users/enricoconte/.m2/repository/jakarta/annotation/jakarta.annotation-api/2.1.1/jakarta.annotation-api-2.1.1.jar:/Users/enricoconte/.m2/repository/io/quarkus/quarkus-resteasy-reactive-jackson/3.3.3/quarkus-resteasy-reactive-jackson-3.3.3.jar:/Users/enricoconte/.m2/repository/io/quarkus/quarkus-resteasy-reactive/3.3.3/quarkus-resteasy-reactive-3.3.3.jar:/Users/enricoconte/.m2/repository/io/quarkus/quarkus-resteasy-reactive-common/3.3.3/quarkus-resteasy-reactive-common-3.3.3.jar:/Users/enricoconte/.m2/repository/io/quarkus/resteasy/reactive/resteasy-reactive-common/3.3.3/resteasy-reactive-common-3.3.3.jar:/Users/enricoconte/.m2/repository/io/quarkus/resteasy/reactive/resteasy-reactive-common-types/3.3.3/resteasy-reactive-common-types-3.3.3.jar:/Users/enricoconte/.m2/repository/org/reactivestreams/reactive-streams/1.0.4/reactive-streams-1.0.4.jar:/Users/enricoconte/.m2/repository/io/smallrye/reactive/mutiny-zero-flow-adapters/1.0.0/mutiny-zero-flow-adapters-1.0.0.jar:/Users/enricoconte/.m2/repository/io/quarkus/resteasy/reactive/resteasy-reactive-vertx/3.3.3/resteasy-reactive-vertx-3.3.3.jar:/Users/enricoconte/.m2/repository/io/quarkus/resteasy/reactive/resteasy-reactive/3.3.3/resteasy-reactive-3.3.3.jar:/Users/enricoconte/.m2/repository/jakarta/ws/rs/jakarta.ws.rs-api/3.1.0/jakarta.ws.rs-api-3.1.0.jar:/Users/enricoconte/.m2/repository/jakarta/xml/bind/jakarta.xml.bind-api/4.0.0/jakarta.xml.bind-api-4.0.0.jar:/Users/enricoconte/.m2/repository/jakarta/activation/jakarta.activation-api/2.1.2/jakarta.activation-api-2.1.2.jar:/Users/enricoconte/.m2/repository/io/quarkus/quarkus-virtual-threads/3.3.3/quarkus-virtual-threads-3.3.3.jar:/Users/enricoconte/.m2/repository/io/quarkus/quarkus-resteasy-reactive-jackson-common/3.3.3/quarkus-resteasy-reactive-jackson-common-3.3.3.jar:/Users/enricoconte/.m2/repository/io/quarkus/resteasy/reactive/resteasy-reactive-jackson/3.3.3/resteasy-reactive-jackson-3.3.3.jar:/Users/enricoconte/.m2/repository/io/quarkus/quarkus-jackson/3.3.3/quarkus-jackson-3.3.3.jar:/Users/enricoconte/.m2/repository/com/fasterxml/jackson/core/jackson-databind/2.15.2/jackson-databind-2.15.2.jar:/Users/enricoconte/.m2/repository/com/fasterxml/jackson/core/jackson-annotations/2.15.2/jackson-annotations-2.15.2.jar:/Users/enricoconte/.m2/repository/com/fasterxml/jackson/core/jackson-core/2.15.2/jackson-core-2.15.2.jar:/Users/enricoconte/.m2/repository/com/fasterxml/jackson/datatype/jackson-datatype-jsr310/2.15.2/jackson-datatype-jsr310-2.15.2.jar:/Users/enricoconte/.m2/repository/com/fasterxml/jackson/datatype/jackson-datatype-jdk8/2.15.2/jackson-datatype-jdk8-2.15.2.jar:/Users/enricoconte/.m2/repository/com/fasterxml/jackson/module/jackson-module-parameter-names/2.15.2/jackson-module-parameter-names-2.15.2.jar:/Users/enricoconte/.m2/repository/io/quarkus/quarkus-arc/3.3.3/quarkus-arc-3.3.3.jar:/Users/enricoconte/.m2/repository/io/quarkus/arc/arc/3.3.3/arc-3.3.3.jar:/Users/enricoconte/.m2/repository/jakarta/transaction/jakarta.transaction-api/2.0.1/jakarta.transaction-api-2.0.1.jar:/Users/enricoconte/.m2/repository/org/eclipse/microprofile/context-propagation/microprofile-context-propagation-api/1.3/microprofile-context-propagation-api-1.3.jar:/Users/enricoconte/.m2/repository/io/quarkus/quarkus-junit5/3.3.3/quarkus-junit5-3.3.3.jar:/Users/enricoconte/.m2/repository/io/quarkus/quarkus-bootstrap-core/3.3.3/quarkus-bootstrap-core-3.3.3.jar:/Users/enricoconte/.m2/repository/io/quarkus/quarkus-bootstrap-app-model/3.3.3/quarkus-bootstrap-app-model-3.3.3.jar:/Users/enricoconte/.m2/repository/io/smallrye/common/smallrye-common-io/2.1.0/smallrye-common-io-2.1.0.jar:/Users/enricoconte/.m2/repository/org/eclipse/sisu/org.eclipse.sisu.inject/0.3.5/org.eclipse.sisu.inject-0.3.5.jar:/Users/enricoconte/.m2/repository/io/quarkus/quarkus-test-common/3.3.3/quarkus-test-common-3.3.3.jar:/Users/enricoconte/.m2/repository/io/quarkus/quarkus-core-deployment/3.3.3/quarkus-core-deployment-3.3.3.jar:/Users/enricoconte/.m2/repository/org/aesh/readline/2.4/readline-2.4.jar:/Users/enricoconte/.m2/repository/org/fusesource/jansi/jansi/2.4.0/jansi-2.4.0.jar:/Users/enricoconte/.m2/repository/org/aesh/aesh/2.7/aesh-2.7.jar:/Users/enricoconte/.m2/repository/io/quarkus/gizmo/gizmo/1.6.1.Final/gizmo-1.6.1.Final.jar:/Users/enricoconte/.m2/repository/org/ow2/asm/asm-util/9.5/asm-util-9.5.jar:/Users/enricoconte/.m2/repository/org/ow2/asm/asm-analysis/9.5/asm-analysis-9.5.jar:/Users/enricoconte/.m2/repository/org/ow2/asm/asm/9.5/asm-9.5.jar:/Users/enricoconte/.m2/repository/org/ow2/asm/asm-commons/9.5/asm-commons-9.5.jar:/Users/enricoconte/.m2/repository/org/ow2/asm/asm-tree/9.5/asm-tree-9.5.jar:/Users/enricoconte/.m2/repository/io/quarkus/quarkus-class-change-agent/3.3.3/quarkus-class-change-agent-3.3.3.jar:/Users/enricoconte/.m2/repository/io/quarkus/quarkus-devtools-utilities/3.3.3/quarkus-devtools-utilities-3.3.3.jar:/Users/enricoconte/.m2/repository/io/quarkus/quarkus-builder/3.3.3/quarkus-builder-3.3.3.jar:/Users/enricoconte/.m2/repository/org/graalvm/sdk/graal-sdk/23.0.1/graal-sdk-23.0.1.jar:/Users/enricoconte/.m2/repository/org/junit/platform/junit-platform-launcher/1.9.3/junit-platform-launcher-1.9.3.jar:/Users/enricoconte/.m2/repository/io/quarkus/quarkus-bootstrap-maven-resolver/3.3.3/quarkus-bootstrap-maven-resolver-3.3.3.jar:/Users/enricoconte/.m2/repository/io/smallrye/beanbag/smallrye-beanbag-maven/1.3.2/smallrye-beanbag-maven-1.3.2.jar:/Users/enricoconte/.m2/repository/io/smallrye/beanbag/smallrye-beanbag-sisu/1.3.2/smallrye-beanbag-sisu-1.3.2.jar:/Users/enricoconte/.m2/repository/io/smallrye/beanbag/smallrye-beanbag/1.3.2/smallrye-beanbag-1.3.2.jar:/Users/enricoconte/.m2/repository/javax/inject/javax.inject/1/javax.inject-1.jar:/Users/enricoconte/.m2/repository/org/apache/maven/maven-artifact/3.9.3/maven-artifact-3.9.3.jar:/Users/enricoconte/.m2/repository/org/apache/maven/maven-builder-support/3.9.3/maven-builder-support-3.9.3.jar:/Users/enricoconte/.m2/repository/org/apache/maven/maven-model/3.9.3/maven-model-3.9.3.jar:/Users/enricoconte/.m2/repository/org/apache/maven/maven-model-builder/3.9.3/maven-model-builder-3.9.3.jar:/Users/enricoconte/.m2/repository/org/apache/maven/maven-repository-metadata/3.9.3/maven-repository-metadata-3.9.3.jar:/Users/enricoconte/.m2/repository/org/apache/maven/maven-settings/3.9.3/maven-settings-3.9.3.jar:/Users/enricoconte/.m2/repository/org/apache/maven/resolver/maven-resolver-api/1.9.13/maven-resolver-api-1.9.13.jar:/Users/enricoconte/.m2/repository/org/apache/maven/resolver/maven-resolver-impl/1.9.13/maven-resolver-impl-1.9.13.jar:/Users/enricoconte/.m2/repository/org/apache/maven/resolver/maven-resolver-named-locks/1.9.13/maven-resolver-named-locks-1.9.13.jar:/Users/enricoconte/.m2/repository/org/apache/maven/resolver/maven-resolver-spi/1.9.13/maven-resolver-spi-1.9.13.jar:/Users/enricoconte/.m2/repository/org/apache/maven/resolver/maven-resolver-util/1.9.13/maven-resolver-util-1.9.13.jar:/Users/enricoconte/.m2/repository/org/apache/maven/resolver/maven-resolver-transport-http/1.9.10/maven-resolver-transport-http-1.9.10.jar:/Users/enricoconte/.m2/repository/org/apache/maven/wagon/wagon-provider-api/3.5.3/wagon-provider-api-3.5.3.jar:/Users/enricoconte/.m2/repository/org/apache/maven/wagon/wagon-http-shared/3.5.3/wagon-http-shared-3.5.3.jar:/Users/enricoconte/.m2/repository/org/codehaus/plexus/plexus-interpolation/1.26/plexus-interpolation-1.26.jar:/Users/enricoconte/.m2/repository/org/codehaus/plexus/plexus-utils/3.5.1/plexus-utils-3.5.1.jar:/Users/enricoconte/.m2/repository/org/codehaus/plexus/plexus-xml/4.0.0/plexus-xml-4.0.0.jar:/Users/enricoconte/.m2/repository/org/apache/maven/maven-xml-impl/4.0.0-alpha-5/maven-xml-impl-4.0.0-alpha-5.jar:/Users/enricoconte/.m2/repository/org/apache/maven/maven-api-xml/4.0.0-alpha-5/maven-api-xml-4.0.0-alpha-5.jar:/Users/enricoconte/.m2/repository/org/apache/maven/maven-api-meta/4.0.0-alpha-5/maven-api-meta-4.0.0-alpha-5.jar:/Users/enricoconte/.m2/repository/org/codehaus/plexus/plexus-cipher/2.0/plexus-cipher-2.0.jar:/Users/enricoconte/.m2/repository/org/codehaus/plexus/plexus-sec-dispatcher/2.0/plexus-sec-dispatcher-2.0.jar:/Users/enricoconte/.m2/repository/org/apache/maven/maven-embedder/3.9.3/maven-embedder-3.9.3.jar:/Users/enricoconte/.m2/repository/org/apache/maven/maven-core/3.9.3/maven-core-3.9.3.jar:/Users/enricoconte/.m2/repository/org/codehaus/plexus/plexus-component-annotations/2.1.0/plexus-component-annotations-2.1.0.jar:/Users/enricoconte/.m2/repository/org/apache/maven/maven-plugin-api/3.9.3/maven-plugin-api-3.9.3.jar:/Users/enricoconte/.m2/repository/org/apache/maven/shared/maven-shared-utils/3.3.4/maven-shared-utils-3.3.4.jar:/Users/enricoconte/.m2/repository/com/google/inject/guice/5.1.0/guice-5.1.0.jar:/Users/enricoconte/.m2/repository/aopalliance/aopalliance/1.0/aopalliance-1.0.jar:/Users/enricoconte/.m2/repository/com/google/guava/guava/32.1.1-jre/guava-32.1.1-jre.jar:/Users/enricoconte/.m2/repository/com/google/guava/failureaccess/1.0.1/failureaccess-1.0.1.jar:/Users/enricoconte/.m2/repository/javax/annotation/javax.annotation-api/1.3.2/javax.annotation-api-1.3.2.jar:/Users/enricoconte/.m2/repository/org/codehaus/plexus/plexus-classworlds/2.6.0/plexus-classworlds-2.6.0.jar:/Users/enricoconte/.m2/repository/commons-cli/commons-cli/1.5.0/commons-cli-1.5.0.jar:/Users/enricoconte/.m2/repository/org/eclipse/sisu/org.eclipse.sisu.plexus/0.3.5/org.eclipse.sisu.plexus-0.3.5.jar:/Users/enricoconte/.m2/repository/org/apache/maven/maven-settings-builder/3.9.3/maven-settings-builder-3.9.3.jar:/Users/enricoconte/.m2/repository/org/apache/maven/maven-resolver-provider/3.9.3/maven-resolver-provider-3.9.3.jar:/Users/enricoconte/.m2/repository/org/apache/maven/resolver/maven-resolver-connector-basic/1.9.13/maven-resolver-connector-basic-1.9.13.jar:/Users/enricoconte/.m2/repository/org/apache/maven/resolver/maven-resolver-transport-wagon/1.9.13/maven-resolver-transport-wagon-1.9.13.jar:/Users/enricoconte/.m2/repository/org/apache/maven/wagon/wagon-http/3.5.3/wagon-http-3.5.3.jar:/Users/enricoconte/.m2/repository/org/apache/maven/wagon/wagon-file/3.5.3/wagon-file-3.5.3.jar:/Users/enricoconte/.m2/repository/io/quarkus/quarkus-bootstrap-gradle-resolver/3.3.3/quarkus-bootstrap-gradle-resolver-3.3.3.jar:/Users/enricoconte/.m2/repository/io/smallrye/jandex/3.1.2/jandex-3.1.2.jar:/Users/enricoconte/.m2/repository/org/jboss/logging/commons-logging-jboss-logging/1.0.0.Final/commons-logging-jboss-logging-1.0.0.Final.jar:/Users/enricoconte/.m2/repository/io/quarkus/quarkus-junit5-properties/3.3.3/quarkus-junit5-properties-3.3.3.jar:/Users/enricoconte/.m2/repository/org/junit/jupiter/junit-jupiter/5.9.3/junit-jupiter-5.9.3.jar:/Users/enricoconte/.m2/repository/org/junit/jupiter/junit-jupiter-api/5.9.3/junit-jupiter-api-5.9.3.jar:/Users/enricoconte/.m2/repository/org/opentest4j/opentest4j/1.2.0/opentest4j-1.2.0.jar:/Users/enricoconte/.m2/repository/org/junit/platform/junit-platform-commons/1.9.3/junit-platform-commons-1.9.3.jar:/Users/enricoconte/.m2/repository/org/apiguardian/apiguardian-api/1.1.2/apiguardian-api-1.1.2.jar:/Users/enricoconte/.m2/repository/org/junit/jupiter/junit-jupiter-params/5.9.3/junit-jupiter-params-5.9.3.jar:/Users/enricoconte/.m2/repository/org/junit/jupiter/junit-jupiter-engine/5.9.3/junit-jupiter-engine-5.9.3.jar:/Users/enricoconte/.m2/repository/org/junit/platform/junit-platform-engine/1.9.3/junit-platform-engine-1.9.3.jar:/Users/enricoconte/.m2/repository/com/thoughtworks/xstream/xstream/1.4.20/xstream-1.4.20.jar:/Users/enricoconte/.m2/repository/io/github/x-stream/mxparser/1.2.2/mxparser-1.2.2.jar:/Users/enricoconte/.m2/repository/xmlpull/xmlpull/1.1.3.1/xmlpull-1.1.3.1.jar:/Users/enricoconte/.m2/repository/io/rest-assured/rest-assured/5.3.0/rest-assured-5.3.0.jar:/Users/enricoconte/.m2/repository/org/apache/groovy/groovy/4.0.6/groovy-4.0.6.jar:/Users/enricoconte/.m2/repository/org/apache/groovy/groovy-xml/4.0.6/groovy-xml-4.0.6.jar:/Users/enricoconte/.m2/repository/org/apache/httpcomponents/httpclient/4.5.14/httpclient-4.5.14.jar:/Users/enricoconte/.m2/repository/org/apache/httpcomponents/httpcore/4.4.16/httpcore-4.4.16.jar:/Users/enricoconte/.m2/repository/commons-codec/commons-codec/1.16.0/commons-codec-1.16.0.jar:/Users/enricoconte/.m2/repository/org/apache/httpcomponents/httpmime/4.5.14/httpmime-4.5.14.jar:/Users/enricoconte/.m2/repository/org/hamcrest/hamcrest/2.1/hamcrest-2.1.jar:/Users/enricoconte/.m2/repository/org/ccil/cowan/tagsoup/tagsoup/1.2.1/tagsoup-1.2.1.jar:/Users/enricoconte/.m2/repository/io/rest-assured/json-path/5.3.0/json-path-5.3.0.jar:/Users/enricoconte/.m2/repository/org/apache/groovy/groovy-json/4.0.6/groovy-json-4.0.6.jar:/Users/enricoconte/.m2/repository/io/rest-assured/rest-assured-common/5.3.0/rest-assured-common-5.3.0.jar:/Users/enricoconte/.m2/repository/io/rest-assured/xml-path/5.3.0/xml-path-5.3.0.jar:/Users/enricoconte/.m2/repository/net/sourceforge/htmlunit/htmlunit/2.36.0/htmlunit-2.36.0.jar:/Users/enricoconte/.m2/repository/xalan/xalan/2.7.2/xalan-2.7.2.jar:/Users/enricoconte/.m2/repository/xalan/serializer/2.7.2/serializer-2.7.2.jar:/Users/enricoconte/.m2/repository/org/apache/commons/commons-lang3/3.12.0/commons-lang3-3.12.0.jar:/Users/enricoconte/.m2/repository/org/apache/commons/commons-text/1.10.0/commons-text-1.10.0.jar:/Users/enricoconte/.m2/repository/net/sourceforge/htmlunit/htmlunit-core-js/2.36.0/htmlunit-core-js-2.36.0.jar:/Users/enricoconte/.m2/repository/net/sourceforge/htmlunit/neko-htmlunit/2.36.0/neko-htmlunit-2.36.0.jar:/Users/enricoconte/.m2/repository/xerces/xercesImpl/2.12.0/xercesImpl-2.12.0.jar:/Users/enricoconte/.m2/repository/xml-apis/xml-apis/1.4.01/xml-apis-1.4.01.jar:/Users/enricoconte/.m2/repository/net/sourceforge/htmlunit/htmlunit-cssparser/1.5.0/htmlunit-cssparser-1.5.0.jar:/Users/enricoconte/.m2/repository/commons-io/commons-io/2.13.0/commons-io-2.13.0.jar:/Users/enricoconte/.m2/repository/commons-net/commons-net/3.6/commons-net-3.6.jar:/Users/enricoconte/.m2/repository/org/brotli/dec/0.1.2/dec-0.1.2.jar:/Users/enricoconte/.m2/repository/org/eclipse/jetty/websocket/websocket-client/9.4.20.v20190813/websocket-client-9.4.20.v20190813.jar:/Users/enricoconte/.m2/repository/org/eclipse/jetty/jetty-client/9.4.20.v20190813/jetty-client-9.4.20.v20190813.jar:/Users/enricoconte/.m2/repository/org/eclipse/jetty/jetty-http/9.4.20.v20190813/jetty-http-9.4.20.v20190813.jar:/Users/enricoconte/.m2/repository/org/eclipse/jetty/jetty-xml/9.4.20.v20190813/jetty-xml-9.4.20.v20190813.jar:/Users/enricoconte/.m2/repository/org/eclipse/jetty/jetty-util/9.4.20.v20190813/jetty-util-9.4.20.v20190813.jar:/Users/enricoconte/.m2/repository/org/eclipse/jetty/jetty-io/9.4.20.v20190813/jetty-io-9.4.20.v20190813.jar:/Users/enricoconte/.m2/repository/org/eclipse/jetty/websocket/websocket-common/9.4.20.v20190813/websocket-common-9.4.20.v20190813.jar:/Users/enricoconte/.m2/repository/org/eclipse/jetty/websocket/websocket-api/9.4.20.v20190813/websocket-api-9.4.20.v20190813.jar:"/>
    <property name="java.vm.vendor" value="GraalVM Community"/>
    <property name="sun.arch.data.model" value="64"/>
    <property name="java.vendor.url" value="https://www.graalvm.org/"/>
    <property name="user.timezone" value="Europe/Rome"/>
    <property name="logging.initial-configurator.min-level" value="500"/>
    <property name="os.name" value="Mac OS X"/>
    <property name="java.vm.specification.version" value="20"/>
    <property name="sun.java.launcher" value="SUN_STANDARD"/>
    <property name="user.country" value="IT"/>
    <property name="groovy.use.classvalue" value="false"/>
    <property name="sun.boot.library.path" value="/Users/enricoconte/Library/Java/JavaVirtualMachines/graalvm-community-openjdk-20.0.1+9.1/Contents/Home/lib"/>
    <property name="sun.java.command" value="/Users/enricoconte/code/quarkus/quarkus-quickstarts/security-openid-connect-web-authentication-quickstart/target/surefire/surefirebooter-20230920144528381_3.jar /Users/enricoconte/code/quarkus/quarkus-quickstarts/security-openid-connect-web-authentication-quickstart/target/surefire 2023-09-20T14-45-28_210-jvmRun1 surefire-20230920144528381_1tmp surefire_0-20230920144528381_2tmp"/>
    <property name="http.nonProxyHosts" value="local|*.local|169.254/16|*.169.254/16"/>
    <property name="jdk.debug" value="release"/>
    <property name="maven.home" value="/usr/local/Cellar/maven/3.9.4/libexec"/>
    <property name="surefire.test.class.path" value="/Users/enricoconte/code/quarkus/quarkus-quickstarts/security-openid-connect-web-authentication-quickstart/target/test-classes:/Users/enricoconte/code/quarkus/quarkus-quickstarts/security-openid-connect-web-authentication-quickstart/target/classes:/Users/enricoconte/.m2/repository/io/quarkus/quarkus-oidc/3.3.3/quarkus-oidc-3.3.3.jar:/Users/enricoconte/.m2/repository/io/quarkus/quarkus-core/3.3.3/quarkus-core-3.3.3.jar:/Users/enricoconte/.m2/repository/jakarta/enterprise/jakarta.enterprise.cdi-api/4.0.1/jakarta.enterprise.cdi-api-4.0.1.jar:/Users/enricoconte/.m2/repository/jakarta/enterprise/jakarta.enterprise.lang-model/4.0.1/jakarta.enterprise.lang-model-4.0.1.jar:/Users/enricoconte/.m2/repository/jakarta/el/jakarta.el-api/5.0.1/jakarta.el-api-5.0.1.jar:/Users/enricoconte/.m2/repository/jakarta/inject/jakarta.inject-api/2.0.1/jakarta.inject-api-2.0.1.jar:/Users/enricoconte/.m2/repository/io/smallrye/common/smallrye-common-os/2.1.0/smallrye-common-os-2.1.0.jar:/Users/enricoconte/.m2/repository/io/quarkus/quarkus-ide-launcher/3.3.3/quarkus-ide-launcher-3.3.3.jar:/Users/enricoconte/.m2/repository/io/quarkus/quarkus-development-mode-spi/3.3.3/quarkus-development-mode-spi-3.3.3.jar:/Users/enricoconte/.m2/repository/io/smallrye/config/smallrye-config/3.3.4/smallrye-config-3.3.4.jar:/Users/enricoconte/.m2/repository/io/smallrye/config/smallrye-config-core/3.3.4/smallrye-config-core-3.3.4.jar:/Users/enricoconte/.m2/repository/io/smallrye/common/smallrye-common-expression/2.1.0/smallrye-common-expression-2.1.0.jar:/Users/enricoconte/.m2/repository/io/smallrye/common/smallrye-common-function/2.1.0/smallrye-common-function-2.1.0.jar:/Users/enricoconte/.m2/repository/io/smallrye/common/smallrye-common-classloader/2.1.0/smallrye-common-classloader-2.1.0.jar:/Users/enricoconte/.m2/repository/io/smallrye/config/smallrye-config-common/3.3.4/smallrye-config-common-3.3.4.jar:/Users/enricoconte/.m2/repository/org/jboss/logging/jboss-logging/3.5.1.Final/jboss-logging-3.5.1.Final.jar:/Users/enricoconte/.m2/repository/org/jboss/logmanager/jboss-logmanager-embedded/1.1.1/jboss-logmanager-embedded-1.1.1.jar:/Users/enricoconte/.m2/repository/org/jboss/logging/jboss-logging-annotations/2.2.1.Final/jboss-logging-annotations-2.2.1.Final.jar:/Users/enricoconte/.m2/repository/org/jboss/threads/jboss-threads/3.5.0.Final/jboss-threads-3.5.0.Final.jar:/Users/enricoconte/.m2/repository/org/slf4j/slf4j-api/2.0.6/slf4j-api-2.0.6.jar:/Users/enricoconte/.m2/repository/org/jboss/slf4j/slf4j-jboss-logmanager/2.0.0.Final/slf4j-jboss-logmanager-2.0.0.Final.jar:/Users/enricoconte/.m2/repository/org/wildfly/common/wildfly-common/1.5.4.Final-format-001/wildfly-common-1.5.4.Final-format-001.jar:/Users/enricoconte/.m2/repository/io/quarkus/quarkus-bootstrap-runner/3.3.3/quarkus-bootstrap-runner-3.3.3.jar:/Users/enricoconte/.m2/repository/io/quarkus/quarkus-fs-util/0.0.9/quarkus-fs-util-0.0.9.jar:/Users/enricoconte/.m2/repository/io/quarkus/quarkus-vertx/3.3.3/quarkus-vertx-3.3.3.jar:/Users/enricoconte/.m2/repository/io/quarkus/quarkus-netty/3.3.3/quarkus-netty-3.3.3.jar:/Users/enricoconte/.m2/repository/io/netty/netty-codec/4.1.94.Final/netty-codec-4.1.94.Final.jar:/Users/enricoconte/.m2/repository/io/netty/netty-common/4.1.94.Final/netty-common-4.1.94.Final.jar:/Users/enricoconte/.m2/repository/io/netty/netty-codec-http/4.1.94.Final/netty-codec-http-4.1.94.Final.jar:/Users/enricoconte/.m2/repository/io/netty/netty-codec-http2/4.1.94.Final/netty-codec-http2-4.1.94.Final.jar:/Users/enricoconte/.m2/repository/io/netty/netty-handler/4.1.94.Final/netty-handler-4.1.94.Final.jar:/Users/enricoconte/.m2/repository/io/netty/netty-resolver/4.1.94.Final/netty-resolver-4.1.94.Final.jar:/Users/enricoconte/.m2/repository/io/netty/netty-transport-native-unix-common/4.1.94.Final/netty-transport-native-unix-common-4.1.94.Final.jar:/Users/enricoconte/.m2/repository/com/aayushatharva/brotli4j/brotli4j/1.12.0/brotli4j-1.12.0.jar:/Users/enricoconte/.m2/repository/com/aayushatharva/brotli4j/service/1.12.0/service-1.12.0.jar:/Users/enricoconte/.m2/repository/com/aayushatharva/brotli4j/native-osx-aarch64/1.12.0/native-osx-aarch64-1.12.0.jar:/Users/enricoconte/.m2/repository/io/netty/netty-codec-haproxy/4.1.94.Final/netty-codec-haproxy-4.1.94.Final.jar:/Users/enricoconte/.m2/repository/io/netty/netty-buffer/4.1.94.Final/netty-buffer-4.1.94.Final.jar:/Users/enricoconte/.m2/repository/io/netty/netty-transport/4.1.94.Final/netty-transport-4.1.94.Final.jar:/Users/enricoconte/.m2/repository/io/smallrye/common/smallrye-common-annotation/2.1.0/smallrye-common-annotation-2.1.0.jar:/Users/enricoconte/.m2/repository/io/smallrye/common/smallrye-common-vertx-context/2.1.0/smallrye-common-vertx-context-2.1.0.jar:/Users/enricoconte/.m2/repository/io/vertx/vertx-core/4.4.4/vertx-core-4.4.4.jar:/Users/enricoconte/.m2/repository/io/netty/netty-handler-proxy/4.1.94.Final/netty-handler-proxy-4.1.94.Final.jar:/Users/enricoconte/.m2/repository/io/netty/netty-codec-socks/4.1.94.Final/netty-codec-socks-4.1.94.Final.jar:/Users/enricoconte/.m2/repository/io/netty/netty-resolver-dns/4.1.94.Final/netty-resolver-dns-4.1.94.Final.jar:/Users/enricoconte/.m2/repository/io/netty/netty-codec-dns/4.1.94.Final/netty-codec-dns-4.1.94.Final.jar:/Users/enricoconte/.m2/repository/io/smallrye/common/smallrye-common-constraint/2.1.0/smallrye-common-constraint-2.1.0.jar:/Users/enricoconte/.m2/repository/io/quarkus/quarkus-mutiny/3.3.3/quarkus-mutiny-3.3.3.jar:/Users/enricoconte/.m2/repository/io/smallrye/reactive/mutiny/2.3.1/mutiny-2.3.1.jar:/Users/enricoconte/.m2/repository/io/quarkus/quarkus-smallrye-context-propagation/3.3.3/quarkus-smallrye-context-propagation-3.3.3.jar:/Users/enricoconte/.m2/repository/io/smallrye/smallrye-context-propagation/2.1.0/smallrye-context-propagation-2.1.0.jar:/Users/enricoconte/.m2/repository/io/smallrye/smallrye-context-propagation-api/2.1.0/smallrye-context-propagation-api-2.1.0.jar:/Users/enricoconte/.m2/repository/io/smallrye/smallrye-context-propagation-storage/2.1.0/smallrye-context-propagation-storage-2.1.0.jar:/Users/enricoconte/.m2/repository/io/smallrye/reactive/mutiny-smallrye-context-propagation/2.3.1/mutiny-smallrye-context-propagation-2.3.1.jar:/Users/enricoconte/.m2/repository/io/quarkus/quarkus-vertx-latebound-mdc-provider/3.3.3/quarkus-vertx-latebound-mdc-provider-3.3.3.jar:/Users/enricoconte/.m2/repository/io/smallrye/reactive/smallrye-mutiny-vertx-core/3.5.0/smallrye-mutiny-vertx-core-3.5.0.jar:/Users/enricoconte/.m2/repository/io/smallrye/reactive/smallrye-mutiny-vertx-runtime/3.5.0/smallrye-mutiny-vertx-runtime-3.5.0.jar:/Users/enricoconte/.m2/repository/io/smallrye/reactive/vertx-mutiny-generator/3.5.0/vertx-mutiny-generator-3.5.0.jar:/Users/enricoconte/.m2/repository/io/vertx/vertx-codegen/4.4.4/vertx-codegen-4.4.4.jar:/Users/enricoconte/.m2/repository/io/smallrye/smallrye-fault-tolerance-vertx/6.2.6/smallrye-fault-tolerance-vertx-6.2.6.jar:/Users/enricoconte/.m2/repository/io/quarkus/quarkus-vertx-http/3.3.3/quarkus-vertx-http-3.3.3.jar:/Users/enricoconte/.m2/repository/io/quarkus/quarkus-security-runtime-spi/3.3.3/quarkus-security-runtime-spi-3.3.3.jar:/Users/enricoconte/.m2/repository/io/quarkus/quarkus-credentials/3.3.3/quarkus-credentials-3.3.3.jar:/Users/enricoconte/.m2/repository/io/quarkus/quarkus-vertx-http-dev-console-runtime-spi/3.3.3/quarkus-vertx-http-dev-console-runtime-spi-3.3.3.jar:/Users/enricoconte/.m2/repository/io/quarkus/security/quarkus-security/2.0.2.Final/quarkus-security-2.0.2.Final.jar:/Users/enricoconte/.m2/repository/io/smallrye/reactive/smallrye-mutiny-vertx-web/3.5.0/smallrye-mutiny-vertx-web-3.5.0.jar:/Users/enricoconte/.m2/repository/io/smallrye/reactive/smallrye-mutiny-vertx-web-common/3.5.0/smallrye-mutiny-vertx-web-common-3.5.0.jar:/Users/enricoconte/.m2/repository/io/smallrye/reactive/smallrye-mutiny-vertx-auth-common/3.5.0/smallrye-mutiny-vertx-auth-common-3.5.0.jar:/Users/enricoconte/.m2/repository/io/smallrye/reactive/smallrye-mutiny-vertx-bridge-common/3.5.0/smallrye-mutiny-vertx-bridge-common-3.5.0.jar:/Users/enricoconte/.m2/repository/io/smallrye/reactive/smallrye-mutiny-vertx-uri-template/3.5.0/smallrye-mutiny-vertx-uri-template-3.5.0.jar:/Users/enricoconte/.m2/repository/io/vertx/vertx-uri-template/4.4.4/vertx-uri-template-4.4.4.jar:/Users/enricoconte/.m2/repository/io/vertx/vertx-web/4.4.4/vertx-web-4.4.4.jar:/Users/enricoconte/.m2/repository/io/vertx/vertx-web-common/4.4.4/vertx-web-common-4.4.4.jar:/Users/enricoconte/.m2/repository/io/vertx/vertx-auth-common/4.4.4/vertx-auth-common-4.4.4.jar:/Users/enricoconte/.m2/repository/io/vertx/vertx-bridge-common/4.4.4/vertx-bridge-common-4.4.4.jar:/Users/enricoconte/.m2/repository/io/github/crac/org-crac/0.1.3/org-crac-0.1.3.jar:/Users/enricoconte/.m2/repository/io/quarkus/quarkus-security/3.3.3/quarkus-security-3.3.3.jar:/Users/enricoconte/.m2/repository/jakarta/interceptor/jakarta.interceptor-api/2.1.0/jakarta.interceptor-api-2.1.0.jar:/Users/enricoconte/.m2/repository/io/quarkus/quarkus-jsonp/3.3.3/quarkus-jsonp-3.3.3.jar:/Users/enricoconte/.m2/repository/org/eclipse/parsson/parsson/1.1.2/parsson-1.1.2.jar:/Users/enricoconte/.m2/repository/jakarta/json/jakarta.json-api/2.1.2/jakarta.json-api-2.1.2.jar:/Users/enricoconte/.m2/repository/io/quarkus/quarkus-oidc-common/3.3.3/quarkus-oidc-common-3.3.3.jar:/Users/enricoconte/.m2/repository/io/smallrye/reactive/smallrye-mutiny-vertx-web-client/3.5.0/smallrye-mutiny-vertx-web-client-3.5.0.jar:/Users/enricoconte/.m2/repository/io/vertx/vertx-web-client/4.4.4/vertx-web-client-4.4.4.jar:/Users/enricoconte/.m2/repository/io/quarkus/quarkus-smallrye-jwt-build/3.3.3/quarkus-smallrye-jwt-build-3.3.3.jar:/Users/enricoconte/.m2/repository/io/smallrye/smallrye-jwt-build/4.3.0/smallrye-jwt-build-4.3.0.jar:/Users/enricoconte/.m2/repository/io/smallrye/smallrye-jwt/4.3.0/smallrye-jwt-4.3.0.jar:/Users/enricoconte/.m2/repository/org/eclipse/microprofile/config/microprofile-config-api/3.0.3/microprofile-config-api-3.0.3.jar:/Users/enricoconte/.m2/repository/org/eclipse/microprofile/jwt/microprofile-jwt-auth-api/2.1/microprofile-jwt-auth-api-2.1.jar:/Users/enricoconte/.m2/repository/org/bitbucket/b_c/jose4j/0.9.3/jose4j-0.9.3.jar:/Users/enricoconte/.m2/repository/io/smallrye/smallrye-jwt-common/4.3.0/smallrye-jwt-common-4.3.0.jar:/Users/enricoconte/.m2/repository/jakarta/annotation/jakarta.annotation-api/2.1.1/jakarta.annotation-api-2.1.1.jar:/Users/enricoconte/.m2/repository/io/quarkus/quarkus-resteasy-reactive-jackson/3.3.3/quarkus-resteasy-reactive-jackson-3.3.3.jar:/Users/enricoconte/.m2/repository/io/quarkus/quarkus-resteasy-reactive/3.3.3/quarkus-resteasy-reactive-3.3.3.jar:/Users/enricoconte/.m2/repository/io/quarkus/quarkus-resteasy-reactive-common/3.3.3/quarkus-resteasy-reactive-common-3.3.3.jar:/Users/enricoconte/.m2/repository/io/quarkus/resteasy/reactive/resteasy-reactive-common/3.3.3/resteasy-reactive-common-3.3.3.jar:/Users/enricoconte/.m2/repository/io/quarkus/resteasy/reactive/resteasy-reactive-common-types/3.3.3/resteasy-reactive-common-types-3.3.3.jar:/Users/enricoconte/.m2/repository/org/reactivestreams/reactive-streams/1.0.4/reactive-streams-1.0.4.jar:/Users/enricoconte/.m2/repository/io/smallrye/reactive/mutiny-zero-flow-adapters/1.0.0/mutiny-zero-flow-adapters-1.0.0.jar:/Users/enricoconte/.m2/repository/io/quarkus/resteasy/reactive/resteasy-reactive-vertx/3.3.3/resteasy-reactive-vertx-3.3.3.jar:/Users/enricoconte/.m2/repository/io/quarkus/resteasy/reactive/resteasy-reactive/3.3.3/resteasy-reactive-3.3.3.jar:/Users/enricoconte/.m2/repository/jakarta/ws/rs/jakarta.ws.rs-api/3.1.0/jakarta.ws.rs-api-3.1.0.jar:/Users/enricoconte/.m2/repository/jakarta/xml/bind/jakarta.xml.bind-api/4.0.0/jakarta.xml.bind-api-4.0.0.jar:/Users/enricoconte/.m2/repository/jakarta/activation/jakarta.activation-api/2.1.2/jakarta.activation-api-2.1.2.jar:/Users/enricoconte/.m2/repository/io/quarkus/quarkus-virtual-threads/3.3.3/quarkus-virtual-threads-3.3.3.jar:/Users/enricoconte/.m2/repository/io/quarkus/quarkus-resteasy-reactive-jackson-common/3.3.3/quarkus-resteasy-reactive-jackson-common-3.3.3.jar:/Users/enricoconte/.m2/repository/io/quarkus/resteasy/reactive/resteasy-reactive-jackson/3.3.3/resteasy-reactive-jackson-3.3.3.jar:/Users/enricoconte/.m2/repository/io/quarkus/quarkus-jackson/3.3.3/quarkus-jackson-3.3.3.jar:/Users/enricoconte/.m2/repository/com/fasterxml/jackson/core/jackson-databind/2.15.2/jackson-databind-2.15.2.jar:/Users/enricoconte/.m2/repository/com/fasterxml/jackson/core/jackson-annotations/2.15.2/jackson-annotations-2.15.2.jar:/Users/enricoconte/.m2/repository/com/fasterxml/jackson/core/jackson-core/2.15.2/jackson-core-2.15.2.jar:/Users/enricoconte/.m2/repository/com/fasterxml/jackson/datatype/jackson-datatype-jsr310/2.15.2/jackson-datatype-jsr310-2.15.2.jar:/Users/enricoconte/.m2/repository/com/fasterxml/jackson/datatype/jackson-datatype-jdk8/2.15.2/jackson-datatype-jdk8-2.15.2.jar:/Users/enricoconte/.m2/repository/com/fasterxml/jackson/module/jackson-module-parameter-names/2.15.2/jackson-module-parameter-names-2.15.2.jar:/Users/enricoconte/.m2/repository/io/quarkus/quarkus-arc/3.3.3/quarkus-arc-3.3.3.jar:/Users/enricoconte/.m2/repository/io/quarkus/arc/arc/3.3.3/arc-3.3.3.jar:/Users/enricoconte/.m2/repository/jakarta/transaction/jakarta.transaction-api/2.0.1/jakarta.transaction-api-2.0.1.jar:/Users/enricoconte/.m2/repository/org/eclipse/microprofile/context-propagation/microprofile-context-propagation-api/1.3/microprofile-context-propagation-api-1.3.jar:/Users/enricoconte/.m2/repository/io/quarkus/quarkus-junit5/3.3.3/quarkus-junit5-3.3.3.jar:/Users/enricoconte/.m2/repository/io/quarkus/quarkus-bootstrap-core/3.3.3/quarkus-bootstrap-core-3.3.3.jar:/Users/enricoconte/.m2/repository/io/quarkus/quarkus-bootstrap-app-model/3.3.3/quarkus-bootstrap-app-model-3.3.3.jar:/Users/enricoconte/.m2/repository/io/smallrye/common/smallrye-common-io/2.1.0/smallrye-common-io-2.1.0.jar:/Users/enricoconte/.m2/repository/org/eclipse/sisu/org.eclipse.sisu.inject/0.3.5/org.eclipse.sisu.inject-0.3.5.jar:/Users/enricoconte/.m2/repository/io/quarkus/quarkus-test-common/3.3.3/quarkus-test-common-3.3.3.jar:/Users/enricoconte/.m2/repository/io/quarkus/quarkus-core-deployment/3.3.3/quarkus-core-deployment-3.3.3.jar:/Users/enricoconte/.m2/repository/org/aesh/readline/2.4/readline-2.4.jar:/Users/enricoconte/.m2/repository/org/fusesource/jansi/jansi/2.4.0/jansi-2.4.0.jar:/Users/enricoconte/.m2/repository/org/aesh/aesh/2.7/aesh-2.7.jar:/Users/enricoconte/.m2/repository/io/quarkus/gizmo/gizmo/1.6.1.Final/gizmo-1.6.1.Final.jar:/Users/enricoconte/.m2/repository/org/ow2/asm/asm-util/9.5/asm-util-9.5.jar:/Users/enricoconte/.m2/repository/org/ow2/asm/asm-analysis/9.5/asm-analysis-9.5.jar:/Users/enricoconte/.m2/repository/org/ow2/asm/asm/9.5/asm-9.5.jar:/Users/enricoconte/.m2/repository/org/ow2/asm/asm-commons/9.5/asm-commons-9.5.jar:/Users/enricoconte/.m2/repository/org/ow2/asm/asm-tree/9.5/asm-tree-9.5.jar:/Users/enricoconte/.m2/repository/io/quarkus/quarkus-class-change-agent/3.3.3/quarkus-class-change-agent-3.3.3.jar:/Users/enricoconte/.m2/repository/io/quarkus/quarkus-devtools-utilities/3.3.3/quarkus-devtools-utilities-3.3.3.jar:/Users/enricoconte/.m2/repository/io/quarkus/quarkus-builder/3.3.3/quarkus-builder-3.3.3.jar:/Users/enricoconte/.m2/repository/org/graalvm/sdk/graal-sdk/23.0.1/graal-sdk-23.0.1.jar:/Users/enricoconte/.m2/repository/org/junit/platform/junit-platform-launcher/1.9.3/junit-platform-launcher-1.9.3.jar:/Users/enricoconte/.m2/repository/io/quarkus/quarkus-bootstrap-maven-resolver/3.3.3/quarkus-bootstrap-maven-resolver-3.3.3.jar:/Users/enricoconte/.m2/repository/io/smallrye/beanbag/smallrye-beanbag-maven/1.3.2/smallrye-beanbag-maven-1.3.2.jar:/Users/enricoconte/.m2/repository/io/smallrye/beanbag/smallrye-beanbag-sisu/1.3.2/smallrye-beanbag-sisu-1.3.2.jar:/Users/enricoconte/.m2/repository/io/smallrye/beanbag/smallrye-beanbag/1.3.2/smallrye-beanbag-1.3.2.jar:/Users/enricoconte/.m2/repository/javax/inject/javax.inject/1/javax.inject-1.jar:/Users/enricoconte/.m2/repository/org/apache/maven/maven-artifact/3.9.3/maven-artifact-3.9.3.jar:/Users/enricoconte/.m2/repository/org/apache/maven/maven-builder-support/3.9.3/maven-builder-support-3.9.3.jar:/Users/enricoconte/.m2/repository/org/apache/maven/maven-model/3.9.3/maven-model-3.9.3.jar:/Users/enricoconte/.m2/repository/org/apache/maven/maven-model-builder/3.9.3/maven-model-builder-3.9.3.jar:/Users/enricoconte/.m2/repository/org/apache/maven/maven-repository-metadata/3.9.3/maven-repository-metadata-3.9.3.jar:/Users/enricoconte/.m2/repository/org/apache/maven/maven-settings/3.9.3/maven-settings-3.9.3.jar:/Users/enricoconte/.m2/repository/org/apache/maven/resolver/maven-resolver-api/1.9.13/maven-resolver-api-1.9.13.jar:/Users/enricoconte/.m2/repository/org/apache/maven/resolver/maven-resolver-impl/1.9.13/maven-resolver-impl-1.9.13.jar:/Users/enricoconte/.m2/repository/org/apache/maven/resolver/maven-resolver-named-locks/1.9.13/maven-resolver-named-locks-1.9.13.jar:/Users/enricoconte/.m2/repository/org/apache/maven/resolver/maven-resolver-spi/1.9.13/maven-resolver-spi-1.9.13.jar:/Users/enricoconte/.m2/repository/org/apache/maven/resolver/maven-resolver-util/1.9.13/maven-resolver-util-1.9.13.jar:/Users/enricoconte/.m2/repository/org/apache/maven/resolver/maven-resolver-transport-http/1.9.10/maven-resolver-transport-http-1.9.10.jar:/Users/enricoconte/.m2/repository/org/apache/maven/wagon/wagon-provider-api/3.5.3/wagon-provider-api-3.5.3.jar:/Users/enricoconte/.m2/repository/org/apache/maven/wagon/wagon-http-shared/3.5.3/wagon-http-shared-3.5.3.jar:/Users/enricoconte/.m2/repository/org/codehaus/plexus/plexus-interpolation/1.26/plexus-interpolation-1.26.jar:/Users/enricoconte/.m2/repository/org/codehaus/plexus/plexus-utils/3.5.1/plexus-utils-3.5.1.jar:/Users/enricoconte/.m2/repository/org/codehaus/plexus/plexus-xml/4.0.0/plexus-xml-4.0.0.jar:/Users/enricoconte/.m2/repository/org/apache/maven/maven-xml-impl/4.0.0-alpha-5/maven-xml-impl-4.0.0-alpha-5.jar:/Users/enricoconte/.m2/repository/org/apache/maven/maven-api-xml/4.0.0-alpha-5/maven-api-xml-4.0.0-alpha-5.jar:/Users/enricoconte/.m2/repository/org/apache/maven/maven-api-meta/4.0.0-alpha-5/maven-api-meta-4.0.0-alpha-5.jar:/Users/enricoconte/.m2/repository/org/codehaus/plexus/plexus-cipher/2.0/plexus-cipher-2.0.jar:/Users/enricoconte/.m2/repository/org/codehaus/plexus/plexus-sec-dispatcher/2.0/plexus-sec-dispatcher-2.0.jar:/Users/enricoconte/.m2/repository/org/apache/maven/maven-embedder/3.9.3/maven-embedder-3.9.3.jar:/Users/enricoconte/.m2/repository/org/apache/maven/maven-core/3.9.3/maven-core-3.9.3.jar:/Users/enricoconte/.m2/repository/org/codehaus/plexus/plexus-component-annotations/2.1.0/plexus-component-annotations-2.1.0.jar:/Users/enricoconte/.m2/repository/org/apache/maven/maven-plugin-api/3.9.3/maven-plugin-api-3.9.3.jar:/Users/enricoconte/.m2/repository/org/apache/maven/shared/maven-shared-utils/3.3.4/maven-shared-utils-3.3.4.jar:/Users/enricoconte/.m2/repository/com/google/inject/guice/5.1.0/guice-5.1.0.jar:/Users/enricoconte/.m2/repository/aopalliance/aopalliance/1.0/aopalliance-1.0.jar:/Users/enricoconte/.m2/repository/com/google/guava/guava/32.1.1-jre/guava-32.1.1-jre.jar:/Users/enricoconte/.m2/repository/com/google/guava/failureaccess/1.0.1/failureaccess-1.0.1.jar:/Users/enricoconte/.m2/repository/javax/annotation/javax.annotation-api/1.3.2/javax.annotation-api-1.3.2.jar:/Users/enricoconte/.m2/repository/org/codehaus/plexus/plexus-classworlds/2.6.0/plexus-classworlds-2.6.0.jar:/Users/enricoconte/.m2/repository/commons-cli/commons-cli/1.5.0/commons-cli-1.5.0.jar:/Users/enricoconte/.m2/repository/org/eclipse/sisu/org.eclipse.sisu.plexus/0.3.5/org.eclipse.sisu.plexus-0.3.5.jar:/Users/enricoconte/.m2/repository/org/apache/maven/maven-settings-builder/3.9.3/maven-settings-builder-3.9.3.jar:/Users/enricoconte/.m2/repository/org/apache/maven/maven-resolver-provider/3.9.3/maven-resolver-provider-3.9.3.jar:/Users/enricoconte/.m2/repository/org/apache/maven/resolver/maven-resolver-connector-basic/1.9.13/maven-resolver-connector-basic-1.9.13.jar:/Users/enricoconte/.m2/repository/org/apache/maven/resolver/maven-resolver-transport-wagon/1.9.13/maven-resolver-transport-wagon-1.9.13.jar:/Users/enricoconte/.m2/repository/org/apache/maven/wagon/wagon-http/3.5.3/wagon-http-3.5.3.jar:/Users/enricoconte/.m2/repository/org/apache/maven/wagon/wagon-file/3.5.3/wagon-file-3.5.3.jar:/Users/enricoconte/.m2/repository/io/quarkus/quarkus-bootstrap-gradle-resolver/3.3.3/quarkus-bootstrap-gradle-resolver-3.3.3.jar:/Users/enricoconte/.m2/repository/io/smallrye/jandex/3.1.2/jandex-3.1.2.jar:/Users/enricoconte/.m2/repository/org/jboss/logging/commons-logging-jboss-logging/1.0.0.Final/commons-logging-jboss-logging-1.0.0.Final.jar:/Users/enricoconte/.m2/repository/io/quarkus/quarkus-junit5-properties/3.3.3/quarkus-junit5-properties-3.3.3.jar:/Users/enricoconte/.m2/repository/org/junit/jupiter/junit-jupiter/5.9.3/junit-jupiter-5.9.3.jar:/Users/enricoconte/.m2/repository/org/junit/jupiter/junit-jupiter-api/5.9.3/junit-jupiter-api-5.9.3.jar:/Users/enricoconte/.m2/repository/org/opentest4j/opentest4j/1.2.0/opentest4j-1.2.0.jar:/Users/enricoconte/.m2/repository/org/junit/platform/junit-platform-commons/1.9.3/junit-platform-commons-1.9.3.jar:/Users/enricoconte/.m2/repository/org/apiguardian/apiguardian-api/1.1.2/apiguardian-api-1.1.2.jar:/Users/enricoconte/.m2/repository/org/junit/jupiter/junit-jupiter-params/5.9.3/junit-jupiter-params-5.9.3.jar:/Users/enricoconte/.m2/repository/org/junit/jupiter/junit-jupiter-engine/5.9.3/junit-jupiter-engine-5.9.3.jar:/Users/enricoconte/.m2/repository/org/junit/platform/junit-platform-engine/1.9.3/junit-platform-engine-1.9.3.jar:/Users/enricoconte/.m2/repository/com/thoughtworks/xstream/xstream/1.4.20/xstream-1.4.20.jar:/Users/enricoconte/.m2/repository/io/github/x-stream/mxparser/1.2.2/mxparser-1.2.2.jar:/Users/enricoconte/.m2/repository/xmlpull/xmlpull/1.1.3.1/xmlpull-1.1.3.1.jar:/Users/enricoconte/.m2/repository/io/rest-assured/rest-assured/5.3.0/rest-assured-5.3.0.jar:/Users/enricoconte/.m2/repository/org/apache/groovy/groovy/4.0.6/groovy-4.0.6.jar:/Users/enricoconte/.m2/repository/org/apache/groovy/groovy-xml/4.0.6/groovy-xml-4.0.6.jar:/Users/enricoconte/.m2/repository/org/apache/httpcomponents/httpclient/4.5.14/httpclient-4.5.14.jar:/Users/enricoconte/.m2/repository/org/apache/httpcomponents/httpcore/4.4.16/httpcore-4.4.16.jar:/Users/enricoconte/.m2/repository/commons-codec/commons-codec/1.16.0/commons-codec-1.16.0.jar:/Users/enricoconte/.m2/repository/org/apache/httpcomponents/httpmime/4.5.14/httpmime-4.5.14.jar:/Users/enricoconte/.m2/repository/org/hamcrest/hamcrest/2.1/hamcrest-2.1.jar:/Users/enricoconte/.m2/repository/org/ccil/cowan/tagsoup/tagsoup/1.2.1/tagsoup-1.2.1.jar:/Users/enricoconte/.m2/repository/io/rest-assured/json-path/5.3.0/json-path-5.3.0.jar:/Users/enricoconte/.m2/repository/org/apache/groovy/groovy-json/4.0.6/groovy-json-4.0.6.jar:/Users/enricoconte/.m2/repository/io/rest-assured/rest-assured-common/5.3.0/rest-assured-common-5.3.0.jar:/Users/enricoconte/.m2/repository/io/rest-assured/xml-path/5.3.0/xml-path-5.3.0.jar:/Users/enricoconte/.m2/repository/net/sourceforge/htmlunit/htmlunit/2.36.0/htmlunit-2.36.0.jar:/Users/enricoconte/.m2/repository/xalan/xalan/2.7.2/xalan-2.7.2.jar:/Users/enricoconte/.m2/repository/xalan/serializer/2.7.2/serializer-2.7.2.jar:/Users/enricoconte/.m2/repository/org/apache/commons/commons-lang3/3.12.0/commons-lang3-3.12.0.jar:/Users/enricoconte/.m2/repository/org/apache/commons/commons-text/1.10.0/commons-text-1.10.0.jar:/Users/enricoconte/.m2/repository/net/sourceforge/htmlunit/htmlunit-core-js/2.36.0/htmlunit-core-js-2.36.0.jar:/Users/enricoconte/.m2/repository/net/sourceforge/htmlunit/neko-htmlunit/2.36.0/neko-htmlunit-2.36.0.jar:/Users/enricoconte/.m2/repository/xerces/xercesImpl/2.12.0/xercesImpl-2.12.0.jar:/Users/enricoconte/.m2/repository/xml-apis/xml-apis/1.4.01/xml-apis-1.4.01.jar:/Users/enricoconte/.m2/repository/net/sourceforge/htmlunit/htmlunit-cssparser/1.5.0/htmlunit-cssparser-1.5.0.jar:/Users/enricoconte/.m2/repository/commons-io/commons-io/2.13.0/commons-io-2.13.0.jar:/Users/enricoconte/.m2/repository/commons-net/commons-net/3.6/commons-net-3.6.jar:/Users/enricoconte/.m2/repository/org/brotli/dec/0.1.2/dec-0.1.2.jar:/Users/enricoconte/.m2/repository/org/eclipse/jetty/websocket/websocket-client/9.4.20.v20190813/websocket-client-9.4.20.v20190813.jar:/Users/enricoconte/.m2/repository/org/eclipse/jetty/jetty-client/9.4.20.v20190813/jetty-client-9.4.20.v20190813.jar:/Users/enricoconte/.m2/repository/org/eclipse/jetty/jetty-http/9.4.20.v20190813/jetty-http-9.4.20.v20190813.jar:/Users/enricoconte/.m2/repository/org/eclipse/jetty/jetty-xml/9.4.20.v20190813/jetty-xml-9.4.20.v20190813.jar:/Users/enricoconte/.m2/repository/org/eclipse/jetty/jetty-util/9.4.20.v20190813/jetty-util-9.4.20.v20190813.jar:/Users/enricoconte/.m2/repository/org/eclipse/jetty/jetty-io/9.4.20.v20190813/jetty-io-9.4.20.v20190813.jar:/Users/enricoconte/.m2/repository/org/eclipse/jetty/websocket/websocket-common/9.4.20.v20190813/websocket-common-9.4.20.v20190813.jar:/Users/enricoconte/.m2/repository/org/eclipse/jetty/websocket/websocket-api/9.4.20.v20190813/websocket-api-9.4.20.v20190813.jar:"/>
    <property name="sun.cpu.endian" value="little"/>
    <property name="vertx.disableWebsockets" value="true"/>
    <property name="user.home" value="/Users/enricoconte"/>
    <property name="user.language" value="en"/>
    <property name="jboss.log-version" value="false"/>
    <property name="java.specification.vendor" value="Oracle Corporation"/>
    <property name="io.netty.allocator.maxOrder" value="3"/>
    <property name="java.version.date" value="2023-04-18"/>
    <property name="java.home" value="/Users/enricoconte/Library/Java/JavaVirtualMachines/graalvm-community-openjdk-20.0.1+9.1/Contents/Home"/>
    <property name="file.separator" value="/"/>
    <property name="basedir" value="/Users/enricoconte/code/quarkus/quarkus-quickstarts/security-openid-connect-web-authentication-quickstart"/>
    <property name="java.vm.compressedOopsMode" value="Zero based"/>
    <property name="jdk.internal.vm.ci.enabled" value="true"/>
    <property name="line.separator" value="&#10;"/>
    <property name="java.vm.specification.vendor" value="Oracle Corporation"/>
    <property name="java.specification.name" value="Java Platform API Specification"/>
    <property name="apple.awt.application.name" value="ForkedBooter"/>
    <property name="surefire.real.class.path" value="/Users/enricoconte/code/quarkus/quarkus-quickstarts/security-openid-connect-web-authentication-quickstart/target/surefire/surefirebooter-20230920144528381_3.jar"/>
    <property name="sun.management.compiler" value="HotSpot 64-Bit Tiered Compilers"/>
    <property name="ftp.nonProxyHosts" value="local|*.local|169.254/16|*.169.254/16"/>
    <property name="java.runtime.version" value="20.0.1+9-jvmci-23.0-b12"/>
    <property name="user.name" value="enricoconte"/>
    <property name="stdout.encoding" value="UTF-8"/>
    <property name="path.separator" value=":"/>
    <property name="os.version" value="13.5.2"/>
    <property name="java.runtime.name" value="OpenJDK Runtime Environment"/>
    <property name="file.encoding" value="UTF-8"/>
    <property name="java.vm.name" value="OpenJDK 64-Bit Server VM"/>
    <property name="java.vendor.version" value="GraalVM CE 20.0.1+9.1"/>
    <property name="localRepository" value="/Users/enricoconte/.m2/repository"/>
    <property name="java.vendor.url.bug" value="https://github.com/oracle/graal/issues"/>
    <property name="java.io.tmpdir" value="/var/folders/1r/31737wgd32922yq0jms0qfxc0000gn/T/"/>
    <property name="quarkus.log.file.path" value="target/quarkus.log"/>
    <property name="java.version" value="20.0.1"/>
    <property name="java.util.concurrent.ForkJoinPool.common.threadFactory" value="io.quarkus.bootstrap.forkjoin.QuarkusForkJoinWorkerThreadFactory"/>
    <property name="user.dir" value="/Users/enricoconte/code/quarkus/quarkus-quickstarts/security-openid-connect-web-authentication-quickstart"/>
    <property name="os.arch" value="aarch64"/>
    <property name="java.vm.specification.name" value="Java Virtual Machine Specification"/>
    <property name="vertx.disableDnsResolver" value="true"/>
    <property name="native.encoding" value="UTF-8"/>
    <property name="java.util.logging.manager" value="org.jboss.logmanager.LogManager"/>
    <property name="java.library.path" value="/Users/enricoconte/Library/Java/Extensions:/Library/Java/Extensions:/Network/Library/Java/Extensions:/System/Library/Java/Extensions:/usr/lib/java:."/>
    <property name="java.vm.info" value="mixed mode, sharing"/>
    <property name="stderr.encoding" value="UTF-8"/>
    <property name="java.vendor" value="GraalVM Community"/>
    <property name="vertx.disableTCCL" value="true"/>
    <property name="java.vm.version" value="20.0.1+9-jvmci-23.0-b12"/>
    <property name="sun.io.unicode.encoding" value="UnicodeBig"/>
    <property name="io.netty.machineId" value="09:f9:28:0e:e6:0b:74:4a"/>
    <property name="socksNonProxyHosts" value="local|*.local|169.254/16|*.169.254/16"/>
    <property name="java.class.version" value="64.0"/>
  </properties>
  <testcase name="testTokenTimeoutLogout" classname="org.acme.security.openid.connect.web.authentication.CodeFlowTest" time="8.122">
    <system-out><![CDATA[2023-09-20 14:45:32,451 INFO  [org.tes.doc.DockerClientProviderStrategy] (build-21) Loaded org.testcontainers.dockerclient.UnixSocketClientProviderStrategy from ~/.testcontainers.properties, will try it first
2023-09-20 14:45:32,573 INFO  [org.tes.doc.DockerClientProviderStrategy] (build-21) Found Docker environment with local Unix socket (unix:///var/run/docker.sock)
2023-09-20 14:45:32,574 INFO  [org.tes.DockerClientFactory] (build-21) Docker host IP address is localhost
2023-09-20 14:45:32,585 INFO  [org.tes.DockerClientFactory] (build-21) Connected to docker: 
  Server Version: 24.0.6
  API Version: 1.43
  Operating System: Docker Desktop
  Total Memory: 8944 MB
2023-09-20 14:45:32,592 INFO  [org.tes.uti.ImageNameSubstitutor] (build-21) Image name substitution will be performed by: DefaultImageNameSubstitutor (composite of 'ConfigurationFileImageNameSubstitutor' and 'PrefixingImageNameSubstitutor')
2023-09-20 14:45:32,594 INFO  [org.tes.DockerClientFactory] (build-21) Checking the system...
2023-09-20 14:45:32,594 INFO  [org.tes.DockerClientFactory] (build-21) ✔︎ Docker server version should be at least 1.6.0
2023-09-20 14:45:32,727 INFO  [io.qua.oid.dep.dev.key.KeycloakDevServicesProcessor] (build-21) Using Quarkus powered Keycloak distribution
2023-09-20 14:45:32,748 INFO  [tc.qua.io/.0.1] (build-21) Creating container for image: quay.io/keycloak/keycloak:22.0.1
2023-09-20 14:45:33,317 INFO  [org.tes.uti.RegistryAuthLocator] (build-21) Credential helper/store (docker-credential-desktop) does not have credentials for quay.io
2023-09-20 14:45:33,324 INFO  [tc.tes.5.1] (build-21) Creating container for image: testcontainers/ryuk:0.5.1
2023-09-20 14:45:33,529 INFO  [org.tes.uti.RegistryAuthLocator] (build-21) Credential helper/store (docker-credential-desktop) does not have credentials for https://index.docker.io/v1/
2023-09-20 14:45:33,586 INFO  [tc.tes.5.1] (build-21) Container testcontainers/ryuk:0.5.1 is starting: e268bf6f6232de62b36745db4c640453e8d21054aa9d6a6cf83e31d7889280a4
2023-09-20 14:45:33,889 INFO  [tc.tes.5.1] (build-21) Container testcontainers/ryuk:0.5.1 started in PT0.565811S
2023-09-20 14:45:33,921 INFO  [tc.qua.io/.0.1] (build-21) Container quay.io/keycloak/keycloak:22.0.1 is starting: 9f04c9b767a50a26360b3facf944e8769634ee9e1bec5da516c20965711ddb2e
2023-09-20 14:45:41,747 INFO  [tc.qua.io/.0.1] (build-21) Container quay.io/keycloak/keycloak:22.0.1 started in PT9.020481S
2023-09-20 14:45:42,528 INFO  [io.qua.oid.dep.dev.key.KeycloakDevServicesProcessor] (build-21) Dev Services for Keycloak started.
2023-09-20 14:45:43,118 WARN  [io.qua.oid.run.TenantConfigContext] (vert.x-eventloop-thread-1) Secret key for encrypting tokens in a session cookie should be at least 32 characters long for the strongest cookie encryption to be produced. Please configure 'quarkus.oidc.token-state-manager.encryption-secret' or update the configured client secret. You can disable the session cookie encryption with 'quarkus.oidc.token-state-manager.encryption-required=false' but only if it is considered to be safe in your application's network.
2023-09-20 14:45:43,152 INFO  [io.quarkus] (main) security-openid-connect-web-authentication-quickstart 1.0.0-SNAPSHOT on JVM (powered by Quarkus 3.3.3) started in 11.587s. Listening on: http://localhost:8081
2023-09-20 14:45:43,153 INFO  [io.quarkus] (main) Profile test activated. 
2023-09-20 14:45:43,153 INFO  [io.quarkus] (main) Installed features: [cdi, oidc, resteasy-reactive, resteasy-reactive-jackson, security, smallrye-context-propagation, vertx]
2023-09-20 14:45:45,134 WARN  [com.gar.htm.jav.hos.css.CSSStyleSheet] (main) CSSValue '0' has to be a 'px', 'em', '%', 'mm', 'ex', or 'pt' value.
2023-09-20 14:45:45,134 WARN  [com.gar.htm.jav.hos.css.CSSStyleSheet] (main) CSSValue '0' has to be a 'px', 'em', '%', 'mm', 'ex', or 'pt' value.
2023-09-20 14:45:45,134 WARN  [com.gar.htm.jav.hos.css.CSSStyleSheet] (main) CSSValue '0' has to be a 'px', 'em', '%', 'mm', 'ex', or 'pt' value.
2023-09-20 14:45:45,303 WARN  [com.gar.htm.jav.hos.css.CSSStyleSheet] (main) CSSValue '0' has to be a 'px', 'em', '%', 'mm', 'ex', or 'pt' value.
2023-09-20 14:45:45,303 WARN  [com.gar.htm.jav.hos.css.CSSStyleSheet] (main) CSSValue '0' has to be a 'px', 'em', '%', 'mm', 'ex', or 'pt' value.
2023-09-20 14:45:45,303 WARN  [com.gar.htm.jav.hos.css.CSSStyleSheet] (main) CSSValue '0' has to be a 'px', 'em', '%', 'mm', 'ex', or 'pt' value.
2023-09-20 14:45:45,306 WARN  [com.gar.htm.jav.hos.css.CSSStyleSheet] (main) CSSValue '0' has to be a 'px', 'em', '%', 'mm', 'ex', or 'pt' value.
2023-09-20 14:45:45,306 WARN  [com.gar.htm.jav.hos.css.CSSStyleSheet] (main) CSSValue '0' has to be a 'px', 'em', '%', 'mm', 'ex', or 'pt' value.
2023-09-20 14:45:45,306 WARN  [com.gar.htm.jav.hos.css.CSSStyleSheet] (main) CSSValue '0' has to be a 'px', 'em', '%', 'mm', 'ex', or 'pt' value.
2023-09-20 14:45:45,308 WARN  [com.gar.htm.jav.hos.css.CSSStyleSheet] (main) CSSValue '0' has to be a 'px', 'em', '%', 'mm', 'ex', or 'pt' value.
2023-09-20 14:45:45,308 WARN  [com.gar.htm.jav.hos.css.CSSStyleSheet] (main) CSSValue '0' has to be a 'px', 'em', '%', 'mm', 'ex', or 'pt' value.
2023-09-20 14:45:45,309 WARN  [com.gar.htm.jav.hos.css.CSSStyleSheet] (main) CSSValue '0' has to be a 'px', 'em', '%', 'mm', 'ex', or 'pt' value.
2023-09-20 14:45:45,311 WARN  [com.gar.htm.jav.hos.css.CSSStyleSheet] (main) CSSValue '0' has to be a 'px', 'em', '%', 'mm', 'ex', or 'pt' value.
2023-09-20 14:45:45,311 WARN  [com.gar.htm.jav.hos.css.CSSStyleSheet] (main) CSSValue '0' has to be a 'px', 'em', '%', 'mm', 'ex', or 'pt' value.
2023-09-20 14:45:45,311 WARN  [com.gar.htm.jav.hos.css.CSSStyleSheet] (main) CSSValue '0' has to be a 'px', 'em', '%', 'mm', 'ex', or 'pt' value.
2023-09-20 14:45:45,313 WARN  [com.gar.htm.jav.hos.css.CSSStyleSheet] (main) CSSValue '0' has to be a 'px', 'em', '%', 'mm', 'ex', or 'pt' value.
2023-09-20 14:45:45,313 WARN  [com.gar.htm.jav.hos.css.CSSStyleSheet] (main) CSSValue '0' has to be a 'px', 'em', '%', 'mm', 'ex', or 'pt' value.
2023-09-20 14:45:45,313 WARN  [com.gar.htm.jav.hos.css.CSSStyleSheet] (main) CSSValue '0' has to be a 'px', 'em', '%', 'mm', 'ex', or 'pt' value.
2023-09-20 14:45:45,315 WARN  [com.gar.htm.jav.hos.css.CSSStyleSheet] (main) CSSValue '0' has to be a 'px', 'em', '%', 'mm', 'ex', or 'pt' value.
2023-09-20 14:45:45,315 WARN  [com.gar.htm.jav.hos.css.CSSStyleSheet] (main) CSSValue '0' has to be a 'px', 'em', '%', 'mm', 'ex', or 'pt' value.
2023-09-20 14:45:45,315 WARN  [com.gar.htm.jav.hos.css.CSSStyleSheet] (main) CSSValue '0' has to be a 'px', 'em', '%', 'mm', 'ex', or 'pt' value.
2023-09-20 14:45:45,317 WARN  [com.gar.htm.jav.hos.css.CSSStyleSheet] (main) CSSValue '0' has to be a 'px', 'em', '%', 'mm', 'ex', or 'pt' value.
2023-09-20 14:45:45,317 WARN  [com.gar.htm.jav.hos.css.CSSStyleSheet] (main) CSSValue '0' has to be a 'px', 'em', '%', 'mm', 'ex', or 'pt' value.
2023-09-20 14:45:45,317 WARN  [com.gar.htm.jav.hos.css.CSSStyleSheet] (main) CSSValue '0' has to be a 'px', 'em', '%', 'mm', 'ex', or 'pt' value.
2023-09-20 14:45:45,319 WARN  [com.gar.htm.jav.hos.css.CSSStyleSheet] (main) CSSValue '0' has to be a 'px', 'em', '%', 'mm', 'ex', or 'pt' value.
2023-09-20 14:45:45,319 WARN  [com.gar.htm.jav.hos.css.CSSStyleSheet] (main) CSSValue '0' has to be a 'px', 'em', '%', 'mm', 'ex', or 'pt' value.
2023-09-20 14:45:45,319 WARN  [com.gar.htm.jav.hos.css.CSSStyleSheet] (main) CSSValue '0' has to be a 'px', 'em', '%', 'mm', 'ex', or 'pt' value.
2023-09-20 14:45:45,320 WARN  [com.gar.htm.jav.hos.css.CSSStyleSheet] (main) CSSValue '0' has to be a 'px', 'em', '%', 'mm', 'ex', or 'pt' value.
2023-09-20 14:45:45,320 WARN  [com.gar.htm.jav.hos.css.CSSStyleSheet] (main) CSSValue '0' has to be a 'px', 'em', '%', 'mm', 'ex', or 'pt' value.
2023-09-20 14:45:45,320 WARN  [com.gar.htm.jav.hos.css.CSSStyleSheet] (main) CSSValue '0' has to be a 'px', 'em', '%', 'mm', 'ex', or 'pt' value.
2023-09-20 14:45:45,322 WARN  [com.gar.htm.jav.hos.css.CSSStyleSheet] (main) CSSValue '0' has to be a 'px', 'em', '%', 'mm', 'ex', or 'pt' value.
2023-09-20 14:45:45,322 WARN  [com.gar.htm.jav.hos.css.CSSStyleSheet] (main) CSSValue '0' has to be a 'px', 'em', '%', 'mm', 'ex', or 'pt' value.
2023-09-20 14:45:45,322 WARN  [com.gar.htm.jav.hos.css.CSSStyleSheet] (main) CSSValue '0' has to be a 'px', 'em', '%', 'mm', 'ex', or 'pt' value.
2023-09-20 14:45:45,324 WARN  [com.gar.htm.jav.hos.css.CSSStyleSheet] (main) CSSValue '0' has to be a 'px', 'em', '%', 'mm', 'ex', or 'pt' value.
2023-09-20 14:45:45,324 WARN  [com.gar.htm.jav.hos.css.CSSStyleSheet] (main) CSSValue '0' has to be a 'px', 'em', '%', 'mm', 'ex', or 'pt' value.
2023-09-20 14:45:45,324 WARN  [com.gar.htm.jav.hos.css.CSSStyleSheet] (main) CSSValue '0' has to be a 'px', 'em', '%', 'mm', 'ex', or 'pt' value.
2023-09-20 14:45:45,325 WARN  [com.gar.htm.jav.hos.css.CSSStyleSheet] (main) CSSValue '0' has to be a 'px', 'em', '%', 'mm', 'ex', or 'pt' value.
2023-09-20 14:45:45,325 WARN  [com.gar.htm.jav.hos.css.CSSStyleSheet] (main) CSSValue '0' has to be a 'px', 'em', '%', 'mm', 'ex', or 'pt' value.
2023-09-20 14:45:45,325 WARN  [com.gar.htm.jav.hos.css.CSSStyleSheet] (main) CSSValue '0' has to be a 'px', 'em', '%', 'mm', 'ex', or 'pt' value.
2023-09-20 14:45:45,326 WARN  [com.gar.htm.jav.hos.css.CSSStyleSheet] (main) CSSValue '0' has to be a 'px', 'em', '%', 'mm', 'ex', or 'pt' value.
2023-09-20 14:45:45,327 WARN  [com.gar.htm.jav.hos.css.CSSStyleSheet] (main) CSSValue '0' has to be a 'px', 'em', '%', 'mm', 'ex', or 'pt' value.
2023-09-20 14:45:45,327 WARN  [com.gar.htm.jav.hos.css.CSSStyleSheet] (main) CSSValue '0' has to be a 'px', 'em', '%', 'mm', 'ex', or 'pt' value.
2023-09-20 14:45:45,328 WARN  [com.gar.htm.jav.hos.css.CSSStyleSheet] (main) CSSValue '0' has to be a 'px', 'em', '%', 'mm', 'ex', or 'pt' value.
2023-09-20 14:45:45,328 WARN  [com.gar.htm.jav.hos.css.CSSStyleSheet] (main) CSSValue '0' has to be a 'px', 'em', '%', 'mm', 'ex', or 'pt' value.
2023-09-20 14:45:45,328 WARN  [com.gar.htm.jav.hos.css.CSSStyleSheet] (main) CSSValue '0' has to be a 'px', 'em', '%', 'mm', 'ex', or 'pt' value.
2023-09-20 14:45:45,329 WARN  [com.gar.htm.jav.hos.css.CSSStyleSheet] (main) CSSValue '0' has to be a 'px', 'em', '%', 'mm', 'ex', or 'pt' value.
2023-09-20 14:45:45,329 WARN  [com.gar.htm.jav.hos.css.CSSStyleSheet] (main) CSSValue '0' has to be a 'px', 'em', '%', 'mm', 'ex', or 'pt' value.
2023-09-20 14:45:45,329 WARN  [com.gar.htm.jav.hos.css.CSSStyleSheet] (main) CSSValue '0' has to be a 'px', 'em', '%', 'mm', 'ex', or 'pt' value.
2023-09-20 14:45:45,330 WARN  [com.gar.htm.jav.hos.css.CSSStyleSheet] (main) CSSValue '0' has to be a 'px', 'em', '%', 'mm', 'ex', or 'pt' value.
2023-09-20 14:45:45,330 WARN  [com.gar.htm.jav.hos.css.CSSStyleSheet] (main) CSSValue '0' has to be a 'px', 'em', '%', 'mm', 'ex', or 'pt' value.
2023-09-20 14:45:45,330 WARN  [com.gar.htm.jav.hos.css.CSSStyleSheet] (main) CSSValue '0' has to be a 'px', 'em', '%', 'mm', 'ex', or 'pt' value.
2023-09-20 14:45:45,331 WARN  [com.gar.htm.jav.hos.css.CSSStyleSheet] (main) CSSValue '0' has to be a 'px', 'em', '%', 'mm', 'ex', or 'pt' value.
2023-09-20 14:45:45,331 WARN  [com.gar.htm.jav.hos.css.CSSStyleSheet] (main) CSSValue '0' has to be a 'px', 'em', '%', 'mm', 'ex', or 'pt' value.
2023-09-20 14:45:45,332 WARN  [com.gar.htm.jav.hos.css.CSSStyleSheet] (main) CSSValue '0' has to be a 'px', 'em', '%', 'mm', 'ex', or 'pt' value.
2023-09-20 14:45:45,333 WARN  [com.gar.htm.jav.hos.css.CSSStyleSheet] (main) CSSValue '0' has to be a 'px', 'em', '%', 'mm', 'ex', or 'pt' value.
2023-09-20 14:45:45,333 WARN  [com.gar.htm.jav.hos.css.CSSStyleSheet] (main) CSSValue '0' has to be a 'px', 'em', '%', 'mm', 'ex', or 'pt' value.
2023-09-20 14:45:45,333 WARN  [com.gar.htm.jav.hos.css.CSSStyleSheet] (main) CSSValue '0' has to be a 'px', 'em', '%', 'mm', 'ex', or 'pt' value.
2023-09-20 14:45:45,334 WARN  [com.gar.htm.jav.hos.css.CSSStyleSheet] (main) CSSValue '0' has to be a 'px', 'em', '%', 'mm', 'ex', or 'pt' value.
2023-09-20 14:45:45,334 WARN  [com.gar.htm.jav.hos.css.CSSStyleSheet] (main) CSSValue '0' has to be a 'px', 'em', '%', 'mm', 'ex', or 'pt' value.
2023-09-20 14:45:45,334 WARN  [com.gar.htm.jav.hos.css.CSSStyleSheet] (main) CSSValue '0' has to be a 'px', 'em', '%', 'mm', 'ex', or 'pt' value.
2023-09-20 14:45:45,336 WARN  [com.gar.htm.jav.hos.css.CSSStyleSheet] (main) CSSValue '0' has to be a 'px', 'em', '%', 'mm', 'ex', or 'pt' value.
2023-09-20 14:45:45,336 WARN  [com.gar.htm.jav.hos.css.CSSStyleSheet] (main) CSSValue '0' has to be a 'px', 'em', '%', 'mm', 'ex', or 'pt' value.
2023-09-20 14:45:45,336 WARN  [com.gar.htm.jav.hos.css.CSSStyleSheet] (main) CSSValue '0' has to be a 'px', 'em', '%', 'mm', 'ex', or 'pt' value.
2023-09-20 14:45:45,338 WARN  [com.gar.htm.jav.hos.css.CSSStyleSheet] (main) CSSValue '0' has to be a 'px', 'em', '%', 'mm', 'ex', or 'pt' value.
2023-09-20 14:45:45,338 WARN  [com.gar.htm.jav.hos.css.CSSStyleSheet] (main) CSSValue '0' has to be a 'px', 'em', '%', 'mm', 'ex', or 'pt' value.
2023-09-20 14:45:45,338 WARN  [com.gar.htm.jav.hos.css.CSSStyleSheet] (main) CSSValue '0' has to be a 'px', 'em', '%', 'mm', 'ex', or 'pt' value.
]]></system-out>
  </testcase>
  <testcase name="testTokenInjection" classname="org.acme.security.openid.connect.web.authentication.CodeFlowTest" time="1.495">
    <system-out><![CDATA[2023-09-20 14:45:52,412 WARN  [com.gar.htm.jav.hos.css.CSSStyleSheet] (main) CSSValue '0' has to be a 'px', 'em', '%', 'mm', 'ex', or 'pt' value.
2023-09-20 14:45:52,412 WARN  [com.gar.htm.jav.hos.css.CSSStyleSheet] (main) CSSValue '0' has to be a 'px', 'em', '%', 'mm', 'ex', or 'pt' value.
2023-09-20 14:45:52,412 WARN  [com.gar.htm.jav.hos.css.CSSStyleSheet] (main) CSSValue '0' has to be a 'px', 'em', '%', 'mm', 'ex', or 'pt' value.
2023-09-20 14:45:52,586 WARN  [com.gar.htm.jav.hos.css.CSSStyleSheet] (main) CSSValue '0' has to be a 'px', 'em', '%', 'mm', 'ex', or 'pt' value.
2023-09-20 14:45:52,587 WARN  [com.gar.htm.jav.hos.css.CSSStyleSheet] (main) CSSValue '0' has to be a 'px', 'em', '%', 'mm', 'ex', or 'pt' value.
2023-09-20 14:45:52,587 WARN  [com.gar.htm.jav.hos.css.CSSStyleSheet] (main) CSSValue '0' has to be a 'px', 'em', '%', 'mm', 'ex', or 'pt' value.
2023-09-20 14:45:52,588 WARN  [com.gar.htm.jav.hos.css.CSSStyleSheet] (main) CSSValue '0' has to be a 'px', 'em', '%', 'mm', 'ex', or 'pt' value.
2023-09-20 14:45:52,588 WARN  [com.gar.htm.jav.hos.css.CSSStyleSheet] (main) CSSValue '0' has to be a 'px', 'em', '%', 'mm', 'ex', or 'pt' value.
2023-09-20 14:45:52,588 WARN  [com.gar.htm.jav.hos.css.CSSStyleSheet] (main) CSSValue '0' has to be a 'px', 'em', '%', 'mm', 'ex', or 'pt' value.
2023-09-20 14:45:52,590 WARN  [com.gar.htm.jav.hos.css.CSSStyleSheet] (main) CSSValue '0' has to be a 'px', 'em', '%', 'mm', 'ex', or 'pt' value.
2023-09-20 14:45:52,590 WARN  [com.gar.htm.jav.hos.css.CSSStyleSheet] (main) CSSValue '0' has to be a 'px', 'em', '%', 'mm', 'ex', or 'pt' value.
2023-09-20 14:45:52,590 WARN  [com.gar.htm.jav.hos.css.CSSStyleSheet] (main) CSSValue '0' has to be a 'px', 'em', '%', 'mm', 'ex', or 'pt' value.
2023-09-20 14:45:52,591 WARN  [com.gar.htm.jav.hos.css.CSSStyleSheet] (main) CSSValue '0' has to be a 'px', 'em', '%', 'mm', 'ex', or 'pt' value.
2023-09-20 14:45:52,591 WARN  [com.gar.htm.jav.hos.css.CSSStyleSheet] (main) CSSValue '0' has to be a 'px', 'em', '%', 'mm', 'ex', or 'pt' value.
2023-09-20 14:45:52,591 WARN  [com.gar.htm.jav.hos.css.CSSStyleSheet] (main) CSSValue '0' has to be a 'px', 'em', '%', 'mm', 'ex', or 'pt' value.
2023-09-20 14:45:52,592 WARN  [com.gar.htm.jav.hos.css.CSSStyleSheet] (main) CSSValue '0' has to be a 'px', 'em', '%', 'mm', 'ex', or 'pt' value.
2023-09-20 14:45:52,593 WARN  [com.gar.htm.jav.hos.css.CSSStyleSheet] (main) CSSValue '0' has to be a 'px', 'em', '%', 'mm', 'ex', or 'pt' value.
2023-09-20 14:45:52,593 WARN  [com.gar.htm.jav.hos.css.CSSStyleSheet] (main) CSSValue '0' has to be a 'px', 'em', '%', 'mm', 'ex', or 'pt' value.
2023-09-20 14:45:52,594 WARN  [com.gar.htm.jav.hos.css.CSSStyleSheet] (main) CSSValue '0' has to be a 'px', 'em', '%', 'mm', 'ex', or 'pt' value.
2023-09-20 14:45:52,594 WARN  [com.gar.htm.jav.hos.css.CSSStyleSheet] (main) CSSValue '0' has to be a 'px', 'em', '%', 'mm', 'ex', or 'pt' value.
2023-09-20 14:45:52,594 WARN  [com.gar.htm.jav.hos.css.CSSStyleSheet] (main) CSSValue '0' has to be a 'px', 'em', '%', 'mm', 'ex', or 'pt' value.
2023-09-20 14:45:52,595 WARN  [com.gar.htm.jav.hos.css.CSSStyleSheet] (main) CSSValue '0' has to be a 'px', 'em', '%', 'mm', 'ex', or 'pt' value.
2023-09-20 14:45:52,595 WARN  [com.gar.htm.jav.hos.css.CSSStyleSheet] (main) CSSValue '0' has to be a 'px', 'em', '%', 'mm', 'ex', or 'pt' value.
2023-09-20 14:45:52,595 WARN  [com.gar.htm.jav.hos.css.CSSStyleSheet] (main) CSSValue '0' has to be a 'px', 'em', '%', 'mm', 'ex', or 'pt' value.
2023-09-20 14:45:52,597 WARN  [com.gar.htm.jav.hos.css.CSSStyleSheet] (main) CSSValue '0' has to be a 'px', 'em', '%', 'mm', 'ex', or 'pt' value.
2023-09-20 14:45:52,597 WARN  [com.gar.htm.jav.hos.css.CSSStyleSheet] (main) CSSValue '0' has to be a 'px', 'em', '%', 'mm', 'ex', or 'pt' value.
2023-09-20 14:45:52,597 WARN  [com.gar.htm.jav.hos.css.CSSStyleSheet] (main) CSSValue '0' has to be a 'px', 'em', '%', 'mm', 'ex', or 'pt' value.
2023-09-20 14:45:52,598 WARN  [com.gar.htm.jav.hos.css.CSSStyleSheet] (main) CSSValue '0' has to be a 'px', 'em', '%', 'mm', 'ex', or 'pt' value.
2023-09-20 14:45:52,598 WARN  [com.gar.htm.jav.hos.css.CSSStyleSheet] (main) CSSValue '0' has to be a 'px', 'em', '%', 'mm', 'ex', or 'pt' value.
2023-09-20 14:45:52,598 WARN  [com.gar.htm.jav.hos.css.CSSStyleSheet] (main) CSSValue '0' has to be a 'px', 'em', '%', 'mm', 'ex', or 'pt' value.
2023-09-20 14:45:52,599 WARN  [com.gar.htm.jav.hos.css.CSSStyleSheet] (main) CSSValue '0' has to be a 'px', 'em', '%', 'mm', 'ex', or 'pt' value.
2023-09-20 14:45:52,599 WARN  [com.gar.htm.jav.hos.css.CSSStyleSheet] (main) CSSValue '0' has to be a 'px', 'em', '%', 'mm', 'ex', or 'pt' value.
2023-09-20 14:45:52,599 WARN  [com.gar.htm.jav.hos.css.CSSStyleSheet] (main) CSSValue '0' has to be a 'px', 'em', '%', 'mm', 'ex', or 'pt' value.
2023-09-20 14:45:52,600 WARN  [com.gar.htm.jav.hos.css.CSSStyleSheet] (main) CSSValue '0' has to be a 'px', 'em', '%', 'mm', 'ex', or 'pt' value.
2023-09-20 14:45:52,600 WARN  [com.gar.htm.jav.hos.css.CSSStyleSheet] (main) CSSValue '0' has to be a 'px', 'em', '%', 'mm', 'ex', or 'pt' value.
2023-09-20 14:45:52,600 WARN  [com.gar.htm.jav.hos.css.CSSStyleSheet] (main) CSSValue '0' has to be a 'px', 'em', '%', 'mm', 'ex', or 'pt' value.
2023-09-20 14:45:52,601 WARN  [com.gar.htm.jav.hos.css.CSSStyleSheet] (main) CSSValue '0' has to be a 'px', 'em', '%', 'mm', 'ex', or 'pt' value.
2023-09-20 14:45:52,601 WARN  [com.gar.htm.jav.hos.css.CSSStyleSheet] (main) CSSValue '0' has to be a 'px', 'em', '%', 'mm', 'ex', or 'pt' value.
2023-09-20 14:45:52,601 WARN  [com.gar.htm.jav.hos.css.CSSStyleSheet] (main) CSSValue '0' has to be a 'px', 'em', '%', 'mm', 'ex', or 'pt' value.
2023-09-20 14:45:52,602 WARN  [com.gar.htm.jav.hos.css.CSSStyleSheet] (main) CSSValue '0' has to be a 'px', 'em', '%', 'mm', 'ex', or 'pt' value.
2023-09-20 14:45:52,602 WARN  [com.gar.htm.jav.hos.css.CSSStyleSheet] (main) CSSValue '0' has to be a 'px', 'em', '%', 'mm', 'ex', or 'pt' value.
2023-09-20 14:45:52,603 WARN  [com.gar.htm.jav.hos.css.CSSStyleSheet] (main) CSSValue '0' has to be a 'px', 'em', '%', 'mm', 'ex', or 'pt' value.
2023-09-20 14:45:52,612 WARN  [com.gar.htm.jav.hos.css.CSSStyleSheet] (main) CSSValue '0' has to be a 'px', 'em', '%', 'mm', 'ex', or 'pt' value.
2023-09-20 14:45:52,612 WARN  [com.gar.htm.jav.hos.css.CSSStyleSheet] (main) CSSValue '0' has to be a 'px', 'em', '%', 'mm', 'ex', or 'pt' value.
2023-09-20 14:45:52,612 WARN  [com.gar.htm.jav.hos.css.CSSStyleSheet] (main) CSSValue '0' has to be a 'px', 'em', '%', 'mm', 'ex', or 'pt' value.
2023-09-20 14:45:52,614 WARN  [com.gar.htm.jav.hos.css.CSSStyleSheet] (main) CSSValue '0' has to be a 'px', 'em', '%', 'mm', 'ex', or 'pt' value.
2023-09-20 14:45:52,614 WARN  [com.gar.htm.jav.hos.css.CSSStyleSheet] (main) CSSValue '0' has to be a 'px', 'em', '%', 'mm', 'ex', or 'pt' value.
2023-09-20 14:45:52,614 WARN  [com.gar.htm.jav.hos.css.CSSStyleSheet] (main) CSSValue '0' has to be a 'px', 'em', '%', 'mm', 'ex', or 'pt' value.
2023-09-20 14:45:52,616 WARN  [com.gar.htm.jav.hos.css.CSSStyleSheet] (main) CSSValue '0' has to be a 'px', 'em', '%', 'mm', 'ex', or 'pt' value.
2023-09-20 14:45:52,616 WARN  [com.gar.htm.jav.hos.css.CSSStyleSheet] (main) CSSValue '0' has to be a 'px', 'em', '%', 'mm', 'ex', or 'pt' value.
2023-09-20 14:45:52,616 WARN  [com.gar.htm.jav.hos.css.CSSStyleSheet] (main) CSSValue '0' has to be a 'px', 'em', '%', 'mm', 'ex', or 'pt' value.
2023-09-20 14:45:52,617 WARN  [com.gar.htm.jav.hos.css.CSSStyleSheet] (main) CSSValue '0' has to be a 'px', 'em', '%', 'mm', 'ex', or 'pt' value.
2023-09-20 14:45:52,617 WARN  [com.gar.htm.jav.hos.css.CSSStyleSheet] (main) CSSValue '0' has to be a 'px', 'em', '%', 'mm', 'ex', or 'pt' value.
2023-09-20 14:45:52,617 WARN  [com.gar.htm.jav.hos.css.CSSStyleSheet] (main) CSSValue '0' has to be a 'px', 'em', '%', 'mm', 'ex', or 'pt' value.
2023-09-20 14:45:52,618 WARN  [com.gar.htm.jav.hos.css.CSSStyleSheet] (main) CSSValue '0' has to be a 'px', 'em', '%', 'mm', 'ex', or 'pt' value.
2023-09-20 14:45:52,618 WARN  [com.gar.htm.jav.hos.css.CSSStyleSheet] (main) CSSValue '0' has to be a 'px', 'em', '%', 'mm', 'ex', or 'pt' value.
2023-09-20 14:45:52,618 WARN  [com.gar.htm.jav.hos.css.CSSStyleSheet] (main) CSSValue '0' has to be a 'px', 'em', '%', 'mm', 'ex', or 'pt' value.
2023-09-20 14:45:52,620 WARN  [com.gar.htm.jav.hos.css.CSSStyleSheet] (main) CSSValue '0' has to be a 'px', 'em', '%', 'mm', 'ex', or 'pt' value.
2023-09-20 14:45:52,620 WARN  [com.gar.htm.jav.hos.css.CSSStyleSheet] (main) CSSValue '0' has to be a 'px', 'em', '%', 'mm', 'ex', or 'pt' value.
2023-09-20 14:45:52,620 WARN  [com.gar.htm.jav.hos.css.CSSStyleSheet] (main) CSSValue '0' has to be a 'px', 'em', '%', 'mm', 'ex', or 'pt' value.
2023-09-20 14:45:52,621 WARN  [com.gar.htm.jav.hos.css.CSSStyleSheet] (main) CSSValue '0' has to be a 'px', 'em', '%', 'mm', 'ex', or 'pt' value.
2023-09-20 14:45:52,621 WARN  [com.gar.htm.jav.hos.css.CSSStyleSheet] (main) CSSValue '0' has to be a 'px', 'em', '%', 'mm', 'ex', or 'pt' value.
2023-09-20 14:45:52,621 WARN  [com.gar.htm.jav.hos.css.CSSStyleSheet] (main) CSSValue '0' has to be a 'px', 'em', '%', 'mm', 'ex', or 'pt' value.
2023-09-20 14:45:52,622 WARN  [com.gar.htm.jav.hos.css.CSSStyleSheet] (main) CSSValue '0' has to be a 'px', 'em', '%', 'mm', 'ex', or 'pt' value.
2023-09-20 14:45:52,623 WARN  [com.gar.htm.jav.hos.css.CSSStyleSheet] (main) CSSValue '0' has to be a 'px', 'em', '%', 'mm', 'ex', or 'pt' value.
2023-09-20 14:45:52,623 WARN  [com.gar.htm.jav.hos.css.CSSStyleSheet] (main) CSSValue '0' has to be a 'px', 'em', '%', 'mm', 'ex', or 'pt' value.
]]></system-out>
  </testcase>
  <testcase name="testCodeFlowNoConsent" classname="org.acme.security.openid.connect.web.authentication.CodeFlowTest" time="1.445">
    <system-out><![CDATA[2023-09-20 14:45:53,942 WARN  [com.gar.htm.jav.hos.css.CSSStyleSheet] (main) CSSValue '0' has to be a 'px', 'em', '%', 'mm', 'ex', or 'pt' value.
2023-09-20 14:45:53,942 WARN  [com.gar.htm.jav.hos.css.CSSStyleSheet] (main) CSSValue '0' has to be a 'px', 'em', '%', 'mm', 'ex', or 'pt' value.
2023-09-20 14:45:53,942 WARN  [com.gar.htm.jav.hos.css.CSSStyleSheet] (main) CSSValue '0' has to be a 'px', 'em', '%', 'mm', 'ex', or 'pt' value.
2023-09-20 14:45:54,118 WARN  [com.gar.htm.jav.hos.css.CSSStyleSheet] (main) CSSValue '0' has to be a 'px', 'em', '%', 'mm', 'ex', or 'pt' value.
2023-09-20 14:45:54,118 WARN  [com.gar.htm.jav.hos.css.CSSStyleSheet] (main) CSSValue '0' has to be a 'px', 'em', '%', 'mm', 'ex', or 'pt' value.
2023-09-20 14:45:54,118 WARN  [com.gar.htm.jav.hos.css.CSSStyleSheet] (main) CSSValue '0' has to be a 'px', 'em', '%', 'mm', 'ex', or 'pt' value.
2023-09-20 14:45:54,120 WARN  [com.gar.htm.jav.hos.css.CSSStyleSheet] (main) CSSValue '0' has to be a 'px', 'em', '%', 'mm', 'ex', or 'pt' value.
2023-09-20 14:45:54,120 WARN  [com.gar.htm.jav.hos.css.CSSStyleSheet] (main) CSSValue '0' has to be a 'px', 'em', '%', 'mm', 'ex', or 'pt' value.
2023-09-20 14:45:54,120 WARN  [com.gar.htm.jav.hos.css.CSSStyleSheet] (main) CSSValue '0' has to be a 'px', 'em', '%', 'mm', 'ex', or 'pt' value.
2023-09-20 14:45:54,121 WARN  [com.gar.htm.jav.hos.css.CSSStyleSheet] (main) CSSValue '0' has to be a 'px', 'em', '%', 'mm', 'ex', or 'pt' value.
2023-09-20 14:45:54,121 WARN  [com.gar.htm.jav.hos.css.CSSStyleSheet] (main) CSSValue '0' has to be a 'px', 'em', '%', 'mm', 'ex', or 'pt' value.
2023-09-20 14:45:54,121 WARN  [com.gar.htm.jav.hos.css.CSSStyleSheet] (main) CSSValue '0' has to be a 'px', 'em', '%', 'mm', 'ex', or 'pt' value.
2023-09-20 14:45:54,128 WARN  [com.gar.htm.jav.hos.css.CSSStyleSheet] (main) CSSValue '0' has to be a 'px', 'em', '%', 'mm', 'ex', or 'pt' value.
2023-09-20 14:45:54,128 WARN  [com.gar.htm.jav.hos.css.CSSStyleSheet] (main) CSSValue '0' has to be a 'px', 'em', '%', 'mm', 'ex', or 'pt' value.
2023-09-20 14:45:54,128 WARN  [com.gar.htm.jav.hos.css.CSSStyleSheet] (main) CSSValue '0' has to be a 'px', 'em', '%', 'mm', 'ex', or 'pt' value.
2023-09-20 14:45:54,130 WARN  [com.gar.htm.jav.hos.css.CSSStyleSheet] (main) CSSValue '0' has to be a 'px', 'em', '%', 'mm', 'ex', or 'pt' value.
2023-09-20 14:45:54,130 WARN  [com.gar.htm.jav.hos.css.CSSStyleSheet] (main) CSSValue '0' has to be a 'px', 'em', '%', 'mm', 'ex', or 'pt' value.
2023-09-20 14:45:54,130 WARN  [com.gar.htm.jav.hos.css.CSSStyleSheet] (main) CSSValue '0' has to be a 'px', 'em', '%', 'mm', 'ex', or 'pt' value.
2023-09-20 14:45:54,131 WARN  [com.gar.htm.jav.hos.css.CSSStyleSheet] (main) CSSValue '0' has to be a 'px', 'em', '%', 'mm', 'ex', or 'pt' value.
2023-09-20 14:45:54,131 WARN  [com.gar.htm.jav.hos.css.CSSStyleSheet] (main) CSSValue '0' has to be a 'px', 'em', '%', 'mm', 'ex', or 'pt' value.
2023-09-20 14:45:54,131 WARN  [com.gar.htm.jav.hos.css.CSSStyleSheet] (main) CSSValue '0' has to be a 'px', 'em', '%', 'mm', 'ex', or 'pt' value.
2023-09-20 14:45:54,132 WARN  [com.gar.htm.jav.hos.css.CSSStyleSheet] (main) CSSValue '0' has to be a 'px', 'em', '%', 'mm', 'ex', or 'pt' value.
2023-09-20 14:45:54,132 WARN  [com.gar.htm.jav.hos.css.CSSStyleSheet] (main) CSSValue '0' has to be a 'px', 'em', '%', 'mm', 'ex', or 'pt' value.
2023-09-20 14:45:54,132 WARN  [com.gar.htm.jav.hos.css.CSSStyleSheet] (main) CSSValue '0' has to be a 'px', 'em', '%', 'mm', 'ex', or 'pt' value.
2023-09-20 14:45:54,133 WARN  [com.gar.htm.jav.hos.css.CSSStyleSheet] (main) CSSValue '0' has to be a 'px', 'em', '%', 'mm', 'ex', or 'pt' value.
2023-09-20 14:45:54,133 WARN  [com.gar.htm.jav.hos.css.CSSStyleSheet] (main) CSSValue '0' has to be a 'px', 'em', '%', 'mm', 'ex', or 'pt' value.
2023-09-20 14:45:54,133 WARN  [com.gar.htm.jav.hos.css.CSSStyleSheet] (main) CSSValue '0' has to be a 'px', 'em', '%', 'mm', 'ex', or 'pt' value.
2023-09-20 14:45:54,134 WARN  [com.gar.htm.jav.hos.css.CSSStyleSheet] (main) CSSValue '0' has to be a 'px', 'em', '%', 'mm', 'ex', or 'pt' value.
2023-09-20 14:45:54,134 WARN  [com.gar.htm.jav.hos.css.CSSStyleSheet] (main) CSSValue '0' has to be a 'px', 'em', '%', 'mm', 'ex', or 'pt' value.
2023-09-20 14:45:54,134 WARN  [com.gar.htm.jav.hos.css.CSSStyleSheet] (main) CSSValue '0' has to be a 'px', 'em', '%', 'mm', 'ex', or 'pt' value.
2023-09-20 14:45:54,135 WARN  [com.gar.htm.jav.hos.css.CSSStyleSheet] (main) CSSValue '0' has to be a 'px', 'em', '%', 'mm', 'ex', or 'pt' value.
2023-09-20 14:45:54,135 WARN  [com.gar.htm.jav.hos.css.CSSStyleSheet] (main) CSSValue '0' has to be a 'px', 'em', '%', 'mm', 'ex', or 'pt' value.
2023-09-20 14:45:54,135 WARN  [com.gar.htm.jav.hos.css.CSSStyleSheet] (main) CSSValue '0' has to be a 'px', 'em', '%', 'mm', 'ex', or 'pt' value.
2023-09-20 14:45:54,136 WARN  [com.gar.htm.jav.hos.css.CSSStyleSheet] (main) CSSValue '0' has to be a 'px', 'em', '%', 'mm', 'ex', or 'pt' value.
2023-09-20 14:45:54,136 WARN  [com.gar.htm.jav.hos.css.CSSStyleSheet] (main) CSSValue '0' has to be a 'px', 'em', '%', 'mm', 'ex', or 'pt' value.
2023-09-20 14:45:54,136 WARN  [com.gar.htm.jav.hos.css.CSSStyleSheet] (main) CSSValue '0' has to be a 'px', 'em', '%', 'mm', 'ex', or 'pt' value.
2023-09-20 14:45:54,137 WARN  [com.gar.htm.jav.hos.css.CSSStyleSheet] (main) CSSValue '0' has to be a 'px', 'em', '%', 'mm', 'ex', or 'pt' value.
2023-09-20 14:45:54,137 WARN  [com.gar.htm.jav.hos.css.CSSStyleSheet] (main) CSSValue '0' has to be a 'px', 'em', '%', 'mm', 'ex', or 'pt' value.
2023-09-20 14:45:54,137 WARN  [com.gar.htm.jav.hos.css.CSSStyleSheet] (main) CSSValue '0' has to be a 'px', 'em', '%', 'mm', 'ex', or 'pt' value.
2023-09-20 14:45:54,138 WARN  [com.gar.htm.jav.hos.css.CSSStyleSheet] (main) CSSValue '0' has to be a 'px', 'em', '%', 'mm', 'ex', or 'pt' value.
2023-09-20 14:45:54,138 WARN  [com.gar.htm.jav.hos.css.CSSStyleSheet] (main) CSSValue '0' has to be a 'px', 'em', '%', 'mm', 'ex', or 'pt' value.
2023-09-20 14:45:54,138 WARN  [com.gar.htm.jav.hos.css.CSSStyleSheet] (main) CSSValue '0' has to be a 'px', 'em', '%', 'mm', 'ex', or 'pt' value.
2023-09-20 14:45:54,139 WARN  [com.gar.htm.jav.hos.css.CSSStyleSheet] (main) CSSValue '0' has to be a 'px', 'em', '%', 'mm', 'ex', or 'pt' value.
2023-09-20 14:45:54,139 WARN  [com.gar.htm.jav.hos.css.CSSStyleSheet] (main) CSSValue '0' has to be a 'px', 'em', '%', 'mm', 'ex', or 'pt' value.
2023-09-20 14:45:54,139 WARN  [com.gar.htm.jav.hos.css.CSSStyleSheet] (main) CSSValue '0' has to be a 'px', 'em', '%', 'mm', 'ex', or 'pt' value.
2023-09-20 14:45:54,140 WARN  [com.gar.htm.jav.hos.css.CSSStyleSheet] (main) CSSValue '0' has to be a 'px', 'em', '%', 'mm', 'ex', or 'pt' value.
2023-09-20 14:45:54,140 WARN  [com.gar.htm.jav.hos.css.CSSStyleSheet] (main) CSSValue '0' has to be a 'px', 'em', '%', 'mm', 'ex', or 'pt' value.
2023-09-20 14:45:54,140 WARN  [com.gar.htm.jav.hos.css.CSSStyleSheet] (main) CSSValue '0' has to be a 'px', 'em', '%', 'mm', 'ex', or 'pt' value.
2023-09-20 14:45:54,141 WARN  [com.gar.htm.jav.hos.css.CSSStyleSheet] (main) CSSValue '0' has to be a 'px', 'em', '%', 'mm', 'ex', or 'pt' value.
2023-09-20 14:45:54,141 WARN  [com.gar.htm.jav.hos.css.CSSStyleSheet] (main) CSSValue '0' has to be a 'px', 'em', '%', 'mm', 'ex', or 'pt' value.
2023-09-20 14:45:54,141 WARN  [com.gar.htm.jav.hos.css.CSSStyleSheet] (main) CSSValue '0' has to be a 'px', 'em', '%', 'mm', 'ex', or 'pt' value.
2023-09-20 14:45:54,142 WARN  [com.gar.htm.jav.hos.css.CSSStyleSheet] (main) CSSValue '0' has to be a 'px', 'em', '%', 'mm', 'ex', or 'pt' value.
2023-09-20 14:45:54,142 WARN  [com.gar.htm.jav.hos.css.CSSStyleSheet] (main) CSSValue '0' has to be a 'px', 'em', '%', 'mm', 'ex', or 'pt' value.
2023-09-20 14:45:54,142 WARN  [com.gar.htm.jav.hos.css.CSSStyleSheet] (main) CSSValue '0' has to be a 'px', 'em', '%', 'mm', 'ex', or 'pt' value.
2023-09-20 14:45:54,143 WARN  [com.gar.htm.jav.hos.css.CSSStyleSheet] (main) CSSValue '0' has to be a 'px', 'em', '%', 'mm', 'ex', or 'pt' value.
2023-09-20 14:45:54,143 WARN  [com.gar.htm.jav.hos.css.CSSStyleSheet] (main) CSSValue '0' has to be a 'px', 'em', '%', 'mm', 'ex', or 'pt' value.
2023-09-20 14:45:54,143 WARN  [com.gar.htm.jav.hos.css.CSSStyleSheet] (main) CSSValue '0' has to be a 'px', 'em', '%', 'mm', 'ex', or 'pt' value.
2023-09-20 14:45:54,144 WARN  [com.gar.htm.jav.hos.css.CSSStyleSheet] (main) CSSValue '0' has to be a 'px', 'em', '%', 'mm', 'ex', or 'pt' value.
2023-09-20 14:45:54,144 WARN  [com.gar.htm.jav.hos.css.CSSStyleSheet] (main) CSSValue '0' has to be a 'px', 'em', '%', 'mm', 'ex', or 'pt' value.
2023-09-20 14:45:54,144 WARN  [com.gar.htm.jav.hos.css.CSSStyleSheet] (main) CSSValue '0' has to be a 'px', 'em', '%', 'mm', 'ex', or 'pt' value.
2023-09-20 14:45:54,145 WARN  [com.gar.htm.jav.hos.css.CSSStyleSheet] (main) CSSValue '0' has to be a 'px', 'em', '%', 'mm', 'ex', or 'pt' value.
2023-09-20 14:45:54,145 WARN  [com.gar.htm.jav.hos.css.CSSStyleSheet] (main) CSSValue '0' has to be a 'px', 'em', '%', 'mm', 'ex', or 'pt' value.
2023-09-20 14:45:54,145 WARN  [com.gar.htm.jav.hos.css.CSSStyleSheet] (main) CSSValue '0' has to be a 'px', 'em', '%', 'mm', 'ex', or 'pt' value.
2023-09-20 14:45:54,147 WARN  [com.gar.htm.jav.hos.css.CSSStyleSheet] (main) CSSValue '0' has to be a 'px', 'em', '%', 'mm', 'ex', or 'pt' value.
2023-09-20 14:45:54,147 WARN  [com.gar.htm.jav.hos.css.CSSStyleSheet] (main) CSSValue '0' has to be a 'px', 'em', '%', 'mm', 'ex', or 'pt' value.
2023-09-20 14:45:54,147 WARN  [com.gar.htm.jav.hos.css.CSSStyleSheet] (main) CSSValue '0' has to be a 'px', 'em', '%', 'mm', 'ex', or 'pt' value.
]]></system-out>
  </testcase>
</testsuite>