<?xml version="1.0" encoding="UTF-8"?>
<testsuite xmlns:xsi="http://www.w3.org/2001/XMLSchema-instance" xsi:noNamespaceSchemaLocation="https://maven.apache.org/surefire/maven-surefire-plugin/xsd/surefire-test-report-3.0.xsd" version="3.0" name="org.acme.security.keycloak.authorization.PolicyEnforcerTest" time="28.652" tests="3" errors="0" skipped="0" failures="0">
  <properties>
    <property name="java.specification.version" value="20"/>
    <property name="sun.jnu.encoding" value="UTF-8"/>
    <property name="test.url" value="http://localhost:8081"/>
    <property name="java.class.path" value="/Users/enricoconte/code/quarkus/quarkus-quickstarts/security-keycloak-authorization-quickstart/target/test-classes:/Users/enricoconte/code/quarkus/quarkus-quickstarts/security-keycloak-authorization-quickstart/target/classes:/Users/enricoconte/.m2/repository/io/quarkus/quarkus-keycloak-authorization/3.3.3/quarkus-keycloak-authorization-3.3.3.jar:/Users/enricoconte/.m2/repository/org/keycloak/keycloak-core/22.0.1/keycloak-core-22.0.1.jar:/Users/enricoconte/.m2/repository/org/keycloak/keycloak-common/22.0.1/keycloak-common-22.0.1.jar:/Users/enricoconte/.m2/repository/com/fasterxml/jackson/core/jackson-core/2.15.2/jackson-core-2.15.2.jar:/Users/enricoconte/.m2/repository/com/fasterxml/jackson/core/jackson-databind/2.15.2/jackson-databind-2.15.2.jar:/Users/enricoconte/.m2/repository/com/fasterxml/jackson/core/jackson-annotations/2.15.2/jackson-annotations-2.15.2.jar:/Users/enricoconte/.m2/repository/org/keycloak/keycloak-policy-enforcer/22.0.1/keycloak-policy-enforcer-22.0.1.jar:/Users/enricoconte/.m2/repository/org/eclipse/angus/angus-activation/2.0.1/angus-activation-2.0.1.jar:/Users/enricoconte/.m2/repository/jakarta/activation/jakarta.activation-api/2.1.2/jakarta.activation-api-2.1.2.jar:/Users/enricoconte/.m2/repository/org/keycloak/keycloak-adapter-spi/22.0.1/keycloak-adapter-spi-22.0.1.jar:/Users/enricoconte/.m2/repository/org/keycloak/keycloak-authz-client/22.0.1/keycloak-authz-client-22.0.1.jar:/Users/enricoconte/.m2/repository/org/jboss/logging/jboss-logging/3.5.1.Final/jboss-logging-3.5.1.Final.jar:/Users/enricoconte/.m2/repository/io/quarkus/quarkus-apache-httpclient/3.3.3/quarkus-apache-httpclient-3.3.3.jar:/Users/enricoconte/.m2/repository/io/quarkus/quarkus-arc/3.3.3/quarkus-arc-3.3.3.jar:/Users/enricoconte/.m2/repository/io/quarkus/arc/arc/3.3.3/arc-3.3.3.jar:/Users/enricoconte/.m2/repository/jakarta/transaction/jakarta.transaction-api/2.0.1/jakarta.transaction-api-2.0.1.jar:/Users/enricoconte/.m2/repository/org/eclipse/microprofile/context-propagation/microprofile-context-propagation-api/1.3/microprofile-context-propagation-api-1.3.jar:/Users/enricoconte/.m2/repository/org/jboss/logging/commons-logging-jboss-logging/1.0.0.Final/commons-logging-jboss-logging-1.0.0.Final.jar:/Users/enricoconte/.m2/repository/io/quarkus/quarkus-oidc/3.3.3/quarkus-oidc-3.3.3.jar:/Users/enricoconte/.m2/repository/io/quarkus/quarkus-core/3.3.3/quarkus-core-3.3.3.jar:/Users/enricoconte/.m2/repository/jakarta/enterprise/jakarta.enterprise.cdi-api/4.0.1/jakarta.enterprise.cdi-api-4.0.1.jar:/Users/enricoconte/.m2/repository/jakarta/enterprise/jakarta.enterprise.lang-model/4.0.1/jakarta.enterprise.lang-model-4.0.1.jar:/Users/enricoconte/.m2/repository/jakarta/el/jakarta.el-api/5.0.1/jakarta.el-api-5.0.1.jar:/Users/enricoconte/.m2/repository/jakarta/inject/jakarta.inject-api/2.0.1/jakarta.inject-api-2.0.1.jar:/Users/enricoconte/.m2/repository/io/smallrye/common/smallrye-common-os/2.1.0/smallrye-common-os-2.1.0.jar:/Users/enricoconte/.m2/repository/io/quarkus/quarkus-ide-launcher/3.3.3/quarkus-ide-launcher-3.3.3.jar:/Users/enricoconte/.m2/repository/io/quarkus/quarkus-development-mode-spi/3.3.3/quarkus-development-mode-spi-3.3.3.jar:/Users/enricoconte/.m2/repository/io/smallrye/config/smallrye-config/3.3.4/smallrye-config-3.3.4.jar:/Users/enricoconte/.m2/repository/io/smallrye/config/smallrye-config-core/3.3.4/smallrye-config-core-3.3.4.jar:/Users/enricoconte/.m2/repository/io/smallrye/common/smallrye-common-expression/2.1.0/smallrye-common-expression-2.1.0.jar:/Users/enricoconte/.m2/repository/io/smallrye/common/smallrye-common-function/2.1.0/smallrye-common-function-2.1.0.jar:/Users/enricoconte/.m2/repository/io/smallrye/common/smallrye-common-classloader/2.1.0/smallrye-common-classloader-2.1.0.jar:/Users/enricoconte/.m2/repository/io/smallrye/config/smallrye-config-common/3.3.4/smallrye-config-common-3.3.4.jar:/Users/enricoconte/.m2/repository/org/jboss/logmanager/jboss-logmanager-embedded/1.1.1/jboss-logmanager-embedded-1.1.1.jar:/Users/enricoconte/.m2/repository/org/jboss/logging/jboss-logging-annotations/2.2.1.Final/jboss-logging-annotations-2.2.1.Final.jar:/Users/enricoconte/.m2/repository/org/jboss/threads/jboss-threads/3.5.0.Final/jboss-threads-3.5.0.Final.jar:/Users/enricoconte/.m2/repository/org/slf4j/slf4j-api/2.0.6/slf4j-api-2.0.6.jar:/Users/enricoconte/.m2/repository/org/jboss/slf4j/slf4j-jboss-logmanager/2.0.0.Final/slf4j-jboss-logmanager-2.0.0.Final.jar:/Users/enricoconte/.m2/repository/org/wildfly/common/wildfly-common/1.5.4.Final-format-001/wildfly-common-1.5.4.Final-format-001.jar:/Users/enricoconte/.m2/repository/io/quarkus/quarkus-bootstrap-runner/3.3.3/quarkus-bootstrap-runner-3.3.3.jar:/Users/enricoconte/.m2/repository/io/quarkus/quarkus-fs-util/0.0.9/quarkus-fs-util-0.0.9.jar:/Users/enricoconte/.m2/repository/io/quarkus/quarkus-vertx/3.3.3/quarkus-vertx-3.3.3.jar:/Users/enricoconte/.m2/repository/io/quarkus/quarkus-netty/3.3.3/quarkus-netty-3.3.3.jar:/Users/enricoconte/.m2/repository/io/netty/netty-codec/4.1.94.Final/netty-codec-4.1.94.Final.jar:/Users/enricoconte/.m2/repository/io/netty/netty-common/4.1.94.Final/netty-common-4.1.94.Final.jar:/Users/enricoconte/.m2/repository/io/netty/netty-codec-http/4.1.94.Final/netty-codec-http-4.1.94.Final.jar:/Users/enricoconte/.m2/repository/io/netty/netty-codec-http2/4.1.94.Final/netty-codec-http2-4.1.94.Final.jar:/Users/enricoconte/.m2/repository/io/netty/netty-handler/4.1.94.Final/netty-handler-4.1.94.Final.jar:/Users/enricoconte/.m2/repository/io/netty/netty-resolver/4.1.94.Final/netty-resolver-4.1.94.Final.jar:/Users/enricoconte/.m2/repository/io/netty/netty-transport-native-unix-common/4.1.94.Final/netty-transport-native-unix-common-4.1.94.Final.jar:/Users/enricoconte/.m2/repository/com/aayushatharva/brotli4j/brotli4j/1.12.0/brotli4j-1.12.0.jar:/Users/enricoconte/.m2/repository/com/aayushatharva/brotli4j/service/1.12.0/service-1.12.0.jar:/Users/enricoconte/.m2/repository/com/aayushatharva/brotli4j/native-osx-aarch64/1.12.0/native-osx-aarch64-1.12.0.jar:/Users/enricoconte/.m2/repository/io/netty/netty-codec-haproxy/4.1.94.Final/netty-codec-haproxy-4.1.94.Final.jar:/Users/enricoconte/.m2/repository/io/netty/netty-buffer/4.1.94.Final/netty-buffer-4.1.94.Final.jar:/Users/enricoconte/.m2/repository/io/netty/netty-transport/4.1.94.Final/netty-transport-4.1.94.Final.jar:/Users/enricoconte/.m2/repository/io/smallrye/common/smallrye-common-annotation/2.1.0/smallrye-common-annotation-2.1.0.jar:/Users/enricoconte/.m2/repository/io/smallrye/common/smallrye-common-vertx-context/2.1.0/smallrye-common-vertx-context-2.1.0.jar:/Users/enricoconte/.m2/repository/io/vertx/vertx-core/4.4.4/vertx-core-4.4.4.jar:/Users/enricoconte/.m2/repository/io/netty/netty-handler-proxy/4.1.94.Final/netty-handler-proxy-4.1.94.Final.jar:/Users/enricoconte/.m2/repository/io/netty/netty-codec-socks/4.1.94.Final/netty-codec-socks-4.1.94.Final.jar:/Users/enricoconte/.m2/repository/io/netty/netty-resolver-dns/4.1.94.Final/netty-resolver-dns-4.1.94.Final.jar:/Users/enricoconte/.m2/repository/io/netty/netty-codec-dns/4.1.94.Final/netty-codec-dns-4.1.94.Final.jar:/Users/enricoconte/.m2/repository/io/smallrye/common/smallrye-common-constraint/2.1.0/smallrye-common-constraint-2.1.0.jar:/Users/enricoconte/.m2/repository/io/quarkus/quarkus-mutiny/3.3.3/quarkus-mutiny-3.3.3.jar:/Users/enricoconte/.m2/repository/io/smallrye/reactive/mutiny/2.3.1/mutiny-2.3.1.jar:/Users/enricoconte/.m2/repository/io/quarkus/quarkus-smallrye-context-propagation/3.3.3/quarkus-smallrye-context-propagation-3.3.3.jar:/Users/enricoconte/.m2/repository/io/smallrye/smallrye-context-propagation/2.1.0/smallrye-context-propagation-2.1.0.jar:/Users/enricoconte/.m2/repository/io/smallrye/smallrye-context-propagation-api/2.1.0/smallrye-context-propagation-api-2.1.0.jar:/Users/enricoconte/.m2/repository/io/smallrye/smallrye-context-propagation-storage/2.1.0/smallrye-context-propagation-storage-2.1.0.jar:/Users/enricoconte/.m2/repository/io/smallrye/reactive/mutiny-smallrye-context-propagation/2.3.1/mutiny-smallrye-context-propagation-2.3.1.jar:/Users/enricoconte/.m2/repository/io/quarkus/quarkus-vertx-latebound-mdc-provider/3.3.3/quarkus-vertx-latebound-mdc-provider-3.3.3.jar:/Users/enricoconte/.m2/repository/io/smallrye/reactive/smallrye-mutiny-vertx-core/3.5.0/smallrye-mutiny-vertx-core-3.5.0.jar:/Users/enricoconte/.m2/repository/io/smallrye/reactive/smallrye-mutiny-vertx-runtime/3.5.0/smallrye-mutiny-vertx-runtime-3.5.0.jar:/Users/enricoconte/.m2/repository/io/smallrye/reactive/vertx-mutiny-generator/3.5.0/vertx-mutiny-generator-3.5.0.jar:/Users/enricoconte/.m2/repository/io/vertx/vertx-codegen/4.4.4/vertx-codegen-4.4.4.jar:/Users/enricoconte/.m2/repository/io/smallrye/smallrye-fault-tolerance-vertx/6.2.6/smallrye-fault-tolerance-vertx-6.2.6.jar:/Users/enricoconte/.m2/repository/io/quarkus/quarkus-vertx-http/3.3.3/quarkus-vertx-http-3.3.3.jar:/Users/enricoconte/.m2/repository/io/quarkus/quarkus-security-runtime-spi/3.3.3/quarkus-security-runtime-spi-3.3.3.jar:/Users/enricoconte/.m2/repository/io/quarkus/quarkus-credentials/3.3.3/quarkus-credentials-3.3.3.jar:/Users/enricoconte/.m2/repository/io/quarkus/quarkus-vertx-http-dev-console-runtime-spi/3.3.3/quarkus-vertx-http-dev-console-runtime-spi-3.3.3.jar:/Users/enricoconte/.m2/repository/io/quarkus/security/quarkus-security/2.0.2.Final/quarkus-security-2.0.2.Final.jar:/Users/enricoconte/.m2/repository/io/smallrye/reactive/smallrye-mutiny-vertx-web/3.5.0/smallrye-mutiny-vertx-web-3.5.0.jar:/Users/enricoconte/.m2/repository/io/smallrye/reactive/smallrye-mutiny-vertx-web-common/3.5.0/smallrye-mutiny-vertx-web-common-3.5.0.jar:/Users/enricoconte/.m2/repository/io/smallrye/reactive/smallrye-mutiny-vertx-auth-common/3.5.0/smallrye-mutiny-vertx-auth-common-3.5.0.jar:/Users/enricoconte/.m2/repository/io/smallrye/reactive/smallrye-mutiny-vertx-bridge-common/3.5.0/smallrye-mutiny-vertx-bridge-common-3.5.0.jar:/Users/enricoconte/.m2/repository/io/smallrye/reactive/smallrye-mutiny-vertx-uri-template/3.5.0/smallrye-mutiny-vertx-uri-template-3.5.0.jar:/Users/enricoconte/.m2/repository/io/vertx/vertx-uri-template/4.4.4/vertx-uri-template-4.4.4.jar:/Users/enricoconte/.m2/repository/io/vertx/vertx-web/4.4.4/vertx-web-4.4.4.jar:/Users/enricoconte/.m2/repository/io/vertx/vertx-web-common/4.4.4/vertx-web-common-4.4.4.jar:/Users/enricoconte/.m2/repository/io/vertx/vertx-auth-common/4.4.4/vertx-auth-common-4.4.4.jar:/Users/enricoconte/.m2/repository/io/vertx/vertx-bridge-common/4.4.4/vertx-bridge-common-4.4.4.jar:/Users/enricoconte/.m2/repository/io/github/crac/org-crac/0.1.3/org-crac-0.1.3.jar:/Users/enricoconte/.m2/repository/io/quarkus/quarkus-security/3.3.3/quarkus-security-3.3.3.jar:/Users/enricoconte/.m2/repository/jakarta/interceptor/jakarta.interceptor-api/2.1.0/jakarta.interceptor-api-2.1.0.jar:/Users/enricoconte/.m2/repository/io/quarkus/quarkus-jsonp/3.3.3/quarkus-jsonp-3.3.3.jar:/Users/enricoconte/.m2/repository/org/eclipse/parsson/parsson/1.1.2/parsson-1.1.2.jar:/Users/enricoconte/.m2/repository/jakarta/json/jakarta.json-api/2.1.2/jakarta.json-api-2.1.2.jar:/Users/enricoconte/.m2/repository/io/quarkus/quarkus-oidc-common/3.3.3/quarkus-oidc-common-3.3.3.jar:/Users/enricoconte/.m2/repository/io/smallrye/reactive/smallrye-mutiny-vertx-web-client/3.5.0/smallrye-mutiny-vertx-web-client-3.5.0.jar:/Users/enricoconte/.m2/repository/io/vertx/vertx-web-client/4.4.4/vertx-web-client-4.4.4.jar:/Users/enricoconte/.m2/repository/io/quarkus/quarkus-smallrye-jwt-build/3.3.3/quarkus-smallrye-jwt-build-3.3.3.jar:/Users/enricoconte/.m2/repository/io/smallrye/smallrye-jwt-build/4.3.0/smallrye-jwt-build-4.3.0.jar:/Users/enricoconte/.m2/repository/io/smallrye/smallrye-jwt/4.3.0/smallrye-jwt-4.3.0.jar:/Users/enricoconte/.m2/repository/org/eclipse/microprofile/config/microprofile-config-api/3.0.3/microprofile-config-api-3.0.3.jar:/Users/enricoconte/.m2/repository/org/eclipse/microprofile/jwt/microprofile-jwt-auth-api/2.1/microprofile-jwt-auth-api-2.1.jar:/Users/enricoconte/.m2/repository/org/bitbucket/b_c/jose4j/0.9.3/jose4j-0.9.3.jar:/Users/enricoconte/.m2/repository/io/smallrye/smallrye-jwt-common/4.3.0/smallrye-jwt-common-4.3.0.jar:/Users/enricoconte/.m2/repository/jakarta/annotation/jakarta.annotation-api/2.1.1/jakarta.annotation-api-2.1.1.jar:/Users/enricoconte/.m2/repository/io/quarkus/quarkus-resteasy-reactive-jackson/3.3.3/quarkus-resteasy-reactive-jackson-3.3.3.jar:/Users/enricoconte/.m2/repository/io/quarkus/quarkus-resteasy-reactive/3.3.3/quarkus-resteasy-reactive-3.3.3.jar:/Users/enricoconte/.m2/repository/io/quarkus/quarkus-resteasy-reactive-common/3.3.3/quarkus-resteasy-reactive-common-3.3.3.jar:/Users/enricoconte/.m2/repository/io/quarkus/resteasy/reactive/resteasy-reactive-common/3.3.3/resteasy-reactive-common-3.3.3.jar:/Users/enricoconte/.m2/repository/io/quarkus/resteasy/reactive/resteasy-reactive-common-types/3.3.3/resteasy-reactive-common-types-3.3.3.jar:/Users/enricoconte/.m2/repository/org/reactivestreams/reactive-streams/1.0.4/reactive-streams-1.0.4.jar:/Users/enricoconte/.m2/repository/io/smallrye/reactive/mutiny-zero-flow-adapters/1.0.0/mutiny-zero-flow-adapters-1.0.0.jar:/Users/enricoconte/.m2/repository/io/quarkus/resteasy/reactive/resteasy-reactive-vertx/3.3.3/resteasy-reactive-vertx-3.3.3.jar:/Users/enricoconte/.m2/repository/io/quarkus/resteasy/reactive/resteasy-reactive/3.3.3/resteasy-reactive-3.3.3.jar:/Users/enricoconte/.m2/repository/jakarta/ws/rs/jakarta.ws.rs-api/3.1.0/jakarta.ws.rs-api-3.1.0.jar:/Users/enricoconte/.m2/repository/jakarta/xml/bind/jakarta.xml.bind-api/4.0.0/jakarta.xml.bind-api-4.0.0.jar:/Users/enricoconte/.m2/repository/io/quarkus/quarkus-virtual-threads/3.3.3/quarkus-virtual-threads-3.3.3.jar:/Users/enricoconte/.m2/repository/io/quarkus/quarkus-resteasy-reactive-jackson-common/3.3.3/quarkus-resteasy-reactive-jackson-common-3.3.3.jar:/Users/enricoconte/.m2/repository/io/quarkus/resteasy/reactive/resteasy-reactive-jackson/3.3.3/resteasy-reactive-jackson-3.3.3.jar:/Users/enricoconte/.m2/repository/io/quarkus/quarkus-jackson/3.3.3/quarkus-jackson-3.3.3.jar:/Users/enricoconte/.m2/repository/com/fasterxml/jackson/datatype/jackson-datatype-jsr310/2.15.2/jackson-datatype-jsr310-2.15.2.jar:/Users/enricoconte/.m2/repository/com/fasterxml/jackson/datatype/jackson-datatype-jdk8/2.15.2/jackson-datatype-jdk8-2.15.2.jar:/Users/enricoconte/.m2/repository/com/fasterxml/jackson/module/jackson-module-parameter-names/2.15.2/jackson-module-parameter-names-2.15.2.jar:/Users/enricoconte/.m2/repository/io/rest-assured/rest-assured/5.3.0/rest-assured-5.3.0.jar:/Users/enricoconte/.m2/repository/org/apache/groovy/groovy/4.0.6/groovy-4.0.6.jar:/Users/enricoconte/.m2/repository/org/apache/groovy/groovy-xml/4.0.6/groovy-xml-4.0.6.jar:/Users/enricoconte/.m2/repository/org/apache/httpcomponents/httpclient/4.5.14/httpclient-4.5.14.jar:/Users/enricoconte/.m2/repository/org/apache/httpcomponents/httpcore/4.4.16/httpcore-4.4.16.jar:/Users/enricoconte/.m2/repository/commons-codec/commons-codec/1.16.0/commons-codec-1.16.0.jar:/Users/enricoconte/.m2/repository/org/apache/httpcomponents/httpmime/4.5.14/httpmime-4.5.14.jar:/Users/enricoconte/.m2/repository/org/hamcrest/hamcrest/2.1/hamcrest-2.1.jar:/Users/enricoconte/.m2/repository/org/ccil/cowan/tagsoup/tagsoup/1.2.1/tagsoup-1.2.1.jar:/Users/enricoconte/.m2/repository/io/rest-assured/json-path/5.3.0/json-path-5.3.0.jar:/Users/enricoconte/.m2/repository/org/apache/groovy/groovy-json/4.0.6/groovy-json-4.0.6.jar:/Users/enricoconte/.m2/repository/io/rest-assured/rest-assured-common/5.3.0/rest-assured-common-5.3.0.jar:/Users/enricoconte/.m2/repository/io/rest-assured/xml-path/5.3.0/xml-path-5.3.0.jar:/Users/enricoconte/.m2/repository/org/apache/commons/commons-lang3/3.12.0/commons-lang3-3.12.0.jar:/Users/enricoconte/.m2/repository/io/quarkus/quarkus-junit5/3.3.3/quarkus-junit5-3.3.3.jar:/Users/enricoconte/.m2/repository/io/quarkus/quarkus-bootstrap-core/3.3.3/quarkus-bootstrap-core-3.3.3.jar:/Users/enricoconte/.m2/repository/io/quarkus/quarkus-bootstrap-app-model/3.3.3/quarkus-bootstrap-app-model-3.3.3.jar:/Users/enricoconte/.m2/repository/io/smallrye/common/smallrye-common-io/2.1.0/smallrye-common-io-2.1.0.jar:/Users/enricoconte/.m2/repository/org/eclipse/sisu/org.eclipse.sisu.inject/0.3.5/org.eclipse.sisu.inject-0.3.5.jar:/Users/enricoconte/.m2/repository/io/quarkus/quarkus-test-common/3.3.3/quarkus-test-common-3.3.3.jar:/Users/enricoconte/.m2/repository/io/quarkus/quarkus-core-deployment/3.3.3/quarkus-core-deployment-3.3.3.jar:/Users/enricoconte/.m2/repository/org/aesh/readline/2.4/readline-2.4.jar:/Users/enricoconte/.m2/repository/org/fusesource/jansi/jansi/2.4.0/jansi-2.4.0.jar:/Users/enricoconte/.m2/repository/org/aesh/aesh/2.7/aesh-2.7.jar:/Users/enricoconte/.m2/repository/io/quarkus/gizmo/gizmo/1.6.1.Final/gizmo-1.6.1.Final.jar:/Users/enricoconte/.m2/repository/org/ow2/asm/asm-util/9.5/asm-util-9.5.jar:/Users/enricoconte/.m2/repository/org/ow2/asm/asm-analysis/9.5/asm-analysis-9.5.jar:/Users/enricoconte/.m2/repository/org/ow2/asm/asm/9.5/asm-9.5.jar:/Users/enricoconte/.m2/repository/org/ow2/asm/asm-commons/9.5/asm-commons-9.5.jar:/Users/enricoconte/.m2/repository/org/ow2/asm/asm-tree/9.5/asm-tree-9.5.jar:/Users/enricoconte/.m2/repository/io/quarkus/quarkus-class-change-agent/3.3.3/quarkus-class-change-agent-3.3.3.jar:/Users/enricoconte/.m2/repository/io/quarkus/quarkus-devtools-utilities/3.3.3/quarkus-devtools-utilities-3.3.3.jar:/Users/enricoconte/.m2/repository/io/quarkus/quarkus-builder/3.3.3/quarkus-builder-3.3.3.jar:/Users/enricoconte/.m2/repository/org/graalvm/sdk/graal-sdk/23.0.1/graal-sdk-23.0.1.jar:/Users/enricoconte/.m2/repository/org/junit/platform/junit-platform-launcher/1.9.3/junit-platform-launcher-1.9.3.jar:/Users/enricoconte/.m2/repository/io/quarkus/quarkus-bootstrap-maven-resolver/3.3.3/quarkus-bootstrap-maven-resolver-3.3.3.jar:/Users/enricoconte/.m2/repository/io/smallrye/beanbag/smallrye-beanbag-maven/1.3.2/smallrye-beanbag-maven-1.3.2.jar:/Users/enricoconte/.m2/repository/io/smallrye/beanbag/smallrye-beanbag-sisu/1.3.2/smallrye-beanbag-sisu-1.3.2.jar:/Users/enricoconte/.m2/repository/io/smallrye/beanbag/smallrye-beanbag/1.3.2/smallrye-beanbag-1.3.2.jar:/Users/enricoconte/.m2/repository/javax/inject/javax.inject/1/javax.inject-1.jar:/Users/enricoconte/.m2/repository/org/apache/maven/maven-artifact/3.9.3/maven-artifact-3.9.3.jar:/Users/enricoconte/.m2/repository/org/apache/maven/maven-builder-support/3.9.3/maven-builder-support-3.9.3.jar:/Users/enricoconte/.m2/repository/org/apache/maven/maven-model/3.9.3/maven-model-3.9.3.jar:/Users/enricoconte/.m2/repository/org/apache/maven/maven-model-builder/3.9.3/maven-model-builder-3.9.3.jar:/Users/enricoconte/.m2/repository/org/apache/maven/maven-repository-metadata/3.9.3/maven-repository-metadata-3.9.3.jar:/Users/enricoconte/.m2/repository/org/apache/maven/maven-settings/3.9.3/maven-settings-3.9.3.jar:/Users/enricoconte/.m2/repository/org/apache/maven/resolver/maven-resolver-api/1.9.13/maven-resolver-api-1.9.13.jar:/Users/enricoconte/.m2/repository/org/apache/maven/resolver/maven-resolver-impl/1.9.13/maven-resolver-impl-1.9.13.jar:/Users/enricoconte/.m2/repository/org/apache/maven/resolver/maven-resolver-named-locks/1.9.13/maven-resolver-named-locks-1.9.13.jar:/Users/enricoconte/.m2/repository/org/apache/maven/resolver/maven-resolver-spi/1.9.13/maven-resolver-spi-1.9.13.jar:/Users/enricoconte/.m2/repository/org/apache/maven/resolver/maven-resolver-util/1.9.13/maven-resolver-util-1.9.13.jar:/Users/enricoconte/.m2/repository/org/apache/maven/resolver/maven-resolver-transport-http/1.9.10/maven-resolver-transport-http-1.9.10.jar:/Users/enricoconte/.m2/repository/org/apache/maven/wagon/wagon-provider-api/3.5.3/wagon-provider-api-3.5.3.jar:/Users/enricoconte/.m2/repository/org/apache/maven/wagon/wagon-http-shared/3.5.3/wagon-http-shared-3.5.3.jar:/Users/enricoconte/.m2/repository/org/codehaus/plexus/plexus-interpolation/1.26/plexus-interpolation-1.26.jar:/Users/enricoconte/.m2/repository/org/codehaus/plexus/plexus-utils/3.5.1/plexus-utils-3.5.1.jar:/Users/enricoconte/.m2/repository/org/codehaus/plexus/plexus-xml/4.0.0/plexus-xml-4.0.0.jar:/Users/enricoconte/.m2/repository/org/apache/maven/maven-xml-impl/4.0.0-alpha-5/maven-xml-impl-4.0.0-alpha-5.jar:/Users/enricoconte/.m2/repository/org/apache/maven/maven-api-xml/4.0.0-alpha-5/maven-api-xml-4.0.0-alpha-5.jar:/Users/enricoconte/.m2/repository/org/apache/maven/maven-api-meta/4.0.0-alpha-5/maven-api-meta-4.0.0-alpha-5.jar:/Users/enricoconte/.m2/repository/org/codehaus/plexus/plexus-cipher/2.0/plexus-cipher-2.0.jar:/Users/enricoconte/.m2/repository/org/codehaus/plexus/plexus-sec-dispatcher/2.0/plexus-sec-dispatcher-2.0.jar:/Users/enricoconte/.m2/repository/org/apache/maven/maven-embedder/3.9.3/maven-embedder-3.9.3.jar:/Users/enricoconte/.m2/repository/org/apache/maven/maven-core/3.9.3/maven-core-3.9.3.jar:/Users/enricoconte/.m2/repository/org/codehaus/plexus/plexus-component-annotations/2.1.0/plexus-component-annotations-2.1.0.jar:/Users/enricoconte/.m2/repository/org/apache/maven/maven-plugin-api/3.9.3/maven-plugin-api-3.9.3.jar:/Users/enricoconte/.m2/repository/org/apache/maven/shared/maven-shared-utils/3.3.4/maven-shared-utils-3.3.4.jar:/Users/enricoconte/.m2/repository/com/google/inject/guice/5.1.0/guice-5.1.0.jar:/Users/enricoconte/.m2/repository/aopalliance/aopalliance/1.0/aopalliance-1.0.jar:/Users/enricoconte/.m2/repository/com/google/guava/guava/32.1.1-jre/guava-32.1.1-jre.jar:/Users/enricoconte/.m2/repository/com/google/guava/failureaccess/1.0.1/failureaccess-1.0.1.jar:/Users/enricoconte/.m2/repository/javax/annotation/javax.annotation-api/1.3.2/javax.annotation-api-1.3.2.jar:/Users/enricoconte/.m2/repository/org/codehaus/plexus/plexus-classworlds/2.6.0/plexus-classworlds-2.6.0.jar:/Users/enricoconte/.m2/repository/commons-cli/commons-cli/1.5.0/commons-cli-1.5.0.jar:/Users/enricoconte/.m2/repository/org/eclipse/sisu/org.eclipse.sisu.plexus/0.3.5/org.eclipse.sisu.plexus-0.3.5.jar:/Users/enricoconte/.m2/repository/org/apache/maven/maven-settings-builder/3.9.3/maven-settings-builder-3.9.3.jar:/Users/enricoconte/.m2/repository/org/apache/maven/maven-resolver-provider/3.9.3/maven-resolver-provider-3.9.3.jar:/Users/enricoconte/.m2/repository/org/apache/maven/resolver/maven-resolver-connector-basic/1.9.13/maven-resolver-connector-basic-1.9.13.jar:/Users/enricoconte/.m2/repository/org/apache/maven/resolver/maven-resolver-transport-wagon/1.9.13/maven-resolver-transport-wagon-1.9.13.jar:/Users/enricoconte/.m2/repository/org/apache/maven/wagon/wagon-http/3.5.3/wagon-http-3.5.3.jar:/Users/enricoconte/.m2/repository/org/apache/maven/wagon/wagon-file/3.5.3/wagon-file-3.5.3.jar:/Users/enricoconte/.m2/repository/io/quarkus/quarkus-bootstrap-gradle-resolver/3.3.3/quarkus-bootstrap-gradle-resolver-3.3.3.jar:/Users/enricoconte/.m2/repository/io/smallrye/jandex/3.1.2/jandex-3.1.2.jar:/Users/enricoconte/.m2/repository/commons-io/commons-io/2.13.0/commons-io-2.13.0.jar:/Users/enricoconte/.m2/repository/io/quarkus/quarkus-junit5-properties/3.3.3/quarkus-junit5-properties-3.3.3.jar:/Users/enricoconte/.m2/repository/org/junit/jupiter/junit-jupiter/5.9.3/junit-jupiter-5.9.3.jar:/Users/enricoconte/.m2/repository/org/junit/jupiter/junit-jupiter-api/5.9.3/junit-jupiter-api-5.9.3.jar:/Users/enricoconte/.m2/repository/org/opentest4j/opentest4j/1.2.0/opentest4j-1.2.0.jar:/Users/enricoconte/.m2/repository/org/junit/platform/junit-platform-commons/1.9.3/junit-platform-commons-1.9.3.jar:/Users/enricoconte/.m2/repository/org/apiguardian/apiguardian-api/1.1.2/apiguardian-api-1.1.2.jar:/Users/enricoconte/.m2/repository/org/junit/jupiter/junit-jupiter-params/5.9.3/junit-jupiter-params-5.9.3.jar:/Users/enricoconte/.m2/repository/org/junit/jupiter/junit-jupiter-engine/5.9.3/junit-jupiter-engine-5.9.3.jar:/Users/enricoconte/.m2/repository/org/junit/platform/junit-platform-engine/1.9.3/junit-platform-engine-1.9.3.jar:/Users/enricoconte/.m2/repository/com/thoughtworks/xstream/xstream/1.4.20/xstream-1.4.20.jar:/Users/enricoconte/.m2/repository/io/github/x-stream/mxparser/1.2.2/mxparser-1.2.2.jar:/Users/enricoconte/.m2/repository/xmlpull/xmlpull/1.1.3.1/xmlpull-1.1.3.1.jar:/Users/enricoconte/.m2/repository/io/quarkus/quarkus-test-keycloak-server/3.3.3/quarkus-test-keycloak-server-3.3.3.jar:/Users/enricoconte/.m2/repository/org/keycloak/keycloak-adapter-core/22.0.1/keycloak-adapter-core-22.0.1.jar:/Users/enricoconte/.m2/repository/org/keycloak/keycloak-crypto-default/22.0.1/keycloak-crypto-default-22.0.1.jar:/Users/enricoconte/.m2/repository/org/keycloak/keycloak-server-spi/22.0.1/keycloak-server-spi-22.0.1.jar:/Users/enricoconte/.m2/repository/org/keycloak/keycloak-server-spi-private/22.0.1/keycloak-server-spi-private-22.0.1.jar:/Users/enricoconte/.m2/repository/org/bouncycastle/bcprov-jdk15on/1.70/bcprov-jdk15on-1.70.jar:/Users/enricoconte/.m2/repository/org/bouncycastle/bcpkix-jdk15on/1.70/bcpkix-jdk15on-1.70.jar:/Users/enricoconte/.m2/repository/org/bouncycastle/bcutil-jdk15on/1.70/bcutil-jdk15on-1.70.jar:/Users/enricoconte/.m2/repository/org/testcontainers/testcontainers/1.18.3/testcontainers-1.18.3.jar:/Users/enricoconte/.m2/repository/junit/junit/4.13.2/junit-4.13.2.jar:/Users/enricoconte/.m2/repository/org/apache/commons/commons-compress/1.23.0/commons-compress-1.23.0.jar:/Users/enricoconte/.m2/repository/org/rnorth/duct-tape/duct-tape/1.0.8/duct-tape-1.0.8.jar:/Users/enricoconte/.m2/repository/org/jetbrains/annotations/24.0.1/annotations-24.0.1.jar:/Users/enricoconte/.m2/repository/com/github/docker-java/docker-java-api/3.3.0/docker-java-api-3.3.0.jar:/Users/enricoconte/.m2/repository/com/github/docker-java/docker-java-transport-zerodep/3.3.0/docker-java-transport-zerodep-3.3.0.jar:/Users/enricoconte/.m2/repository/com/github/docker-java/docker-java-transport/3.3.0/docker-java-transport-3.3.0.jar:/Users/enricoconte/.m2/repository/net/java/dev/jna/jna/5.8.0/jna-5.8.0.jar:"/>
    <property name="java.vm.vendor" value="GraalVM Community"/>
    <property name="sun.arch.data.model" value="64"/>
    <property name="java.vendor.url" value="https://www.graalvm.org/"/>
    <property name="user.timezone" value="Europe/Rome"/>
    <property name="logging.initial-configurator.min-level" value="500"/>
    <property name="os.name" value="Mac OS X"/>
    <property name="java.vm.specification.version" value="20"/>
    <property name="sun.java.launcher" value="SUN_STANDARD"/>
    <property name="user.country" value="IT"/>
    <property name="groovy.use.classvalue" value="false"/>
    <property name="sun.boot.library.path" value="/Users/enricoconte/Library/Java/JavaVirtualMachines/graalvm-community-openjdk-20.0.1+9.1/Contents/Home/lib"/>
    <property name="sun.java.command" value="/Users/enricoconte/code/quarkus/quarkus-quickstarts/security-keycloak-authorization-quickstart/target/surefire/surefirebooter-20230920112303017_3.jar /Users/enricoconte/code/quarkus/quarkus-quickstarts/security-keycloak-authorization-quickstart/target/surefire 2023-09-20T11-23-02_764-jvmRun1 surefire-20230920112303017_1tmp surefire_0-20230920112303017_2tmp"/>
    <property name="http.nonProxyHosts" value="local|*.local|169.254/16|*.169.254/16"/>
    <property name="jdk.debug" value="release"/>
    <property name="maven.home" value="/Users/enricoconte/.m2/wrapper/dists/apache-maven-3.8.6-bin/67568434/apache-maven-3.8.6"/>
    <property name="surefire.test.class.path" value="/Users/enricoconte/code/quarkus/quarkus-quickstarts/security-keycloak-authorization-quickstart/target/test-classes:/Users/enricoconte/code/quarkus/quarkus-quickstarts/security-keycloak-authorization-quickstart/target/classes:/Users/enricoconte/.m2/repository/io/quarkus/quarkus-keycloak-authorization/3.3.3/quarkus-keycloak-authorization-3.3.3.jar:/Users/enricoconte/.m2/repository/org/keycloak/keycloak-core/22.0.1/keycloak-core-22.0.1.jar:/Users/enricoconte/.m2/repository/org/keycloak/keycloak-common/22.0.1/keycloak-common-22.0.1.jar:/Users/enricoconte/.m2/repository/com/fasterxml/jackson/core/jackson-core/2.15.2/jackson-core-2.15.2.jar:/Users/enricoconte/.m2/repository/com/fasterxml/jackson/core/jackson-databind/2.15.2/jackson-databind-2.15.2.jar:/Users/enricoconte/.m2/repository/com/fasterxml/jackson/core/jackson-annotations/2.15.2/jackson-annotations-2.15.2.jar:/Users/enricoconte/.m2/repository/org/keycloak/keycloak-policy-enforcer/22.0.1/keycloak-policy-enforcer-22.0.1.jar:/Users/enricoconte/.m2/repository/org/eclipse/angus/angus-activation/2.0.1/angus-activation-2.0.1.jar:/Users/enricoconte/.m2/repository/jakarta/activation/jakarta.activation-api/2.1.2/jakarta.activation-api-2.1.2.jar:/Users/enricoconte/.m2/repository/org/keycloak/keycloak-adapter-spi/22.0.1/keycloak-adapter-spi-22.0.1.jar:/Users/enricoconte/.m2/repository/org/keycloak/keycloak-authz-client/22.0.1/keycloak-authz-client-22.0.1.jar:/Users/enricoconte/.m2/repository/org/jboss/logging/jboss-logging/3.5.1.Final/jboss-logging-3.5.1.Final.jar:/Users/enricoconte/.m2/repository/io/quarkus/quarkus-apache-httpclient/3.3.3/quarkus-apache-httpclient-3.3.3.jar:/Users/enricoconte/.m2/repository/io/quarkus/quarkus-arc/3.3.3/quarkus-arc-3.3.3.jar:/Users/enricoconte/.m2/repository/io/quarkus/arc/arc/3.3.3/arc-3.3.3.jar:/Users/enricoconte/.m2/repository/jakarta/transaction/jakarta.transaction-api/2.0.1/jakarta.transaction-api-2.0.1.jar:/Users/enricoconte/.m2/repository/org/eclipse/microprofile/context-propagation/microprofile-context-propagation-api/1.3/microprofile-context-propagation-api-1.3.jar:/Users/enricoconte/.m2/repository/org/jboss/logging/commons-logging-jboss-logging/1.0.0.Final/commons-logging-jboss-logging-1.0.0.Final.jar:/Users/enricoconte/.m2/repository/io/quarkus/quarkus-oidc/3.3.3/quarkus-oidc-3.3.3.jar:/Users/enricoconte/.m2/repository/io/quarkus/quarkus-core/3.3.3/quarkus-core-3.3.3.jar:/Users/enricoconte/.m2/repository/jakarta/enterprise/jakarta.enterprise.cdi-api/4.0.1/jakarta.enterprise.cdi-api-4.0.1.jar:/Users/enricoconte/.m2/repository/jakarta/enterprise/jakarta.enterprise.lang-model/4.0.1/jakarta.enterprise.lang-model-4.0.1.jar:/Users/enricoconte/.m2/repository/jakarta/el/jakarta.el-api/5.0.1/jakarta.el-api-5.0.1.jar:/Users/enricoconte/.m2/repository/jakarta/inject/jakarta.inject-api/2.0.1/jakarta.inject-api-2.0.1.jar:/Users/enricoconte/.m2/repository/io/smallrye/common/smallrye-common-os/2.1.0/smallrye-common-os-2.1.0.jar:/Users/enricoconte/.m2/repository/io/quarkus/quarkus-ide-launcher/3.3.3/quarkus-ide-launcher-3.3.3.jar:/Users/enricoconte/.m2/repository/io/quarkus/quarkus-development-mode-spi/3.3.3/quarkus-development-mode-spi-3.3.3.jar:/Users/enricoconte/.m2/repository/io/smallrye/config/smallrye-config/3.3.4/smallrye-config-3.3.4.jar:/Users/enricoconte/.m2/repository/io/smallrye/config/smallrye-config-core/3.3.4/smallrye-config-core-3.3.4.jar:/Users/enricoconte/.m2/repository/io/smallrye/common/smallrye-common-expression/2.1.0/smallrye-common-expression-2.1.0.jar:/Users/enricoconte/.m2/repository/io/smallrye/common/smallrye-common-function/2.1.0/smallrye-common-function-2.1.0.jar:/Users/enricoconte/.m2/repository/io/smallrye/common/smallrye-common-classloader/2.1.0/smallrye-common-classloader-2.1.0.jar:/Users/enricoconte/.m2/repository/io/smallrye/config/smallrye-config-common/3.3.4/smallrye-config-common-3.3.4.jar:/Users/enricoconte/.m2/repository/org/jboss/logmanager/jboss-logmanager-embedded/1.1.1/jboss-logmanager-embedded-1.1.1.jar:/Users/enricoconte/.m2/repository/org/jboss/logging/jboss-logging-annotations/2.2.1.Final/jboss-logging-annotations-2.2.1.Final.jar:/Users/enricoconte/.m2/repository/org/jboss/threads/jboss-threads/3.5.0.Final/jboss-threads-3.5.0.Final.jar:/Users/enricoconte/.m2/repository/org/slf4j/slf4j-api/2.0.6/slf4j-api-2.0.6.jar:/Users/enricoconte/.m2/repository/org/jboss/slf4j/slf4j-jboss-logmanager/2.0.0.Final/slf4j-jboss-logmanager-2.0.0.Final.jar:/Users/enricoconte/.m2/repository/org/wildfly/common/wildfly-common/1.5.4.Final-format-001/wildfly-common-1.5.4.Final-format-001.jar:/Users/enricoconte/.m2/repository/io/quarkus/quarkus-bootstrap-runner/3.3.3/quarkus-bootstrap-runner-3.3.3.jar:/Users/enricoconte/.m2/repository/io/quarkus/quarkus-fs-util/0.0.9/quarkus-fs-util-0.0.9.jar:/Users/enricoconte/.m2/repository/io/quarkus/quarkus-vertx/3.3.3/quarkus-vertx-3.3.3.jar:/Users/enricoconte/.m2/repository/io/quarkus/quarkus-netty/3.3.3/quarkus-netty-3.3.3.jar:/Users/enricoconte/.m2/repository/io/netty/netty-codec/4.1.94.Final/netty-codec-4.1.94.Final.jar:/Users/enricoconte/.m2/repository/io/netty/netty-common/4.1.94.Final/netty-common-4.1.94.Final.jar:/Users/enricoconte/.m2/repository/io/netty/netty-codec-http/4.1.94.Final/netty-codec-http-4.1.94.Final.jar:/Users/enricoconte/.m2/repository/io/netty/netty-codec-http2/4.1.94.Final/netty-codec-http2-4.1.94.Final.jar:/Users/enricoconte/.m2/repository/io/netty/netty-handler/4.1.94.Final/netty-handler-4.1.94.Final.jar:/Users/enricoconte/.m2/repository/io/netty/netty-resolver/4.1.94.Final/netty-resolver-4.1.94.Final.jar:/Users/enricoconte/.m2/repository/io/netty/netty-transport-native-unix-common/4.1.94.Final/netty-transport-native-unix-common-4.1.94.Final.jar:/Users/enricoconte/.m2/repository/com/aayushatharva/brotli4j/brotli4j/1.12.0/brotli4j-1.12.0.jar:/Users/enricoconte/.m2/repository/com/aayushatharva/brotli4j/service/1.12.0/service-1.12.0.jar:/Users/enricoconte/.m2/repository/com/aayushatharva/brotli4j/native-osx-aarch64/1.12.0/native-osx-aarch64-1.12.0.jar:/Users/enricoconte/.m2/repository/io/netty/netty-codec-haproxy/4.1.94.Final/netty-codec-haproxy-4.1.94.Final.jar:/Users/enricoconte/.m2/repository/io/netty/netty-buffer/4.1.94.Final/netty-buffer-4.1.94.Final.jar:/Users/enricoconte/.m2/repository/io/netty/netty-transport/4.1.94.Final/netty-transport-4.1.94.Final.jar:/Users/enricoconte/.m2/repository/io/smallrye/common/smallrye-common-annotation/2.1.0/smallrye-common-annotation-2.1.0.jar:/Users/enricoconte/.m2/repository/io/smallrye/common/smallrye-common-vertx-context/2.1.0/smallrye-common-vertx-context-2.1.0.jar:/Users/enricoconte/.m2/repository/io/vertx/vertx-core/4.4.4/vertx-core-4.4.4.jar:/Users/enricoconte/.m2/repository/io/netty/netty-handler-proxy/4.1.94.Final/netty-handler-proxy-4.1.94.Final.jar:/Users/enricoconte/.m2/repository/io/netty/netty-codec-socks/4.1.94.Final/netty-codec-socks-4.1.94.Final.jar:/Users/enricoconte/.m2/repository/io/netty/netty-resolver-dns/4.1.94.Final/netty-resolver-dns-4.1.94.Final.jar:/Users/enricoconte/.m2/repository/io/netty/netty-codec-dns/4.1.94.Final/netty-codec-dns-4.1.94.Final.jar:/Users/enricoconte/.m2/repository/io/smallrye/common/smallrye-common-constraint/2.1.0/smallrye-common-constraint-2.1.0.jar:/Users/enricoconte/.m2/repository/io/quarkus/quarkus-mutiny/3.3.3/quarkus-mutiny-3.3.3.jar:/Users/enricoconte/.m2/repository/io/smallrye/reactive/mutiny/2.3.1/mutiny-2.3.1.jar:/Users/enricoconte/.m2/repository/io/quarkus/quarkus-smallrye-context-propagation/3.3.3/quarkus-smallrye-context-propagation-3.3.3.jar:/Users/enricoconte/.m2/repository/io/smallrye/smallrye-context-propagation/2.1.0/smallrye-context-propagation-2.1.0.jar:/Users/enricoconte/.m2/repository/io/smallrye/smallrye-context-propagation-api/2.1.0/smallrye-context-propagation-api-2.1.0.jar:/Users/enricoconte/.m2/repository/io/smallrye/smallrye-context-propagation-storage/2.1.0/smallrye-context-propagation-storage-2.1.0.jar:/Users/enricoconte/.m2/repository/io/smallrye/reactive/mutiny-smallrye-context-propagation/2.3.1/mutiny-smallrye-context-propagation-2.3.1.jar:/Users/enricoconte/.m2/repository/io/quarkus/quarkus-vertx-latebound-mdc-provider/3.3.3/quarkus-vertx-latebound-mdc-provider-3.3.3.jar:/Users/enricoconte/.m2/repository/io/smallrye/reactive/smallrye-mutiny-vertx-core/3.5.0/smallrye-mutiny-vertx-core-3.5.0.jar:/Users/enricoconte/.m2/repository/io/smallrye/reactive/smallrye-mutiny-vertx-runtime/3.5.0/smallrye-mutiny-vertx-runtime-3.5.0.jar:/Users/enricoconte/.m2/repository/io/smallrye/reactive/vertx-mutiny-generator/3.5.0/vertx-mutiny-generator-3.5.0.jar:/Users/enricoconte/.m2/repository/io/vertx/vertx-codegen/4.4.4/vertx-codegen-4.4.4.jar:/Users/enricoconte/.m2/repository/io/smallrye/smallrye-fault-tolerance-vertx/6.2.6/smallrye-fault-tolerance-vertx-6.2.6.jar:/Users/enricoconte/.m2/repository/io/quarkus/quarkus-vertx-http/3.3.3/quarkus-vertx-http-3.3.3.jar:/Users/enricoconte/.m2/repository/io/quarkus/quarkus-security-runtime-spi/3.3.3/quarkus-security-runtime-spi-3.3.3.jar:/Users/enricoconte/.m2/repository/io/quarkus/quarkus-credentials/3.3.3/quarkus-credentials-3.3.3.jar:/Users/enricoconte/.m2/repository/io/quarkus/quarkus-vertx-http-dev-console-runtime-spi/3.3.3/quarkus-vertx-http-dev-console-runtime-spi-3.3.3.jar:/Users/enricoconte/.m2/repository/io/quarkus/security/quarkus-security/2.0.2.Final/quarkus-security-2.0.2.Final.jar:/Users/enricoconte/.m2/repository/io/smallrye/reactive/smallrye-mutiny-vertx-web/3.5.0/smallrye-mutiny-vertx-web-3.5.0.jar:/Users/enricoconte/.m2/repository/io/smallrye/reactive/smallrye-mutiny-vertx-web-common/3.5.0/smallrye-mutiny-vertx-web-common-3.5.0.jar:/Users/enricoconte/.m2/repository/io/smallrye/reactive/smallrye-mutiny-vertx-auth-common/3.5.0/smallrye-mutiny-vertx-auth-common-3.5.0.jar:/Users/enricoconte/.m2/repository/io/smallrye/reactive/smallrye-mutiny-vertx-bridge-common/3.5.0/smallrye-mutiny-vertx-bridge-common-3.5.0.jar:/Users/enricoconte/.m2/repository/io/smallrye/reactive/smallrye-mutiny-vertx-uri-template/3.5.0/smallrye-mutiny-vertx-uri-template-3.5.0.jar:/Users/enricoconte/.m2/repository/io/vertx/vertx-uri-template/4.4.4/vertx-uri-template-4.4.4.jar:/Users/enricoconte/.m2/repository/io/vertx/vertx-web/4.4.4/vertx-web-4.4.4.jar:/Users/enricoconte/.m2/repository/io/vertx/vertx-web-common/4.4.4/vertx-web-common-4.4.4.jar:/Users/enricoconte/.m2/repository/io/vertx/vertx-auth-common/4.4.4/vertx-auth-common-4.4.4.jar:/Users/enricoconte/.m2/repository/io/vertx/vertx-bridge-common/4.4.4/vertx-bridge-common-4.4.4.jar:/Users/enricoconte/.m2/repository/io/github/crac/org-crac/0.1.3/org-crac-0.1.3.jar:/Users/enricoconte/.m2/repository/io/quarkus/quarkus-security/3.3.3/quarkus-security-3.3.3.jar:/Users/enricoconte/.m2/repository/jakarta/interceptor/jakarta.interceptor-api/2.1.0/jakarta.interceptor-api-2.1.0.jar:/Users/enricoconte/.m2/repository/io/quarkus/quarkus-jsonp/3.3.3/quarkus-jsonp-3.3.3.jar:/Users/enricoconte/.m2/repository/org/eclipse/parsson/parsson/1.1.2/parsson-1.1.2.jar:/Users/enricoconte/.m2/repository/jakarta/json/jakarta.json-api/2.1.2/jakarta.json-api-2.1.2.jar:/Users/enricoconte/.m2/repository/io/quarkus/quarkus-oidc-common/3.3.3/quarkus-oidc-common-3.3.3.jar:/Users/enricoconte/.m2/repository/io/smallrye/reactive/smallrye-mutiny-vertx-web-client/3.5.0/smallrye-mutiny-vertx-web-client-3.5.0.jar:/Users/enricoconte/.m2/repository/io/vertx/vertx-web-client/4.4.4/vertx-web-client-4.4.4.jar:/Users/enricoconte/.m2/repository/io/quarkus/quarkus-smallrye-jwt-build/3.3.3/quarkus-smallrye-jwt-build-3.3.3.jar:/Users/enricoconte/.m2/repository/io/smallrye/smallrye-jwt-build/4.3.0/smallrye-jwt-build-4.3.0.jar:/Users/enricoconte/.m2/repository/io/smallrye/smallrye-jwt/4.3.0/smallrye-jwt-4.3.0.jar:/Users/enricoconte/.m2/repository/org/eclipse/microprofile/config/microprofile-config-api/3.0.3/microprofile-config-api-3.0.3.jar:/Users/enricoconte/.m2/repository/org/eclipse/microprofile/jwt/microprofile-jwt-auth-api/2.1/microprofile-jwt-auth-api-2.1.jar:/Users/enricoconte/.m2/repository/org/bitbucket/b_c/jose4j/0.9.3/jose4j-0.9.3.jar:/Users/enricoconte/.m2/repository/io/smallrye/smallrye-jwt-common/4.3.0/smallrye-jwt-common-4.3.0.jar:/Users/enricoconte/.m2/repository/jakarta/annotation/jakarta.annotation-api/2.1.1/jakarta.annotation-api-2.1.1.jar:/Users/enricoconte/.m2/repository/io/quarkus/quarkus-resteasy-reactive-jackson/3.3.3/quarkus-resteasy-reactive-jackson-3.3.3.jar:/Users/enricoconte/.m2/repository/io/quarkus/quarkus-resteasy-reactive/3.3.3/quarkus-resteasy-reactive-3.3.3.jar:/Users/enricoconte/.m2/repository/io/quarkus/quarkus-resteasy-reactive-common/3.3.3/quarkus-resteasy-reactive-common-3.3.3.jar:/Users/enricoconte/.m2/repository/io/quarkus/resteasy/reactive/resteasy-reactive-common/3.3.3/resteasy-reactive-common-3.3.3.jar:/Users/enricoconte/.m2/repository/io/quarkus/resteasy/reactive/resteasy-reactive-common-types/3.3.3/resteasy-reactive-common-types-3.3.3.jar:/Users/enricoconte/.m2/repository/org/reactivestreams/reactive-streams/1.0.4/reactive-streams-1.0.4.jar:/Users/enricoconte/.m2/repository/io/smallrye/reactive/mutiny-zero-flow-adapters/1.0.0/mutiny-zero-flow-adapters-1.0.0.jar:/Users/enricoconte/.m2/repository/io/quarkus/resteasy/reactive/resteasy-reactive-vertx/3.3.3/resteasy-reactive-vertx-3.3.3.jar:/Users/enricoconte/.m2/repository/io/quarkus/resteasy/reactive/resteasy-reactive/3.3.3/resteasy-reactive-3.3.3.jar:/Users/enricoconte/.m2/repository/jakarta/ws/rs/jakarta.ws.rs-api/3.1.0/jakarta.ws.rs-api-3.1.0.jar:/Users/enricoconte/.m2/repository/jakarta/xml/bind/jakarta.xml.bind-api/4.0.0/jakarta.xml.bind-api-4.0.0.jar:/Users/enricoconte/.m2/repository/io/quarkus/quarkus-virtual-threads/3.3.3/quarkus-virtual-threads-3.3.3.jar:/Users/enricoconte/.m2/repository/io/quarkus/quarkus-resteasy-reactive-jackson-common/3.3.3/quarkus-resteasy-reactive-jackson-common-3.3.3.jar:/Users/enricoconte/.m2/repository/io/quarkus/resteasy/reactive/resteasy-reactive-jackson/3.3.3/resteasy-reactive-jackson-3.3.3.jar:/Users/enricoconte/.m2/repository/io/quarkus/quarkus-jackson/3.3.3/quarkus-jackson-3.3.3.jar:/Users/enricoconte/.m2/repository/com/fasterxml/jackson/datatype/jackson-datatype-jsr310/2.15.2/jackson-datatype-jsr310-2.15.2.jar:/Users/enricoconte/.m2/repository/com/fasterxml/jackson/datatype/jackson-datatype-jdk8/2.15.2/jackson-datatype-jdk8-2.15.2.jar:/Users/enricoconte/.m2/repository/com/fasterxml/jackson/module/jackson-module-parameter-names/2.15.2/jackson-module-parameter-names-2.15.2.jar:/Users/enricoconte/.m2/repository/io/rest-assured/rest-assured/5.3.0/rest-assured-5.3.0.jar:/Users/enricoconte/.m2/repository/org/apache/groovy/groovy/4.0.6/groovy-4.0.6.jar:/Users/enricoconte/.m2/repository/org/apache/groovy/groovy-xml/4.0.6/groovy-xml-4.0.6.jar:/Users/enricoconte/.m2/repository/org/apache/httpcomponents/httpclient/4.5.14/httpclient-4.5.14.jar:/Users/enricoconte/.m2/repository/org/apache/httpcomponents/httpcore/4.4.16/httpcore-4.4.16.jar:/Users/enricoconte/.m2/repository/commons-codec/commons-codec/1.16.0/commons-codec-1.16.0.jar:/Users/enricoconte/.m2/repository/org/apache/httpcomponents/httpmime/4.5.14/httpmime-4.5.14.jar:/Users/enricoconte/.m2/repository/org/hamcrest/hamcrest/2.1/hamcrest-2.1.jar:/Users/enricoconte/.m2/repository/org/ccil/cowan/tagsoup/tagsoup/1.2.1/tagsoup-1.2.1.jar:/Users/enricoconte/.m2/repository/io/rest-assured/json-path/5.3.0/json-path-5.3.0.jar:/Users/enricoconte/.m2/repository/org/apache/groovy/groovy-json/4.0.6/groovy-json-4.0.6.jar:/Users/enricoconte/.m2/repository/io/rest-assured/rest-assured-common/5.3.0/rest-assured-common-5.3.0.jar:/Users/enricoconte/.m2/repository/io/rest-assured/xml-path/5.3.0/xml-path-5.3.0.jar:/Users/enricoconte/.m2/repository/org/apache/commons/commons-lang3/3.12.0/commons-lang3-3.12.0.jar:/Users/enricoconte/.m2/repository/io/quarkus/quarkus-junit5/3.3.3/quarkus-junit5-3.3.3.jar:/Users/enricoconte/.m2/repository/io/quarkus/quarkus-bootstrap-core/3.3.3/quarkus-bootstrap-core-3.3.3.jar:/Users/enricoconte/.m2/repository/io/quarkus/quarkus-bootstrap-app-model/3.3.3/quarkus-bootstrap-app-model-3.3.3.jar:/Users/enricoconte/.m2/repository/io/smallrye/common/smallrye-common-io/2.1.0/smallrye-common-io-2.1.0.jar:/Users/enricoconte/.m2/repository/org/eclipse/sisu/org.eclipse.sisu.inject/0.3.5/org.eclipse.sisu.inject-0.3.5.jar:/Users/enricoconte/.m2/repository/io/quarkus/quarkus-test-common/3.3.3/quarkus-test-common-3.3.3.jar:/Users/enricoconte/.m2/repository/io/quarkus/quarkus-core-deployment/3.3.3/quarkus-core-deployment-3.3.3.jar:/Users/enricoconte/.m2/repository/org/aesh/readline/2.4/readline-2.4.jar:/Users/enricoconte/.m2/repository/org/fusesource/jansi/jansi/2.4.0/jansi-2.4.0.jar:/Users/enricoconte/.m2/repository/org/aesh/aesh/2.7/aesh-2.7.jar:/Users/enricoconte/.m2/repository/io/quarkus/gizmo/gizmo/1.6.1.Final/gizmo-1.6.1.Final.jar:/Users/enricoconte/.m2/repository/org/ow2/asm/asm-util/9.5/asm-util-9.5.jar:/Users/enricoconte/.m2/repository/org/ow2/asm/asm-analysis/9.5/asm-analysis-9.5.jar:/Users/enricoconte/.m2/repository/org/ow2/asm/asm/9.5/asm-9.5.jar:/Users/enricoconte/.m2/repository/org/ow2/asm/asm-commons/9.5/asm-commons-9.5.jar:/Users/enricoconte/.m2/repository/org/ow2/asm/asm-tree/9.5/asm-tree-9.5.jar:/Users/enricoconte/.m2/repository/io/quarkus/quarkus-class-change-agent/3.3.3/quarkus-class-change-agent-3.3.3.jar:/Users/enricoconte/.m2/repository/io/quarkus/quarkus-devtools-utilities/3.3.3/quarkus-devtools-utilities-3.3.3.jar:/Users/enricoconte/.m2/repository/io/quarkus/quarkus-builder/3.3.3/quarkus-builder-3.3.3.jar:/Users/enricoconte/.m2/repository/org/graalvm/sdk/graal-sdk/23.0.1/graal-sdk-23.0.1.jar:/Users/enricoconte/.m2/repository/org/junit/platform/junit-platform-launcher/1.9.3/junit-platform-launcher-1.9.3.jar:/Users/enricoconte/.m2/repository/io/quarkus/quarkus-bootstrap-maven-resolver/3.3.3/quarkus-bootstrap-maven-resolver-3.3.3.jar:/Users/enricoconte/.m2/repository/io/smallrye/beanbag/smallrye-beanbag-maven/1.3.2/smallrye-beanbag-maven-1.3.2.jar:/Users/enricoconte/.m2/repository/io/smallrye/beanbag/smallrye-beanbag-sisu/1.3.2/smallrye-beanbag-sisu-1.3.2.jar:/Users/enricoconte/.m2/repository/io/smallrye/beanbag/smallrye-beanbag/1.3.2/smallrye-beanbag-1.3.2.jar:/Users/enricoconte/.m2/repository/javax/inject/javax.inject/1/javax.inject-1.jar:/Users/enricoconte/.m2/repository/org/apache/maven/maven-artifact/3.9.3/maven-artifact-3.9.3.jar:/Users/enricoconte/.m2/repository/org/apache/maven/maven-builder-support/3.9.3/maven-builder-support-3.9.3.jar:/Users/enricoconte/.m2/repository/org/apache/maven/maven-model/3.9.3/maven-model-3.9.3.jar:/Users/enricoconte/.m2/repository/org/apache/maven/maven-model-builder/3.9.3/maven-model-builder-3.9.3.jar:/Users/enricoconte/.m2/repository/org/apache/maven/maven-repository-metadata/3.9.3/maven-repository-metadata-3.9.3.jar:/Users/enricoconte/.m2/repository/org/apache/maven/maven-settings/3.9.3/maven-settings-3.9.3.jar:/Users/enricoconte/.m2/repository/org/apache/maven/resolver/maven-resolver-api/1.9.13/maven-resolver-api-1.9.13.jar:/Users/enricoconte/.m2/repository/org/apache/maven/resolver/maven-resolver-impl/1.9.13/maven-resolver-impl-1.9.13.jar:/Users/enricoconte/.m2/repository/org/apache/maven/resolver/maven-resolver-named-locks/1.9.13/maven-resolver-named-locks-1.9.13.jar:/Users/enricoconte/.m2/repository/org/apache/maven/resolver/maven-resolver-spi/1.9.13/maven-resolver-spi-1.9.13.jar:/Users/enricoconte/.m2/repository/org/apache/maven/resolver/maven-resolver-util/1.9.13/maven-resolver-util-1.9.13.jar:/Users/enricoconte/.m2/repository/org/apache/maven/resolver/maven-resolver-transport-http/1.9.10/maven-resolver-transport-http-1.9.10.jar:/Users/enricoconte/.m2/repository/org/apache/maven/wagon/wagon-provider-api/3.5.3/wagon-provider-api-3.5.3.jar:/Users/enricoconte/.m2/repository/org/apache/maven/wagon/wagon-http-shared/3.5.3/wagon-http-shared-3.5.3.jar:/Users/enricoconte/.m2/repository/org/codehaus/plexus/plexus-interpolation/1.26/plexus-interpolation-1.26.jar:/Users/enricoconte/.m2/repository/org/codehaus/plexus/plexus-utils/3.5.1/plexus-utils-3.5.1.jar:/Users/enricoconte/.m2/repository/org/codehaus/plexus/plexus-xml/4.0.0/plexus-xml-4.0.0.jar:/Users/enricoconte/.m2/repository/org/apache/maven/maven-xml-impl/4.0.0-alpha-5/maven-xml-impl-4.0.0-alpha-5.jar:/Users/enricoconte/.m2/repository/org/apache/maven/maven-api-xml/4.0.0-alpha-5/maven-api-xml-4.0.0-alpha-5.jar:/Users/enricoconte/.m2/repository/org/apache/maven/maven-api-meta/4.0.0-alpha-5/maven-api-meta-4.0.0-alpha-5.jar:/Users/enricoconte/.m2/repository/org/codehaus/plexus/plexus-cipher/2.0/plexus-cipher-2.0.jar:/Users/enricoconte/.m2/repository/org/codehaus/plexus/plexus-sec-dispatcher/2.0/plexus-sec-dispatcher-2.0.jar:/Users/enricoconte/.m2/repository/org/apache/maven/maven-embedder/3.9.3/maven-embedder-3.9.3.jar:/Users/enricoconte/.m2/repository/org/apache/maven/maven-core/3.9.3/maven-core-3.9.3.jar:/Users/enricoconte/.m2/repository/org/codehaus/plexus/plexus-component-annotations/2.1.0/plexus-component-annotations-2.1.0.jar:/Users/enricoconte/.m2/repository/org/apache/maven/maven-plugin-api/3.9.3/maven-plugin-api-3.9.3.jar:/Users/enricoconte/.m2/repository/org/apache/maven/shared/maven-shared-utils/3.3.4/maven-shared-utils-3.3.4.jar:/Users/enricoconte/.m2/repository/com/google/inject/guice/5.1.0/guice-5.1.0.jar:/Users/enricoconte/.m2/repository/aopalliance/aopalliance/1.0/aopalliance-1.0.jar:/Users/enricoconte/.m2/repository/com/google/guava/guava/32.1.1-jre/guava-32.1.1-jre.jar:/Users/enricoconte/.m2/repository/com/google/guava/failureaccess/1.0.1/failureaccess-1.0.1.jar:/Users/enricoconte/.m2/repository/javax/annotation/javax.annotation-api/1.3.2/javax.annotation-api-1.3.2.jar:/Users/enricoconte/.m2/repository/org/codehaus/plexus/plexus-classworlds/2.6.0/plexus-classworlds-2.6.0.jar:/Users/enricoconte/.m2/repository/commons-cli/commons-cli/1.5.0/commons-cli-1.5.0.jar:/Users/enricoconte/.m2/repository/org/eclipse/sisu/org.eclipse.sisu.plexus/0.3.5/org.eclipse.sisu.plexus-0.3.5.jar:/Users/enricoconte/.m2/repository/org/apache/maven/maven-settings-builder/3.9.3/maven-settings-builder-3.9.3.jar:/Users/enricoconte/.m2/repository/org/apache/maven/maven-resolver-provider/3.9.3/maven-resolver-provider-3.9.3.jar:/Users/enricoconte/.m2/repository/org/apache/maven/resolver/maven-resolver-connector-basic/1.9.13/maven-resolver-connector-basic-1.9.13.jar:/Users/enricoconte/.m2/repository/org/apache/maven/resolver/maven-resolver-transport-wagon/1.9.13/maven-resolver-transport-wagon-1.9.13.jar:/Users/enricoconte/.m2/repository/org/apache/maven/wagon/wagon-http/3.5.3/wagon-http-3.5.3.jar:/Users/enricoconte/.m2/repository/org/apache/maven/wagon/wagon-file/3.5.3/wagon-file-3.5.3.jar:/Users/enricoconte/.m2/repository/io/quarkus/quarkus-bootstrap-gradle-resolver/3.3.3/quarkus-bootstrap-gradle-resolver-3.3.3.jar:/Users/enricoconte/.m2/repository/io/smallrye/jandex/3.1.2/jandex-3.1.2.jar:/Users/enricoconte/.m2/repository/commons-io/commons-io/2.13.0/commons-io-2.13.0.jar:/Users/enricoconte/.m2/repository/io/quarkus/quarkus-junit5-properties/3.3.3/quarkus-junit5-properties-3.3.3.jar:/Users/enricoconte/.m2/repository/org/junit/jupiter/junit-jupiter/5.9.3/junit-jupiter-5.9.3.jar:/Users/enricoconte/.m2/repository/org/junit/jupiter/junit-jupiter-api/5.9.3/junit-jupiter-api-5.9.3.jar:/Users/enricoconte/.m2/repository/org/opentest4j/opentest4j/1.2.0/opentest4j-1.2.0.jar:/Users/enricoconte/.m2/repository/org/junit/platform/junit-platform-commons/1.9.3/junit-platform-commons-1.9.3.jar:/Users/enricoconte/.m2/repository/org/apiguardian/apiguardian-api/1.1.2/apiguardian-api-1.1.2.jar:/Users/enricoconte/.m2/repository/org/junit/jupiter/junit-jupiter-params/5.9.3/junit-jupiter-params-5.9.3.jar:/Users/enricoconte/.m2/repository/org/junit/jupiter/junit-jupiter-engine/5.9.3/junit-jupiter-engine-5.9.3.jar:/Users/enricoconte/.m2/repository/org/junit/platform/junit-platform-engine/1.9.3/junit-platform-engine-1.9.3.jar:/Users/enricoconte/.m2/repository/com/thoughtworks/xstream/xstream/1.4.20/xstream-1.4.20.jar:/Users/enricoconte/.m2/repository/io/github/x-stream/mxparser/1.2.2/mxparser-1.2.2.jar:/Users/enricoconte/.m2/repository/xmlpull/xmlpull/1.1.3.1/xmlpull-1.1.3.1.jar:/Users/enricoconte/.m2/repository/io/quarkus/quarkus-test-keycloak-server/3.3.3/quarkus-test-keycloak-server-3.3.3.jar:/Users/enricoconte/.m2/repository/org/keycloak/keycloak-adapter-core/22.0.1/keycloak-adapter-core-22.0.1.jar:/Users/enricoconte/.m2/repository/org/keycloak/keycloak-crypto-default/22.0.1/keycloak-crypto-default-22.0.1.jar:/Users/enricoconte/.m2/repository/org/keycloak/keycloak-server-spi/22.0.1/keycloak-server-spi-22.0.1.jar:/Users/enricoconte/.m2/repository/org/keycloak/keycloak-server-spi-private/22.0.1/keycloak-server-spi-private-22.0.1.jar:/Users/enricoconte/.m2/repository/org/bouncycastle/bcprov-jdk15on/1.70/bcprov-jdk15on-1.70.jar:/Users/enricoconte/.m2/repository/org/bouncycastle/bcpkix-jdk15on/1.70/bcpkix-jdk15on-1.70.jar:/Users/enricoconte/.m2/repository/org/bouncycastle/bcutil-jdk15on/1.70/bcutil-jdk15on-1.70.jar:/Users/enricoconte/.m2/repository/org/testcontainers/testcontainers/1.18.3/testcontainers-1.18.3.jar:/Users/enricoconte/.m2/repository/junit/junit/4.13.2/junit-4.13.2.jar:/Users/enricoconte/.m2/repository/org/apache/commons/commons-compress/1.23.0/commons-compress-1.23.0.jar:/Users/enricoconte/.m2/repository/org/rnorth/duct-tape/duct-tape/1.0.8/duct-tape-1.0.8.jar:/Users/enricoconte/.m2/repository/org/jetbrains/annotations/24.0.1/annotations-24.0.1.jar:/Users/enricoconte/.m2/repository/com/github/docker-java/docker-java-api/3.3.0/docker-java-api-3.3.0.jar:/Users/enricoconte/.m2/repository/com/github/docker-java/docker-java-transport-zerodep/3.3.0/docker-java-transport-zerodep-3.3.0.jar:/Users/enricoconte/.m2/repository/com/github/docker-java/docker-java-transport/3.3.0/docker-java-transport-3.3.0.jar:/Users/enricoconte/.m2/repository/net/java/dev/jna/jna/5.8.0/jna-5.8.0.jar:"/>
    <property name="sun.cpu.endian" value="little"/>
    <property name="vertx.disableWebsockets" value="true"/>
    <property name="user.home" value="/Users/enricoconte"/>
    <property name="user.language" value="en"/>
    <property name="jboss.log-version" value="false"/>
    <property name="java.specification.vendor" value="Oracle Corporation"/>
    <property name="io.netty.allocator.maxOrder" value="3"/>
    <property name="java.version.date" value="2023-04-18"/>
    <property name="java.home" value="/Users/enricoconte/Library/Java/JavaVirtualMachines/graalvm-community-openjdk-20.0.1+9.1/Contents/Home"/>
    <property name="file.separator" value="/"/>
    <property name="basedir" value="/Users/enricoconte/code/quarkus/quarkus-quickstarts/security-keycloak-authorization-quickstart"/>
    <property name="java.vm.compressedOopsMode" value="Zero based"/>
    <property name="jdk.internal.vm.ci.enabled" value="true"/>
    <property name="line.separator" value="&#10;"/>
    <property name="java.vm.specification.vendor" value="Oracle Corporation"/>
    <property name="java.specification.name" value="Java Platform API Specification"/>
    <property name="apple.awt.application.name" value="ForkedBooter"/>
    <property name="surefire.real.class.path" value="/Users/enricoconte/code/quarkus/quarkus-quickstarts/security-keycloak-authorization-quickstart/target/surefire/surefirebooter-20230920112303017_3.jar"/>
    <property name="sun.management.compiler" value="HotSpot 64-Bit Tiered Compilers"/>
    <property name="ftp.nonProxyHosts" value="local|*.local|169.254/16|*.169.254/16"/>
    <property name="java.runtime.version" value="20.0.1+9-jvmci-23.0-b12"/>
    <property name="user.name" value="enricoconte"/>
    <property name="stdout.encoding" value="UTF-8"/>
    <property name="path.separator" value=":"/>
    <property name="os.version" value="13.5.2"/>
    <property name="java.runtime.name" value="OpenJDK Runtime Environment"/>
    <property name="file.encoding" value="UTF-8"/>
    <property name="java.vm.name" value="OpenJDK 64-Bit Server VM"/>
    <property name="java.vendor.version" value="GraalVM CE 20.0.1+9.1"/>
    <property name="localRepository" value="/Users/enricoconte/.m2/repository"/>
    <property name="java.vendor.url.bug" value="https://github.com/oracle/graal/issues"/>
    <property name="java.io.tmpdir" value="/var/folders/1r/31737wgd32922yq0jms0qfxc0000gn/T/"/>
    <property name="quarkus.log.file.path" value="target/quarkus.log"/>
    <property name="java.version" value="20.0.1"/>
    <property name="java.util.concurrent.ForkJoinPool.common.threadFactory" value="io.quarkus.bootstrap.forkjoin.QuarkusForkJoinWorkerThreadFactory"/>
    <property name="user.dir" value="/Users/enricoconte/code/quarkus/quarkus-quickstarts/security-keycloak-authorization-quickstart"/>
    <property name="os.arch" value="aarch64"/>
    <property name="java.vm.specification.name" value="Java Virtual Machine Specification"/>
    <property name="vertx.disableDnsResolver" value="true"/>
    <property name="native.encoding" value="UTF-8"/>
    <property name="java.util.logging.manager" value="org.jboss.logmanager.LogManager"/>
    <property name="java.library.path" value="/Users/enricoconte/Library/Java/Extensions:/Library/Java/Extensions:/Network/Library/Java/Extensions:/System/Library/Java/Extensions:/usr/lib/java:."/>
    <property name="java.vm.info" value="mixed mode, sharing"/>
    <property name="stderr.encoding" value="UTF-8"/>
    <property name="java.vendor" value="GraalVM Community"/>
    <property name="vertx.disableTCCL" value="true"/>
    <property name="java.vm.version" value="20.0.1+9-jvmci-23.0-b12"/>
    <property name="sun.io.unicode.encoding" value="UnicodeBig"/>
    <property name="io.netty.machineId" value="6f:33:d0:22:94:cf:2f:eb"/>
    <property name="socksNonProxyHosts" value="local|*.local|169.254/16|*.169.254/16"/>
    <property name="java.class.version" value="64.0"/>
  </properties>
  <testcase name="testPublicResource" classname="org.acme.security.keycloak.authorization.PolicyEnforcerTest" time="0.317">
    <system-out><![CDATA[Downloading from central: https://repo1.maven.org/maven2/io/quarkus/quarkus-keycloak-authorization-deployment/3.3.3/quarkus-keycloak-authorization-deployment-3.3.3.pom
Progress (1): quarkus-keycloak-authorization-deployment-3.3.3.pom (1.4/3.2 kB)Progress (1): quarkus-keycloak-authorization-deployment-3.3.3.pom (2.7/3.2 kB)Progress (1): quarkus-keycloak-authorization-deployment-3.3.3.pom (3.2 kB)                                                                              Downloaded from central: https://repo1.maven.org/maven2/io/quarkus/quarkus-keycloak-authorization-deployment/3.3.3/quarkus-keycloak-authorization-deployment-3.3.3.pom (3.2 kB at 8.2 kB/s)
Downloading from central: https://repo1.maven.org/maven2/io/quarkus/quarkus-apache-httpclient-deployment/3.3.3/quarkus-apache-httpclient-deployment-3.3.3.pom
Progress (1): quarkus-apache-httpclient-deployment-3.3.3.pom (1.4/1.5 kB)Progress (1): quarkus-apache-httpclient-deployment-3.3.3.pom (1.5 kB)                                                                         Downloaded from central: https://repo1.maven.org/maven2/io/quarkus/quarkus-apache-httpclient-deployment/3.3.3/quarkus-apache-httpclient-deployment-3.3.3.pom (1.5 kB at 69 kB/s)
Downloading from central: https://repo1.maven.org/maven2/io/quarkus/quarkus-apache-httpclient-deployment/3.3.3/quarkus-apache-httpclient-deployment-3.3.3.jar
Progress (1): quarkus-apache-httpclient-deployment-3.3.3.jar (1.4/4.7 kB)Progress (1): quarkus-apache-httpclient-deployment-3.3.3.jar (2.7/4.7 kB)Progress (1): quarkus-apache-httpclient-deployment-3.3.3.jar (4.1/4.7 kB)Progress (1): quarkus-apache-httpclient-deployment-3.3.3.jar (4.7 kB)                                                                         Downloaded from central: https://repo1.maven.org/maven2/io/quarkus/quarkus-apache-httpclient-deployment/3.3.3/quarkus-apache-httpclient-deployment-3.3.3.jar (4.7 kB at 212 kB/s)
Downloading from central: https://repo1.maven.org/maven2/io/quarkus/quarkus-keycloak-authorization-deployment/3.3.3/quarkus-keycloak-authorization-deployment-3.3.3.jar
Progress (1): quarkus-keycloak-authorization-deployment-3.3.3.jar (1.4/9.6 kB)Progress (1): quarkus-keycloak-authorization-deployment-3.3.3.jar (2.7/9.6 kB)Progress (1): quarkus-keycloak-authorization-deployment-3.3.3.jar (4.1/9.6 kB)Progress (1): quarkus-keycloak-authorization-deployment-3.3.3.jar (5.5/9.6 kB)Progress (1): quarkus-keycloak-authorization-deployment-3.3.3.jar (6.9/9.6 kB)Progress (1): quarkus-keycloak-authorization-deployment-3.3.3.jar (8.2/9.6 kB)Progress (1): quarkus-keycloak-authorization-deployment-3.3.3.jar (9.6/9.6 kB)Progress (1): quarkus-keycloak-authorization-deployment-3.3.3.jar (9.6 kB)                                                                              Downloaded from central: https://repo1.maven.org/maven2/io/quarkus/quarkus-keycloak-authorization-deployment/3.3.3/quarkus-keycloak-authorization-deployment-3.3.3.jar (9.6 kB at 419 kB/s)
2023-09-20 11:23:07,322 INFO  [org.tes.doc.DockerClientProviderStrategy] (build-15) Loaded org.testcontainers.dockerclient.UnixSocketClientProviderStrategy from ~/.testcontainers.properties, will try it first
2023-09-20 11:23:07,434 INFO  [org.tes.doc.DockerClientProviderStrategy] (build-15) Found Docker environment with local Unix socket (unix:///var/run/docker.sock)
2023-09-20 11:23:07,435 INFO  [org.tes.DockerClientFactory] (build-15) Docker host IP address is localhost
2023-09-20 11:23:07,447 INFO  [org.tes.DockerClientFactory] (build-15) Connected to docker: 
  Server Version: 24.0.6
  API Version: 1.43
  Operating System: Docker Desktop
  Total Memory: 8944 MB
2023-09-20 11:23:07,455 INFO  [org.tes.uti.ImageNameSubstitutor] (build-15) Image name substitution will be performed by: DefaultImageNameSubstitutor (composite of 'ConfigurationFileImageNameSubstitutor' and 'PrefixingImageNameSubstitutor')
2023-09-20 11:23:07,457 INFO  [org.tes.DockerClientFactory] (build-15) Checking the system...
2023-09-20 11:23:07,457 INFO  [org.tes.DockerClientFactory] (build-15) ✔︎ Docker server version should be at least 1.6.0
2023-09-20 11:23:07,602 INFO  [io.qua.oid.dep.dev.key.KeycloakDevServicesProcessor] (build-15) Using Quarkus powered Keycloak distribution
2023-09-20 11:23:07,631 INFO  [tc.qua.io/.0.1] (build-15) Pulling docker image: quay.io/keycloak/keycloak:22.0.1. Please be patient; this may take some time but only needs to be done once.
2023-09-20 11:23:08,176 INFO  [org.tes.uti.RegistryAuthLocator] (build-15) Credential helper/store (docker-credential-desktop) does not have credentials for quay.io
2023-09-20 11:23:10,309 INFO  [tc.qua.io/.0.1] (docker-java-stream--149545091) Starting to pull image
2023-09-20 11:23:10,318 INFO  [tc.qua.io/.0.1] (docker-java-stream--149545091) Pulling image layers:  0 pending,  0 downloaded,  0 extracted, (0 bytes/0 bytes)
2023-09-20 11:23:11,936 INFO  [tc.qua.io/.0.1] (docker-java-stream--149545091) Pulling image layers:  3 pending,  1 downloaded,  0 extracted, (2 MB/? MB)
2023-09-20 11:23:12,549 INFO  [tc.qua.io/.0.1] (docker-java-stream--149545091) Pulling image layers:  3 pending,  1 downloaded,  1 extracted, (28 MB/? MB)
2023-09-20 11:23:12,758 INFO  [tc.qua.io/.0.1] (docker-java-stream--149545091) Pulling image layers:  2 pending,  2 downloaded,  1 extracted, (46 MB/? MB)
2023-09-20 11:23:13,865 INFO  [tc.qua.io/.0.1] (docker-java-stream--149545091) Pulling image layers:  1 pending,  3 downloaded,  1 extracted, (123 MB/? MB)
2023-09-20 11:23:15,531 INFO  [tc.qua.io/.0.1] (docker-java-stream--149545091) Pulling image layers:  1 pending,  3 downloaded,  2 extracted, (225 MB/? MB)
2023-09-20 11:23:15,853 INFO  [tc.qua.io/.0.1] (docker-java-stream--149545091) Pulling image layers:  0 pending,  4 downloaded,  2 extracted, (240 MB/247 MB)
2023-09-20 11:23:16,985 INFO  [tc.qua.io/.0.1] (docker-java-stream--149545091) Pulling image layers:  0 pending,  4 downloaded,  3 extracted, (247 MB/247 MB)
2023-09-20 11:23:16,992 INFO  [tc.qua.io/.0.1] (docker-java-stream--149545091) Pulling image layers:  0 pending,  4 downloaded,  4 extracted, (247 MB/247 MB)
2023-09-20 11:23:17,017 INFO  [tc.qua.io/.0.1] (docker-java-stream--149545091) Pull complete. 4 layers, pulled in 6s (downloaded 247 MB at 41 MB/s)
2023-09-20 11:23:17,081 INFO  [tc.qua.io/.0.1] (build-15) Creating container for image: quay.io/keycloak/keycloak:22.0.1
2023-09-20 11:23:17,089 INFO  [tc.tes.5.1] (build-15) Creating container for image: testcontainers/ryuk:0.5.1
2023-09-20 11:23:17,388 INFO  [org.tes.uti.RegistryAuthLocator] (build-15) Credential helper/store (docker-credential-desktop) does not have credentials for https://index.docker.io/v1/
2023-09-20 11:23:17,850 INFO  [tc.tes.5.1] (build-15) Container testcontainers/ryuk:0.5.1 is starting: 7e91c7243c251b85a54d68f489e66be2437b0965bca80efa1e33e7c767270b01
2023-09-20 11:23:18,199 INFO  [tc.tes.5.1] (build-15) Container testcontainers/ryuk:0.5.1 started in PT1.110603S
2023-09-20 11:23:18,338 INFO  [tc.qua.io/.0.1] (build-15) Container quay.io/keycloak/keycloak:22.0.1 is starting: 8b3026ae52682b58cc28f552fe473054bfef3f8c3fdaf06b619004d7fbadbf05
2023-09-20 11:23:29,116 INFO  [tc.qua.io/.0.1] (build-15) Container quay.io/keycloak/keycloak:22.0.1 started in PT21.512873S
2023-09-20 11:23:29,969 INFO  [io.qua.oid.dep.dev.key.KeycloakDevServicesProcessor] (build-15) Dev Services for Keycloak started.
2023-09-20 11:23:30,576 INFO  [org.key.ada.aut.PolicyEnforcer] (main) No path provided in configuration.
2023-09-20 11:23:30,576 INFO  [org.key.ada.aut.PolicyEnforcer] (main) Querying the server for all resources associated with this application.
2023-09-20 11:23:30,908 INFO  [io.quarkus] (main) security-keycloak-authorization-quickstart 1.0.0-SNAPSHOT on JVM (powered by Quarkus 3.3.3) started in 24.478s. Listening on: http://localhost:8081
2023-09-20 11:23:30,908 INFO  [io.quarkus] (main) Profile test activated. 
2023-09-20 11:23:30,908 INFO  [io.quarkus] (main) Installed features: [cdi, keycloak-authorization, oidc, resteasy-reactive, resteasy-reactive-jackson, security, smallrye-context-propagation, vertx]
]]></system-out>
  </testcase>
  <testcase name="testAccessUserResource" classname="org.acme.security.keycloak.authorization.PolicyEnforcerTest" time="0.312"/>
  <testcase name="testAccessAdminResource" classname="org.acme.security.keycloak.authorization.PolicyEnforcerTest" time="0.234"/>
</testsuite>